[ 2019-04-23T18:46:35+08:00 ] 172.17.20.138 47.101.202.143 GET /
[ log ] ecshop.nichousha.xyz/ [运行时间：0.010088s][吞吐率：99.13req/s] [内存消耗：723.66kb] [文件加载：58]
[ info ] [ LANG ] /data/wwwroot/default/ecshoptp5/thinkphp/lang/zh-cn.php
[ info ] [ BIND ] 'index'
[ info ] [ ROUTE ] array (
  'type' => 'module',
  'module' => 
  array (
    0 => 'index',
    1 => NULL,
    2 => NULL,
  ),
)
[ info ] [ HEADER ] array (
  'connection' => 'keep-alive',
  'accept' => 'text/html, image/gif, image/jpeg, *; q=.2, */*; q=.2',
  'host' => 'ecshop.nichousha.xyz',
  'user-agent' => 'Mozilla/5.0 (X11; Ubuntu; Linux x86_64; rv:36.0) Gecko/20100101 Firefox/36.0',
  'content-type' => '',
  'content-length' => '',
)
[ info ] [ PARAM ] array (
)
[ info ] [ RUN ] app\index\controller\Index->index[ /data/wwwroot/default/ecshoptp5/application/index/controller/Index.php ]
[ info ] [ DB ] INIT mysql
[ info ] [ SESSION ] INIT array (
  'id' => '',
  'var_session_id' => '',
  'prefix' => 'think',
  'type' => '',
  'auto_start' => true,
)
[ info ] [ VIEW ] /data/wwwroot/default/ecshoptp5/public/../application/index/view/index/index.html [ array (
  0 => 'controllerName',
  1 => 'getCateInfo',
  2 => 'Info',
  3 => 'cartCount',
  4 => 'cartInfo',
  5 => 'priceNum',
  6 => 'foolInfo',
) ]
[ info ] [ LOG ] INIT File
[ sql ] [ DB ] CONNECT:[ UseTime:0.000368s ] mysql:dbname=shop;host=127.0.0.1;port=3306;charset=utf8
[ sql ] [ SQL ] SHOW COLUMNS FROM `shop_category` [ RunTime:0.000579s ]
[ sql ] [ SQL ] SELECT * FROM `shop_category` WHERE  `cate_navshow` = 1 [ RunTime:0.000168s ]
[ sql ] [ SQL ] SELECT * FROM `shop_category` WHERE  `cate_show` = 1 [ RunTime:0.000143s ]
[ sql ] [ SQL ] SELECT * FROM `shop_category` WHERE  `cate_id` = 1 LIMIT 1 [ RunTime:0.000182s ]
[ sql ] [ SQL ] SELECT * FROM `shop_category` [ RunTime:0.000118s ]
[ sql ] [ SQL ] SELECT * FROM `shop_category` WHERE  `pid` = 1 [ RunTime:0.000166s ]
[ sql ] [ SQL ] SHOW COLUMNS FROM `shop_goods` [ RunTime:0.000578s ]
[ sql ] [ SQL ] SELECT * FROM `shop_goods` WHERE  `cate_id` IN (5,13,14,6,15) [ RunTime:0.000205s ]

---------------------------------------------------------------
[ 2019-04-23T18:51:41+08:00 ] 172.17.20.138 47.92.144.188 GET /
[ log ] ecshop.nichousha.xyz/ [运行时间：0.009502s][吞吐率：105.24req/s] [内存消耗：723.61kb] [文件加载：58]
[ info ] [ LANG ] /data/wwwroot/default/ecshoptp5/thinkphp/lang/zh-cn.php
[ info ] [ BIND ] 'index'
[ info ] [ ROUTE ] array (
  'type' => 'module',
  'module' => 
  array (
    0 => 'index',
    1 => NULL,
    2 => NULL,
  ),
)
[ info ] [ HEADER ] array (
  'connection' => 'keep-alive',
  'accept' => 'text/html, image/gif, image/jpeg, *; q=.2, */*; q=.2',
  'host' => 'ecshop.nichousha.xyz',
  'user-agent' => 'Mozilla/5.0 (Linux; Android 4.1.1; Nexus 7 Build/JRO03D))',
  'content-type' => '',
  'content-length' => '',
)
[ info ] [ PARAM ] array (
)
[ info ] [ RUN ] app\index\controller\Index->index[ /data/wwwroot/default/ecshoptp5/application/index/controller/Index.php ]
[ info ] [ DB ] INIT mysql
[ info ] [ SESSION ] INIT array (
  'id' => '',
  'var_session_id' => '',
  'prefix' => 'think',
  'type' => '',
  'auto_start' => true,
)
[ info ] [ VIEW ] /data/wwwroot/default/ecshoptp5/public/../application/index/view/index/index.html [ array (
  0 => 'controllerName',
  1 => 'getCateInfo',
  2 => 'Info',
  3 => 'cartCount',
  4 => 'cartInfo',
  5 => 'priceNum',
  6 => 'foolInfo',
) ]
[ info ] [ LOG ] INIT File
[ sql ] [ DB ] CONNECT:[ UseTime:0.000316s ] mysql:dbname=shop;host=127.0.0.1;port=3306;charset=utf8
[ sql ] [ SQL ] SHOW COLUMNS FROM `shop_category` [ RunTime:0.000562s ]
[ sql ] [ SQL ] SELECT * FROM `shop_category` WHERE  `cate_navshow` = 1 [ RunTime:0.000188s ]
[ sql ] [ SQL ] SELECT * FROM `shop_category` WHERE  `cate_show` = 1 [ RunTime:0.000142s ]
[ sql ] [ SQL ] SELECT * FROM `shop_category` WHERE  `cate_id` = 1 LIMIT 1 [ RunTime:0.000146s ]
[ sql ] [ SQL ] SELECT * FROM `shop_category` [ RunTime:0.000137s ]
[ sql ] [ SQL ] SELECT * FROM `shop_category` WHERE  `pid` = 1 [ RunTime:0.000127s ]
[ sql ] [ SQL ] SHOW COLUMNS FROM `shop_goods` [ RunTime:0.000502s ]
[ sql ] [ SQL ] SELECT * FROM `shop_goods` WHERE  `cate_id` IN (5,13,14,6,15) [ RunTime:0.000193s ]

---------------------------------------------------------------
[ 2019-04-23T21:08:49+08:00 ] 172.17.20.138 47.92.103.177 GET /
[ log ] ecshop.nichousha.xyz/ [运行时间：0.010940s][吞吐率：91.41req/s] [内存消耗：723.61kb] [文件加载：58]
[ info ] [ LANG ] /data/wwwroot/default/ecshoptp5/thinkphp/lang/zh-cn.php
[ info ] [ BIND ] 'index'
[ info ] [ ROUTE ] array (
  'type' => 'module',
  'module' => 
  array (
    0 => 'index',
    1 => NULL,
    2 => NULL,
  ),
)
[ info ] [ HEADER ] array (
  'connection' => 'keep-alive',
  'accept' => 'text/html, image/gif, image/jpeg, *; q=.2, */*; q=.2',
  'host' => 'ecshop.nichousha.xyz',
  'user-agent' => 'Mozilla/5.0 (Linux; Android 4.1.1; Nexus 7 Build/JRO03D))',
  'content-type' => '',
  'content-length' => '',
)
[ info ] [ PARAM ] array (
)
[ info ] [ RUN ] app\index\controller\Index->index[ /data/wwwroot/default/ecshoptp5/application/index/controller/Index.php ]
[ info ] [ DB ] INIT mysql
[ info ] [ SESSION ] INIT array (
  'id' => '',
  'var_session_id' => '',
  'prefix' => 'think',
  'type' => '',
  'auto_start' => true,
)
[ info ] [ VIEW ] /data/wwwroot/default/ecshoptp5/public/../application/index/view/index/index.html [ array (
  0 => 'controllerName',
  1 => 'getCateInfo',
  2 => 'Info',
  3 => 'cartCount',
  4 => 'cartInfo',
  5 => 'priceNum',
  6 => 'foolInfo',
) ]
[ info ] [ LOG ] INIT File
[ sql ] [ DB ] CONNECT:[ UseTime:0.000341s ] mysql:dbname=shop;host=127.0.0.1;port=3306;charset=utf8
[ sql ] [ SQL ] SHOW COLUMNS FROM `shop_category` [ RunTime:0.000621s ]
[ sql ] [ SQL ] SELECT * FROM `shop_category` WHERE  `cate_navshow` = 1 [ RunTime:0.000181s ]
[ sql ] [ SQL ] SELECT * FROM `shop_category` WHERE  `cate_show` = 1 [ RunTime:0.000168s ]
[ sql ] [ SQL ] SELECT * FROM `shop_category` WHERE  `cate_id` = 1 LIMIT 1 [ RunTime:0.000175s ]
[ sql ] [ SQL ] SELECT * FROM `shop_category` [ RunTime:0.000143s ]
[ sql ] [ SQL ] SELECT * FROM `shop_category` WHERE  `pid` = 1 [ RunTime:0.000115s ]
[ sql ] [ SQL ] SHOW COLUMNS FROM `shop_goods` [ RunTime:0.000553s ]
[ sql ] [ SQL ] SELECT * FROM `shop_goods` WHERE  `cate_id` IN (5,13,14,6,15) [ RunTime:0.000172s ]

---------------------------------------------------------------
