[ 2019-02-11T20:19:35+08:00 ] 127.0.0.1 127.0.0.1 GET /
[ log ] www.ecshoptp5.com/ [运行时间：2.091294s][吞吐率：0.48req/s] [内存消耗：2,376.13kb] [文件加载：57]
[ info ] [ LANG ] D:\phpStudy\WWW\1\ecshoptp5\thinkphp\lang\zh-cn.php
[ info ] [ BIND ] 'index'
[ info ] [ ROUTE ] array (
  'type' => 'module',
  'module' => 
  array (
    0 => 'index',
    1 => NULL,
    2 => NULL,
  ),
)
[ info ] [ HEADER ] array (
  'accept-language' => 'zh-CN,zh;q=0.9',
  'accept-encoding' => 'gzip, deflate',
  'accept' => 'text/html,application/xhtml+xml,application/xml;q=0.9,image/webp,image/apng,*/*;q=0.8',
  'user-agent' => 'Mozilla/5.0 (Windows NT 10.0; WOW64) AppleWebKit/537.36 (KHTML, like Gecko) Chrome/71.0.3578.98 Safari/537.36',
  'upgrade-insecure-requests' => '1',
  'connection' => 'close',
  'host' => 'www.ecshoptp5.com',
)
[ info ] [ PARAM ] array (
)
[ info ] [ RUN ] app\index\controller\Index->index[ D:\phpStudy\WWW\1\ecshoptp5\application\index\controller\Index.php ]
[ info ] [ DB ] INIT mysql
[ info ] [ VIEW ] D:\phpStudy\WWW\1\ecshoptp5\public/../application/index\view\index\index.html [ array (
  0 => 'controllerName',
  1 => 'getCateInfo',
  2 => 'Info',
  3 => 'foolInfo',
) ]
[ info ] [ LOG ] INIT File
[ sql ] [ DB ] CONNECT:[ UseTime:0.080072s ] mysql:dbname=shop;host=127.0.0.1;port=3306;charset=utf8
[ sql ] [ SQL ] SHOW COLUMNS FROM `shop_category` [ RunTime:0.061216s ]
[ sql ] [ SQL ] SELECT * FROM `shop_category` WHERE  `cate_navshow` = 1 [ RunTime:0.001328s ]
[ sql ] [ SQL ] SELECT * FROM `shop_category` WHERE  `cate_show` = 1 [ RunTime:0.000750s ]
[ sql ] [ SQL ] SELECT * FROM `shop_category` WHERE  `cate_id` = 1 LIMIT 1 [ RunTime:0.000728s ]
[ sql ] [ SQL ] SELECT * FROM `shop_category` [ RunTime:0.000708s ]
[ sql ] [ SQL ] SELECT * FROM `shop_category` WHERE  `pid` = 1 [ RunTime:0.000740s ]
[ sql ] [ SQL ] SHOW COLUMNS FROM `shop_goods` [ RunTime:0.044809s ]
[ sql ] [ SQL ] SELECT * FROM `shop_goods` WHERE  `cate_id` IN (5,6,7,8,9,10,11) [ RunTime:0.001158s ]

---------------------------------------------------------------
[ 2019-02-11T20:19:45+08:00 ] 127.0.0.1 127.0.0.1 GET /
[ log ] www.ecshoptp5.com/ [运行时间：0.121013s][吞吐率：8.26req/s] [内存消耗：2,376.17kb] [文件加载：57]
[ info ] [ LANG ] D:\phpStudy\WWW\1\ecshoptp5\thinkphp\lang\zh-cn.php
[ info ] [ BIND ] 'index'
[ info ] [ ROUTE ] array (
  'type' => 'module',
  'module' => 
  array (
    0 => 'index',
    1 => NULL,
    2 => NULL,
  ),
)
[ info ] [ HEADER ] array (
  'accept-language' => 'zh-CN,zh;q=0.9',
  'accept-encoding' => 'gzip, deflate',
  'accept' => 'text/html,application/xhtml+xml,application/xml;q=0.9,image/webp,image/apng,*/*;q=0.8',
  'user-agent' => 'Mozilla/5.0 (Windows NT 10.0; WOW64) AppleWebKit/537.36 (KHTML, like Gecko) Chrome/71.0.3578.98 Safari/537.36',
  'upgrade-insecure-requests' => '1',
  'cache-control' => 'max-age=0',
  'connection' => 'close',
  'host' => 'www.ecshoptp5.com',
)
[ info ] [ PARAM ] array (
)
[ info ] [ RUN ] app\index\controller\Index->index[ D:\phpStudy\WWW\1\ecshoptp5\application\index\controller\Index.php ]
[ info ] [ DB ] INIT mysql
[ info ] [ VIEW ] D:\phpStudy\WWW\1\ecshoptp5\public/../application/index\view\index\index.html [ array (
  0 => 'controllerName',
  1 => 'getCateInfo',
  2 => 'Info',
  3 => 'foolInfo',
) ]
[ info ] [ LOG ] INIT File
[ sql ] [ DB ] CONNECT:[ UseTime:0.003753s ] mysql:dbname=shop;host=127.0.0.1;port=3306;charset=utf8
[ sql ] [ SQL ] SHOW COLUMNS FROM `shop_category` [ RunTime:0.027779s ]
[ sql ] [ SQL ] SELECT * FROM `shop_category` WHERE  `cate_navshow` = 1 [ RunTime:0.000843s ]
[ sql ] [ SQL ] SELECT * FROM `shop_category` WHERE  `cate_show` = 1 [ RunTime:0.000905s ]
[ sql ] [ SQL ] SELECT * FROM `shop_category` WHERE  `cate_id` = 1 LIMIT 1 [ RunTime:0.000691s ]
[ sql ] [ SQL ] SELECT * FROM `shop_category` [ RunTime:0.000868s ]
[ sql ] [ SQL ] SELECT * FROM `shop_category` WHERE  `pid` = 1 [ RunTime:0.000731s ]
[ sql ] [ SQL ] SHOW COLUMNS FROM `shop_goods` [ RunTime:0.022916s ]
[ sql ] [ SQL ] SELECT * FROM `shop_goods` WHERE  `cate_id` IN (5,6,7,8,9,10,11) [ RunTime:0.000915s ]

---------------------------------------------------------------
[ 2019-02-11T20:20:32+08:00 ] 127.0.0.1 127.0.0.1 GET /index.php
[ log ] www.ecshoptp5.com/index.php [运行时间：0.135047s][吞吐率：7.40req/s] [内存消耗：2,376.10kb] [文件加载：57]
[ info ] [ LANG ] D:\phpStudy\WWW\1\ecshoptp5\thinkphp\lang\zh-cn.php
[ info ] [ BIND ] 'index'
[ info ] [ ROUTE ] array (
  'type' => 'module',
  'module' => 
  array (
    0 => 'index',
    1 => NULL,
    2 => NULL,
  ),
)
[ info ] [ HEADER ] array (
  'accept-language' => 'zh-CN,zh;q=0.9',
  'accept-encoding' => 'gzip, deflate',
  'accept' => 'text/html,application/xhtml+xml,application/xml;q=0.9,image/webp,image/apng,*/*;q=0.8',
  'user-agent' => 'Mozilla/5.0 (Windows NT 10.0; WOW64) AppleWebKit/537.36 (KHTML, like Gecko) Chrome/71.0.3578.98 Safari/537.36',
  'upgrade-insecure-requests' => '1',
  'connection' => 'close',
  'host' => 'www.ecshoptp5.com',
)
[ info ] [ PARAM ] array (
)
[ info ] [ RUN ] app\index\controller\Index->index[ D:\phpStudy\WWW\1\ecshoptp5\application\index\controller\Index.php ]
[ info ] [ DB ] INIT mysql
[ info ] [ VIEW ] D:\phpStudy\WWW\1\ecshoptp5\public/../application/index\view\index\index.html [ array (
  0 => 'controllerName',
  1 => 'getCateInfo',
  2 => 'Info',
  3 => 'foolInfo',
) ]
[ info ] [ LOG ] INIT File
[ sql ] [ DB ] CONNECT:[ UseTime:0.003651s ] mysql:dbname=shop;host=127.0.0.1;port=3306;charset=utf8
[ sql ] [ SQL ] SHOW COLUMNS FROM `shop_category` [ RunTime:0.028143s ]
[ sql ] [ SQL ] SELECT * FROM `shop_category` WHERE  `cate_navshow` = 1 [ RunTime:0.000801s ]
[ sql ] [ SQL ] SELECT * FROM `shop_category` WHERE  `cate_show` = 1 [ RunTime:0.000827s ]
[ sql ] [ SQL ] SELECT * FROM `shop_category` WHERE  `cate_id` = 1 LIMIT 1 [ RunTime:0.000851s ]
[ sql ] [ SQL ] SELECT * FROM `shop_category` [ RunTime:0.000979s ]
[ sql ] [ SQL ] SELECT * FROM `shop_category` WHERE  `pid` = 1 [ RunTime:0.001173s ]
[ sql ] [ SQL ] SHOW COLUMNS FROM `shop_goods` [ RunTime:0.021894s ]
[ sql ] [ SQL ] SELECT * FROM `shop_goods` WHERE  `cate_id` IN (5,6,7,8,9,10,11) [ RunTime:0.001019s ]

---------------------------------------------------------------
[ 2019-02-11T20:20:36+08:00 ] 127.0.0.1 127.0.0.1 POST /index.php/index/getfloorinfo.html
[ log ] www.ecshoptp5.com/index.php/index/getfloorinfo.html [运行时间：0.118189s][吞吐率：8.46req/s] [内存消耗：2,173.07kb] [文件加载：55]
[ info ] [ LANG ] D:\phpStudy\WWW\1\ecshoptp5\thinkphp\lang\zh-cn.php
[ info ] [ BIND ] 'index'
[ info ] [ ROUTE ] array (
  'type' => 'module',
  'module' => 
  array (
    0 => 'index',
    1 => 'index',
    2 => 'getfloorinfo',
  ),
)
[ info ] [ HEADER ] array (
  'accept-language' => 'zh-CN,zh;q=0.9',
  'accept-encoding' => 'gzip, deflate',
  'referer' => 'http://www.ecshoptp5.com/index.php',
  'content-type' => 'application/x-www-form-urlencoded; charset=UTF-8',
  'user-agent' => 'Mozilla/5.0 (Windows NT 10.0; WOW64) AppleWebKit/537.36 (KHTML, like Gecko) Chrome/71.0.3578.98 Safari/537.36',
  'x-requested-with' => 'XMLHttpRequest',
  'origin' => 'http://www.ecshoptp5.com',
  'accept' => '*/*',
  'content-length' => '21',
  'connection' => 'close',
  'host' => 'www.ecshoptp5.com',
)
[ info ] [ PARAM ] array (
  'cate_id' => '1',
  'floor_num' => '1',
)
[ info ] [ RUN ] app\index\controller\Index->getFloorInfo[ D:\phpStudy\WWW\1\ecshoptp5\application\index\controller\Index.php ]
[ info ] [ DB ] INIT mysql
[ info ] [ VIEW ] D:\phpStudy\WWW\1\ecshoptp5\public/../application/index\view\index\div.html [ array (
  0 => 'controllerName',
  1 => 'foolInfo',
  2 => 'floorNum',
) ]
[ info ] [ LOG ] INIT File
[ sql ] [ DB ] CONNECT:[ UseTime:0.003290s ] mysql:dbname=shop;host=127.0.0.1;port=3306;charset=utf8
[ sql ] [ SQL ] SHOW COLUMNS FROM `shop_category` [ RunTime:0.024879s ]
[ sql ] [ SQL ] SELECT `cate_id` FROM `shop_category` WHERE  `pid` = 0  AND `cate_id` > 1 ORDER BY `cate_id`  asc LIMIT 1 [ RunTime:0.000977s ]
[ sql ] [ SQL ] SELECT * FROM `shop_category` WHERE  `cate_id` = 2 LIMIT 1 [ RunTime:0.000725s ]
[ sql ] [ SQL ] SELECT * FROM `shop_category` [ RunTime:0.000860s ]
[ sql ] [ SQL ] SELECT * FROM `shop_category` WHERE  `pid` = 2 [ RunTime:0.000819s ]
[ sql ] [ SQL ] SHOW COLUMNS FROM `shop_goods` [ RunTime:0.020224s ]
[ sql ] [ SQL ] SELECT * FROM `shop_goods` WHERE  `cate_id` IN (12,13,36,29,31,32,33,30,34,35) [ RunTime:0.001004s ]

---------------------------------------------------------------
[ 2019-02-11T20:20:39+08:00 ] 127.0.0.1 127.0.0.1 POST /index.php/index/getfloorinfo.html
[ log ] www.ecshoptp5.com/index.php/index/getfloorinfo.html [运行时间：0.087181s][吞吐率：11.47req/s] [内存消耗：2,170.34kb] [文件加载：55]
[ info ] [ LANG ] D:\phpStudy\WWW\1\ecshoptp5\thinkphp\lang\zh-cn.php
[ info ] [ BIND ] 'index'
[ info ] [ ROUTE ] array (
  'type' => 'module',
  'module' => 
  array (
    0 => 'index',
    1 => 'index',
    2 => 'getfloorinfo',
  ),
)
[ info ] [ HEADER ] array (
  'accept-language' => 'zh-CN,zh;q=0.9',
  'accept-encoding' => 'gzip, deflate',
  'referer' => 'http://www.ecshoptp5.com/index.php',
  'content-type' => 'application/x-www-form-urlencoded; charset=UTF-8',
  'user-agent' => 'Mozilla/5.0 (Windows NT 10.0; WOW64) AppleWebKit/537.36 (KHTML, like Gecko) Chrome/71.0.3578.98 Safari/537.36',
  'x-requested-with' => 'XMLHttpRequest',
  'origin' => 'http://www.ecshoptp5.com',
  'accept' => '*/*',
  'content-length' => '21',
  'connection' => 'close',
  'host' => 'www.ecshoptp5.com',
)
[ info ] [ PARAM ] array (
  'cate_id' => '2',
  'floor_num' => '2',
)
[ info ] [ RUN ] app\index\controller\Index->getFloorInfo[ D:\phpStudy\WWW\1\ecshoptp5\application\index\controller\Index.php ]
[ info ] [ DB ] INIT mysql
[ info ] [ VIEW ] D:\phpStudy\WWW\1\ecshoptp5\public/../application/index\view\index\div.html [ array (
  0 => 'controllerName',
  1 => 'foolInfo',
  2 => 'floorNum',
) ]
[ info ] [ LOG ] INIT File
[ sql ] [ DB ] CONNECT:[ UseTime:0.003300s ] mysql:dbname=shop;host=127.0.0.1;port=3306;charset=utf8
[ sql ] [ SQL ] SHOW COLUMNS FROM `shop_category` [ RunTime:0.023626s ]
[ sql ] [ SQL ] SELECT `cate_id` FROM `shop_category` WHERE  `pid` = 0  AND `cate_id` > 2 ORDER BY `cate_id`  asc LIMIT 1 [ RunTime:0.000674s ]
[ sql ] [ SQL ] SELECT * FROM `shop_category` WHERE  `cate_id` = 3 LIMIT 1 [ RunTime:0.000692s ]
[ sql ] [ SQL ] SELECT * FROM `shop_category` [ RunTime:0.000802s ]
[ sql ] [ SQL ] SELECT * FROM `shop_category` WHERE  `pid` = 3 [ RunTime:0.000687s ]
[ sql ] [ SQL ] SHOW COLUMNS FROM `shop_goods` [ RunTime:0.019574s ]
[ sql ] [ SQL ] SELECT * FROM `shop_goods` WHERE  `cate_id` IN (14,15,21,22,16,17,23,18,19) [ RunTime:0.001017s ]

---------------------------------------------------------------
[ 2019-02-11T20:20:42+08:00 ] 127.0.0.1 127.0.0.1 POST /index.php/index/getfloorinfo.html
[ log ] www.ecshoptp5.com/index.php/index/getfloorinfo.html [运行时间：0.100705s][吞吐率：9.93req/s] [内存消耗：2,165.27kb] [文件加载：55]
[ info ] [ LANG ] D:\phpStudy\WWW\1\ecshoptp5\thinkphp\lang\zh-cn.php
[ info ] [ BIND ] 'index'
[ info ] [ ROUTE ] array (
  'type' => 'module',
  'module' => 
  array (
    0 => 'index',
    1 => 'index',
    2 => 'getfloorinfo',
  ),
)
[ info ] [ HEADER ] array (
  'accept-language' => 'zh-CN,zh;q=0.9',
  'accept-encoding' => 'gzip, deflate',
  'referer' => 'http://www.ecshoptp5.com/index.php',
  'content-type' => 'application/x-www-form-urlencoded; charset=UTF-8',
  'user-agent' => 'Mozilla/5.0 (Windows NT 10.0; WOW64) AppleWebKit/537.36 (KHTML, like Gecko) Chrome/71.0.3578.98 Safari/537.36',
  'x-requested-with' => 'XMLHttpRequest',
  'origin' => 'http://www.ecshoptp5.com',
  'accept' => '*/*',
  'content-length' => '21',
  'connection' => 'close',
  'host' => 'www.ecshoptp5.com',
)
[ info ] [ PARAM ] array (
  'cate_id' => '3',
  'floor_num' => '3',
)
[ info ] [ RUN ] app\index\controller\Index->getFloorInfo[ D:\phpStudy\WWW\1\ecshoptp5\application\index\controller\Index.php ]
[ info ] [ DB ] INIT mysql
[ info ] [ VIEW ] D:\phpStudy\WWW\1\ecshoptp5\public/../application/index\view\index\div.html [ array (
  0 => 'controllerName',
  1 => 'foolInfo',
  2 => 'floorNum',
) ]
[ info ] [ LOG ] INIT File
[ sql ] [ DB ] CONNECT:[ UseTime:0.003289s ] mysql:dbname=shop;host=127.0.0.1;port=3306;charset=utf8
[ sql ] [ SQL ] SHOW COLUMNS FROM `shop_category` [ RunTime:0.028911s ]
[ sql ] [ SQL ] SELECT `cate_id` FROM `shop_category` WHERE  `pid` = 0  AND `cate_id` > 3 ORDER BY `cate_id`  asc LIMIT 1 [ RunTime:0.000601s ]
[ sql ] [ SQL ] SELECT * FROM `shop_category` WHERE  `cate_id` = 4 LIMIT 1 [ RunTime:0.000569s ]
[ sql ] [ SQL ] SELECT * FROM `shop_category` [ RunTime:0.000691s ]
[ sql ] [ SQL ] SELECT * FROM `shop_category` WHERE  `pid` = 4 [ RunTime:0.000744s ]
[ sql ] [ SQL ] SHOW COLUMNS FROM `shop_goods` [ RunTime:0.021054s ]
[ sql ] [ SQL ] SELECT * FROM `shop_goods` WHERE  `cate_id` IN (20,37) [ RunTime:0.000852s ]

---------------------------------------------------------------
[ 2019-02-11T20:20:43+08:00 ] 127.0.0.1 127.0.0.1 POST /index.php/index/getfloorinfo.html
[ log ] www.ecshoptp5.com/index.php/index/getfloorinfo.html [运行时间：0.090759s][吞吐率：11.02req/s] [内存消耗：2,163.01kb] [文件加载：55]
[ info ] [ LANG ] D:\phpStudy\WWW\1\ecshoptp5\thinkphp\lang\zh-cn.php
[ info ] [ BIND ] 'index'
[ info ] [ ROUTE ] array (
  'type' => 'module',
  'module' => 
  array (
    0 => 'index',
    1 => 'index',
    2 => 'getfloorinfo',
  ),
)
[ info ] [ HEADER ] array (
  'accept-language' => 'zh-CN,zh;q=0.9',
  'accept-encoding' => 'gzip, deflate',
  'referer' => 'http://www.ecshoptp5.com/index.php',
  'content-type' => 'application/x-www-form-urlencoded; charset=UTF-8',
  'user-agent' => 'Mozilla/5.0 (Windows NT 10.0; WOW64) AppleWebKit/537.36 (KHTML, like Gecko) Chrome/71.0.3578.98 Safari/537.36',
  'x-requested-with' => 'XMLHttpRequest',
  'origin' => 'http://www.ecshoptp5.com',
  'accept' => '*/*',
  'content-length' => '21',
  'connection' => 'close',
  'host' => 'www.ecshoptp5.com',
)
[ info ] [ PARAM ] array (
  'cate_id' => '4',
  'floor_num' => '4',
)
[ info ] [ RUN ] app\index\controller\Index->getFloorInfo[ D:\phpStudy\WWW\1\ecshoptp5\application\index\controller\Index.php ]
[ info ] [ DB ] INIT mysql
[ info ] [ VIEW ] D:\phpStudy\WWW\1\ecshoptp5\public/../application/index\view\index\div.html [ array (
  0 => 'controllerName',
  1 => 'foolInfo',
  2 => 'floorNum',
) ]
[ info ] [ LOG ] INIT File
[ sql ] [ DB ] CONNECT:[ UseTime:0.003322s ] mysql:dbname=shop;host=127.0.0.1;port=3306;charset=utf8
[ sql ] [ SQL ] SHOW COLUMNS FROM `shop_category` [ RunTime:0.026258s ]
[ sql ] [ SQL ] SELECT `cate_id` FROM `shop_category` WHERE  `pid` = 0  AND `cate_id` > 4 ORDER BY `cate_id`  asc LIMIT 1 [ RunTime:0.001269s ]
[ sql ] [ SQL ] SELECT * FROM `shop_category` WHERE  `cate_id` = 24 LIMIT 1 [ RunTime:0.000599s ]
[ sql ] [ SQL ] SELECT * FROM `shop_category` [ RunTime:0.000708s ]
[ sql ] [ SQL ] SELECT * FROM `shop_category` WHERE  `pid` = 24 [ RunTime:0.000595s ]
[ sql ] [ SQL ] SHOW COLUMNS FROM `shop_goods` [ RunTime:0.019403s ]
[ sql ] [ SQL ] SELECT * FROM `shop_goods` WHERE  `cate_id` IN (25,28) [ RunTime:0.000921s ]

---------------------------------------------------------------
[ 2019-02-11T20:20:56+08:00 ] 127.0.0.1 127.0.0.1 GET /index.php/index/index.html
[ log ] www.ecshoptp5.com/index.php/index/index.html [运行时间：0.121884s][吞吐率：8.20req/s] [内存消耗：2,376.32kb] [文件加载：57]
[ info ] [ LANG ] D:\phpStudy\WWW\1\ecshoptp5\thinkphp\lang\zh-cn.php
[ info ] [ BIND ] 'index'
[ info ] [ ROUTE ] array (
  'type' => 'module',
  'module' => 
  array (
    0 => 'index',
    1 => 'index',
    2 => 'index',
  ),
)
[ info ] [ HEADER ] array (
  'accept-language' => 'zh-CN,zh;q=0.9',
  'accept-encoding' => 'gzip, deflate',
  'referer' => 'http://www.ecshoptp5.com/index.php',
  'accept' => 'text/html,application/xhtml+xml,application/xml;q=0.9,image/webp,image/apng,*/*;q=0.8',
  'user-agent' => 'Mozilla/5.0 (Windows NT 10.0; WOW64) AppleWebKit/537.36 (KHTML, like Gecko) Chrome/71.0.3578.98 Safari/537.36',
  'upgrade-insecure-requests' => '1',
  'connection' => 'close',
  'host' => 'www.ecshoptp5.com',
)
[ info ] [ PARAM ] array (
)
[ info ] [ RUN ] app\index\controller\Index->index[ D:\phpStudy\WWW\1\ecshoptp5\application\index\controller\Index.php ]
[ info ] [ DB ] INIT mysql
[ info ] [ VIEW ] D:\phpStudy\WWW\1\ecshoptp5\public/../application/index\view\index\index.html [ array (
  0 => 'controllerName',
  1 => 'getCateInfo',
  2 => 'Info',
  3 => 'foolInfo',
) ]
[ info ] [ LOG ] INIT File
[ sql ] [ DB ] CONNECT:[ UseTime:0.004312s ] mysql:dbname=shop;host=127.0.0.1;port=3306;charset=utf8
[ sql ] [ SQL ] SHOW COLUMNS FROM `shop_category` [ RunTime:0.025189s ]
[ sql ] [ SQL ] SELECT * FROM `shop_category` WHERE  `cate_navshow` = 1 [ RunTime:0.000821s ]
[ sql ] [ SQL ] SELECT * FROM `shop_category` WHERE  `cate_show` = 1 [ RunTime:0.000892s ]
[ sql ] [ SQL ] SELECT * FROM `shop_category` WHERE  `cate_id` = 1 LIMIT 1 [ RunTime:0.000723s ]
[ sql ] [ SQL ] SELECT * FROM `shop_category` [ RunTime:0.000820s ]
[ sql ] [ SQL ] SELECT * FROM `shop_category` WHERE  `pid` = 1 [ RunTime:0.000900s ]
[ sql ] [ SQL ] SHOW COLUMNS FROM `shop_goods` [ RunTime:0.021115s ]
[ sql ] [ SQL ] SELECT * FROM `shop_goods` WHERE  `cate_id` IN (5,6,7,8,9,10,11) [ RunTime:0.001123s ]

---------------------------------------------------------------
[ 2019-02-11T20:20:56+08:00 ] 127.0.0.1 127.0.0.1 GET /index.php/index/uploads/goodsLogo/20190121/b67d5d92a38bf0ef1e4de2a613bad35e.jpg
[ log ] www.ecshoptp5.com/index.php/index/uploads/goodsLogo/20190121/b67d5d92a38bf0ef1e4de2a613bad35e.jpg [运行时间：0.222459s][吞吐率：4.50req/s] [内存消耗：1,380.60kb] [文件加载：47]
[ info ] [ LANG ] D:\phpStudy\WWW\1\ecshoptp5\thinkphp\lang\zh-cn.php
[ info ] [ BIND ] 'index'
[ info ] [ ROUTE ] array (
  'type' => 'module',
  'module' => 
  array (
    0 => 'index',
    1 => 'index',
    2 => 'uploads',
  ),
)
[ info ] [ HEADER ] array (
  'accept-language' => 'zh-CN,zh;q=0.9',
  'accept-encoding' => 'gzip, deflate',
  'referer' => 'http://www.ecshoptp5.com/index.php/index/index.html',
  'accept' => 'image/webp,image/apng,image/*,*/*;q=0.8',
  'user-agent' => 'Mozilla/5.0 (Windows NT 10.0; WOW64) AppleWebKit/537.36 (KHTML, like Gecko) Chrome/71.0.3578.98 Safari/537.36',
  'connection' => 'close',
  'host' => 'www.ecshoptp5.com',
)
[ info ] [ PARAM ] array (
  'goodsLogo' => '20190121',
)
[ info ] [ LOG ] INIT File

---------------------------------------------------------------
[ 2019-02-11T20:20:56+08:00 ] 127.0.0.1 127.0.0.1 GET /index.php/index/Food.html
[ log ] www.ecshoptp5.com/index.php/index/Food.html [运行时间：0.039330s][吞吐率：25.43req/s] [内存消耗：1,380.29kb] [文件加载：47]
[ info ] [ LANG ] D:\phpStudy\WWW\1\ecshoptp5\thinkphp\lang\zh-cn.php
[ info ] [ BIND ] 'index'
[ info ] [ ROUTE ] array (
  'type' => 'module',
  'module' => 
  array (
    0 => 'index',
    1 => 'index',
    2 => 'Food',
  ),
)
[ info ] [ HEADER ] array (
  'accept-language' => 'zh-CN,zh;q=0.9',
  'accept-encoding' => 'gzip, deflate',
  'referer' => 'http://www.ecshoptp5.com/index.php/index/index.html',
  'accept' => 'text/html,application/xhtml+xml,application/xml;q=0.9,image/webp,image/apng,*/*;q=0.8',
  'user-agent' => 'Mozilla/5.0 (Windows NT 10.0; WOW64) AppleWebKit/537.36 (KHTML, like Gecko) Chrome/71.0.3578.98 Safari/537.36',
  'upgrade-insecure-requests' => '1',
  'connection' => 'close',
  'host' => 'www.ecshoptp5.com',
)
[ info ] [ PARAM ] array (
)
[ info ] [ LOG ] INIT File

---------------------------------------------------------------
[ 2019-02-11T20:20:59+08:00 ] 127.0.0.1 127.0.0.1 GET /index.php/index/uploads/goodsLogo/20190121/b67d5d92a38bf0ef1e4de2a613bad35e.jpg
[ log ] www.ecshoptp5.com/index.php/index/uploads/goodsLogo/20190121/b67d5d92a38bf0ef1e4de2a613bad35e.jpg [运行时间：0.039875s][吞吐率：25.08req/s] [内存消耗：1,380.60kb] [文件加载：47]
[ info ] [ LANG ] D:\phpStudy\WWW\1\ecshoptp5\thinkphp\lang\zh-cn.php
[ info ] [ BIND ] 'index'
[ info ] [ ROUTE ] array (
  'type' => 'module',
  'module' => 
  array (
    0 => 'index',
    1 => 'index',
    2 => 'uploads',
  ),
)
[ info ] [ HEADER ] array (
  'accept-language' => 'zh-CN,zh;q=0.9',
  'accept-encoding' => 'gzip, deflate',
  'referer' => 'http://www.ecshoptp5.com/index.php/index/index.html',
  'accept' => 'image/webp,image/apng,image/*,*/*;q=0.8',
  'user-agent' => 'Mozilla/5.0 (Windows NT 10.0; WOW64) AppleWebKit/537.36 (KHTML, like Gecko) Chrome/71.0.3578.98 Safari/537.36',
  'connection' => 'close',
  'host' => 'www.ecshoptp5.com',
)
[ info ] [ PARAM ] array (
  'goodsLogo' => '20190121',
)
[ info ] [ LOG ] INIT File

---------------------------------------------------------------
[ 2019-02-11T20:21:00+08:00 ] 127.0.0.1 127.0.0.1 GET /index.php/index/Food.html
[ log ] www.ecshoptp5.com/index.php/index/Food.html [运行时间：0.029961s][吞吐率：33.38req/s] [内存消耗：1,380.29kb] [文件加载：47]
[ info ] [ LANG ] D:\phpStudy\WWW\1\ecshoptp5\thinkphp\lang\zh-cn.php
[ info ] [ BIND ] 'index'
[ info ] [ ROUTE ] array (
  'type' => 'module',
  'module' => 
  array (
    0 => 'index',
    1 => 'index',
    2 => 'Food',
  ),
)
[ info ] [ HEADER ] array (
  'accept-language' => 'zh-CN,zh;q=0.9',
  'accept-encoding' => 'gzip, deflate',
  'referer' => 'http://www.ecshoptp5.com/index.php/index/index.html',
  'accept' => 'text/html,application/xhtml+xml,application/xml;q=0.9,image/webp,image/apng,*/*;q=0.8',
  'user-agent' => 'Mozilla/5.0 (Windows NT 10.0; WOW64) AppleWebKit/537.36 (KHTML, like Gecko) Chrome/71.0.3578.98 Safari/537.36',
  'upgrade-insecure-requests' => '1',
  'connection' => 'close',
  'host' => 'www.ecshoptp5.com',
)
[ info ] [ PARAM ] array (
)
[ info ] [ LOG ] INIT File

---------------------------------------------------------------
[ 2019-02-11T20:21:13+08:00 ] 127.0.0.1 127.0.0.1 GET /index.php/index/index.html
[ log ] www.ecshoptp5.com/index.php/index/index.html [运行时间：0.131492s][吞吐率：7.61req/s] [内存消耗：2,376.73kb] [文件加载：57]
[ info ] [ LANG ] D:\phpStudy\WWW\1\ecshoptp5\thinkphp\lang\zh-cn.php
[ info ] [ BIND ] 'index'
[ info ] [ ROUTE ] array (
  'type' => 'module',
  'module' => 
  array (
    0 => 'index',
    1 => 'index',
    2 => 'index',
  ),
)
[ info ] [ HEADER ] array (
  'accept-language' => 'zh-CN,zh;q=0.9',
  'accept-encoding' => 'gzip, deflate',
  'referer' => 'http://www.ecshoptp5.com/index.php',
  'accept' => 'text/html,application/xhtml+xml,application/xml;q=0.9,image/webp,image/apng,*/*;q=0.8',
  'user-agent' => 'Mozilla/5.0 (Windows NT 10.0; WOW64) AppleWebKit/537.36 (KHTML, like Gecko) Chrome/71.0.3578.98 Safari/537.36',
  'upgrade-insecure-requests' => '1',
  'cache-control' => 'max-age=0',
  'connection' => 'close',
  'host' => 'www.ecshoptp5.com',
)
[ info ] [ PARAM ] array (
)
[ info ] [ RUN ] app\index\controller\Index->index[ D:\phpStudy\WWW\1\ecshoptp5\application\index\controller\Index.php ]
[ info ] [ DB ] INIT mysql
[ info ] [ VIEW ] D:\phpStudy\WWW\1\ecshoptp5\public/../application/index\view\index\index.html [ array (
  0 => 'controllerName',
  1 => 'getCateInfo',
  2 => 'Info',
  3 => 'foolInfo',
) ]
[ info ] [ LOG ] INIT File
[ sql ] [ DB ] CONNECT:[ UseTime:0.003549s ] mysql:dbname=shop;host=127.0.0.1;port=3306;charset=utf8
[ sql ] [ SQL ] SHOW COLUMNS FROM `shop_category` [ RunTime:0.028146s ]
[ sql ] [ SQL ] SELECT * FROM `shop_category` WHERE  `cate_navshow` = 1 [ RunTime:0.000988s ]
[ sql ] [ SQL ] SELECT * FROM `shop_category` WHERE  `cate_show` = 1 [ RunTime:0.000932s ]
[ sql ] [ SQL ] SELECT * FROM `shop_category` WHERE  `cate_id` = 1 LIMIT 1 [ RunTime:0.000861s ]
[ sql ] [ SQL ] SELECT * FROM `shop_category` [ RunTime:0.000945s ]
[ sql ] [ SQL ] SELECT * FROM `shop_category` WHERE  `pid` = 1 [ RunTime:0.000823s ]
[ sql ] [ SQL ] SHOW COLUMNS FROM `shop_goods` [ RunTime:0.021425s ]
[ sql ] [ SQL ] SELECT * FROM `shop_goods` WHERE  `cate_id` IN (5,6,7,8,9,10,11) [ RunTime:0.001080s ]

---------------------------------------------------------------
[ 2019-02-11T20:21:14+08:00 ] 127.0.0.1 127.0.0.1 GET /index.php/index/uploads/goodsLogo/20190121/b67d5d92a38bf0ef1e4de2a613bad35e.jpg
[ log ] www.ecshoptp5.com/index.php/index/uploads/goodsLogo/20190121/b67d5d92a38bf0ef1e4de2a613bad35e.jpg [运行时间：0.042581s][吞吐率：23.48req/s] [内存消耗：1,380.60kb] [文件加载：47]
[ info ] [ LANG ] D:\phpStudy\WWW\1\ecshoptp5\thinkphp\lang\zh-cn.php
[ info ] [ BIND ] 'index'
[ info ] [ ROUTE ] array (
  'type' => 'module',
  'module' => 
  array (
    0 => 'index',
    1 => 'index',
    2 => 'uploads',
  ),
)
[ info ] [ HEADER ] array (
  'accept-language' => 'zh-CN,zh;q=0.9',
  'accept-encoding' => 'gzip, deflate',
  'referer' => 'http://www.ecshoptp5.com/index.php/index/index.html',
  'accept' => 'image/webp,image/apng,image/*,*/*;q=0.8',
  'user-agent' => 'Mozilla/5.0 (Windows NT 10.0; WOW64) AppleWebKit/537.36 (KHTML, like Gecko) Chrome/71.0.3578.98 Safari/537.36',
  'connection' => 'close',
  'host' => 'www.ecshoptp5.com',
)
[ info ] [ PARAM ] array (
  'goodsLogo' => '20190121',
)
[ info ] [ LOG ] INIT File

---------------------------------------------------------------
[ 2019-02-11T20:21:16+08:00 ] 127.0.0.1 127.0.0.1 POST /index.php/index/getfloorinfo.html
[ log ] www.ecshoptp5.com/index.php/index/getfloorinfo.html [运行时间：0.094308s][吞吐率：10.60req/s] [内存消耗：2,173.09kb] [文件加载：55]
[ info ] [ LANG ] D:\phpStudy\WWW\1\ecshoptp5\thinkphp\lang\zh-cn.php
[ info ] [ BIND ] 'index'
[ info ] [ ROUTE ] array (
  'type' => 'module',
  'module' => 
  array (
    0 => 'index',
    1 => 'index',
    2 => 'getfloorinfo',
  ),
)
[ info ] [ HEADER ] array (
  'accept-language' => 'zh-CN,zh;q=0.9',
  'accept-encoding' => 'gzip, deflate',
  'referer' => 'http://www.ecshoptp5.com/index.php/index/index.html',
  'content-type' => 'application/x-www-form-urlencoded; charset=UTF-8',
  'user-agent' => 'Mozilla/5.0 (Windows NT 10.0; WOW64) AppleWebKit/537.36 (KHTML, like Gecko) Chrome/71.0.3578.98 Safari/537.36',
  'x-requested-with' => 'XMLHttpRequest',
  'origin' => 'http://www.ecshoptp5.com',
  'accept' => '*/*',
  'content-length' => '21',
  'connection' => 'close',
  'host' => 'www.ecshoptp5.com',
)
[ info ] [ PARAM ] array (
  'cate_id' => '1',
  'floor_num' => '1',
)
[ info ] [ RUN ] app\index\controller\Index->getFloorInfo[ D:\phpStudy\WWW\1\ecshoptp5\application\index\controller\Index.php ]
[ info ] [ DB ] INIT mysql
[ info ] [ VIEW ] D:\phpStudy\WWW\1\ecshoptp5\public/../application/index\view\index\div.html [ array (
  0 => 'controllerName',
  1 => 'foolInfo',
  2 => 'floorNum',
) ]
[ info ] [ LOG ] INIT File
[ sql ] [ DB ] CONNECT:[ UseTime:0.003256s ] mysql:dbname=shop;host=127.0.0.1;port=3306;charset=utf8
[ sql ] [ SQL ] SHOW COLUMNS FROM `shop_category` [ RunTime:0.026559s ]
[ sql ] [ SQL ] SELECT `cate_id` FROM `shop_category` WHERE  `pid` = 0  AND `cate_id` > 1 ORDER BY `cate_id`  asc LIMIT 1 [ RunTime:0.000578s ]
[ sql ] [ SQL ] SELECT * FROM `shop_category` WHERE  `cate_id` = 2 LIMIT 1 [ RunTime:0.000586s ]
[ sql ] [ SQL ] SELECT * FROM `shop_category` [ RunTime:0.000860s ]
[ sql ] [ SQL ] SELECT * FROM `shop_category` WHERE  `pid` = 2 [ RunTime:0.000654s ]
[ sql ] [ SQL ] SHOW COLUMNS FROM `shop_goods` [ RunTime:0.020595s ]
[ sql ] [ SQL ] SELECT * FROM `shop_goods` WHERE  `cate_id` IN (12,13,36,29,31,32,33,30,34,35) [ RunTime:0.000872s ]

---------------------------------------------------------------
[ 2019-02-11T20:21:16+08:00 ] 127.0.0.1 127.0.0.1 GET /index.php/index/uploads/goodsLogo/20190118/b065b25e89e489ef5444c977fdd2dc74.jpg
[ log ] www.ecshoptp5.com/index.php/index/uploads/goodsLogo/20190118/b065b25e89e489ef5444c977fdd2dc74.jpg [运行时间：0.042921s][吞吐率：23.30req/s] [内存消耗：1,380.60kb] [文件加载：47]
[ info ] [ LANG ] D:\phpStudy\WWW\1\ecshoptp5\thinkphp\lang\zh-cn.php
[ info ] [ BIND ] 'index'
[ info ] [ ROUTE ] array (
  'type' => 'module',
  'module' => 
  array (
    0 => 'index',
    1 => 'index',
    2 => 'uploads',
  ),
)
[ info ] [ HEADER ] array (
  'accept-language' => 'zh-CN,zh;q=0.9',
  'accept-encoding' => 'gzip, deflate',
  'referer' => 'http://www.ecshoptp5.com/index.php/index/index.html',
  'accept' => 'image/webp,image/apng,image/*,*/*;q=0.8',
  'user-agent' => 'Mozilla/5.0 (Windows NT 10.0; WOW64) AppleWebKit/537.36 (KHTML, like Gecko) Chrome/71.0.3578.98 Safari/537.36',
  'connection' => 'close',
  'host' => 'www.ecshoptp5.com',
)
[ info ] [ PARAM ] array (
  'goodsLogo' => '20190118',
)
[ info ] [ LOG ] INIT File

---------------------------------------------------------------
[ 2019-02-11T20:21:17+08:00 ] 127.0.0.1 127.0.0.1 GET /index.php/index/uploads/goodsLogo/20190118/191c394912a5350c910c3600aee596e5.jpg
[ log ] www.ecshoptp5.com/index.php/index/uploads/goodsLogo/20190118/191c394912a5350c910c3600aee596e5.jpg [运行时间：0.033595s][吞吐率：29.77req/s] [内存消耗：1,380.60kb] [文件加载：47]
[ info ] [ LANG ] D:\phpStudy\WWW\1\ecshoptp5\thinkphp\lang\zh-cn.php
[ info ] [ BIND ] 'index'
[ info ] [ ROUTE ] array (
  'type' => 'module',
  'module' => 
  array (
    0 => 'index',
    1 => 'index',
    2 => 'uploads',
  ),
)
[ info ] [ HEADER ] array (
  'accept-language' => 'zh-CN,zh;q=0.9',
  'accept-encoding' => 'gzip, deflate',
  'referer' => 'http://www.ecshoptp5.com/index.php/index/index.html',
  'accept' => 'image/webp,image/apng,image/*,*/*;q=0.8',
  'user-agent' => 'Mozilla/5.0 (Windows NT 10.0; WOW64) AppleWebKit/537.36 (KHTML, like Gecko) Chrome/71.0.3578.98 Safari/537.36',
  'connection' => 'close',
  'host' => 'www.ecshoptp5.com',
)
[ info ] [ PARAM ] array (
  'goodsLogo' => '20190118',
)
[ info ] [ LOG ] INIT File

---------------------------------------------------------------
[ 2019-02-11T20:21:17+08:00 ] 127.0.0.1 127.0.0.1 GET /index.php/index/uploads/goodsLogo/20190118/fcb4c2d87df732016ada34dbda38ab94.jpg
[ log ] www.ecshoptp5.com/index.php/index/uploads/goodsLogo/20190118/fcb4c2d87df732016ada34dbda38ab94.jpg [运行时间：0.055266s][吞吐率：18.09req/s] [内存消耗：1,380.60kb] [文件加载：47]
[ info ] [ LANG ] D:\phpStudy\WWW\1\ecshoptp5\thinkphp\lang\zh-cn.php
[ info ] [ BIND ] 'index'
[ info ] [ ROUTE ] array (
  'type' => 'module',
  'module' => 
  array (
    0 => 'index',
    1 => 'index',
    2 => 'uploads',
  ),
)
[ info ] [ HEADER ] array (
  'accept-language' => 'zh-CN,zh;q=0.9',
  'accept-encoding' => 'gzip, deflate',
  'referer' => 'http://www.ecshoptp5.com/index.php/index/index.html',
  'accept' => 'image/webp,image/apng,image/*,*/*;q=0.8',
  'user-agent' => 'Mozilla/5.0 (Windows NT 10.0; WOW64) AppleWebKit/537.36 (KHTML, like Gecko) Chrome/71.0.3578.98 Safari/537.36',
  'connection' => 'close',
  'host' => 'www.ecshoptp5.com',
)
[ info ] [ PARAM ] array (
  'goodsLogo' => '20190118',
)
[ info ] [ LOG ] INIT File

---------------------------------------------------------------
[ 2019-02-11T20:21:19+08:00 ] 127.0.0.1 127.0.0.1 POST /index.php/index/getfloorinfo.html
[ log ] www.ecshoptp5.com/index.php/index/getfloorinfo.html [运行时间：0.139657s][吞吐率：7.16req/s] [内存消耗：2,170.37kb] [文件加载：55]
[ info ] [ LANG ] D:\phpStudy\WWW\1\ecshoptp5\thinkphp\lang\zh-cn.php
[ info ] [ BIND ] 'index'
[ info ] [ ROUTE ] array (
  'type' => 'module',
  'module' => 
  array (
    0 => 'index',
    1 => 'index',
    2 => 'getfloorinfo',
  ),
)
[ info ] [ HEADER ] array (
  'accept-language' => 'zh-CN,zh;q=0.9',
  'accept-encoding' => 'gzip, deflate',
  'referer' => 'http://www.ecshoptp5.com/index.php/index/index.html',
  'content-type' => 'application/x-www-form-urlencoded; charset=UTF-8',
  'user-agent' => 'Mozilla/5.0 (Windows NT 10.0; WOW64) AppleWebKit/537.36 (KHTML, like Gecko) Chrome/71.0.3578.98 Safari/537.36',
  'x-requested-with' => 'XMLHttpRequest',
  'origin' => 'http://www.ecshoptp5.com',
  'accept' => '*/*',
  'content-length' => '21',
  'connection' => 'close',
  'host' => 'www.ecshoptp5.com',
)
[ info ] [ PARAM ] array (
  'cate_id' => '2',
  'floor_num' => '2',
)
[ info ] [ RUN ] app\index\controller\Index->getFloorInfo[ D:\phpStudy\WWW\1\ecshoptp5\application\index\controller\Index.php ]
[ info ] [ DB ] INIT mysql
[ info ] [ VIEW ] D:\phpStudy\WWW\1\ecshoptp5\public/../application/index\view\index\div.html [ array (
  0 => 'controllerName',
  1 => 'foolInfo',
  2 => 'floorNum',
) ]
[ info ] [ LOG ] INIT File
[ sql ] [ DB ] CONNECT:[ UseTime:0.051166s ] mysql:dbname=shop;host=127.0.0.1;port=3306;charset=utf8
[ sql ] [ SQL ] SHOW COLUMNS FROM `shop_category` [ RunTime:0.023315s ]
[ sql ] [ SQL ] SELECT `cate_id` FROM `shop_category` WHERE  `pid` = 0  AND `cate_id` > 2 ORDER BY `cate_id`  asc LIMIT 1 [ RunTime:0.000758s ]
[ sql ] [ SQL ] SELECT * FROM `shop_category` WHERE  `cate_id` = 3 LIMIT 1 [ RunTime:0.000758s ]
[ sql ] [ SQL ] SELECT * FROM `shop_category` [ RunTime:0.000891s ]
[ sql ] [ SQL ] SELECT * FROM `shop_category` WHERE  `pid` = 3 [ RunTime:0.000777s ]
[ sql ] [ SQL ] SHOW COLUMNS FROM `shop_goods` [ RunTime:0.019869s ]
[ sql ] [ SQL ] SELECT * FROM `shop_goods` WHERE  `cate_id` IN (14,15,21,22,16,17,23,18,19) [ RunTime:0.000931s ]

---------------------------------------------------------------
[ 2019-02-11T20:21:19+08:00 ] 127.0.0.1 127.0.0.1 GET /index.php/index/uploads/goodsLogo/20190118/e1dedca49cfbe96b3f8963f67462275a.jpg
[ log ] www.ecshoptp5.com/index.php/index/uploads/goodsLogo/20190118/e1dedca49cfbe96b3f8963f67462275a.jpg [运行时间：0.047424s][吞吐率：21.09req/s] [内存消耗：1,380.60kb] [文件加载：47]
[ info ] [ LANG ] D:\phpStudy\WWW\1\ecshoptp5\thinkphp\lang\zh-cn.php
[ info ] [ BIND ] 'index'
[ info ] [ ROUTE ] array (
  'type' => 'module',
  'module' => 
  array (
    0 => 'index',
    1 => 'index',
    2 => 'uploads',
  ),
)
[ info ] [ HEADER ] array (
  'accept-language' => 'zh-CN,zh;q=0.9',
  'accept-encoding' => 'gzip, deflate',
  'referer' => 'http://www.ecshoptp5.com/index.php/index/index.html',
  'accept' => 'image/webp,image/apng,image/*,*/*;q=0.8',
  'user-agent' => 'Mozilla/5.0 (Windows NT 10.0; WOW64) AppleWebKit/537.36 (KHTML, like Gecko) Chrome/71.0.3578.98 Safari/537.36',
  'connection' => 'close',
  'host' => 'www.ecshoptp5.com',
)
[ info ] [ PARAM ] array (
  'goodsLogo' => '20190118',
)
[ info ] [ LOG ] INIT File

---------------------------------------------------------------
[ 2019-02-11T20:21:19+08:00 ] 127.0.0.1 127.0.0.1 GET /index.php/index/uploads/goodsLogo/20190118/09e0abdc8a9448145f031bd80fae543b.gif
[ log ] www.ecshoptp5.com/index.php/index/uploads/goodsLogo/20190118/09e0abdc8a9448145f031bd80fae543b.gif [运行时间：0.047564s][吞吐率：21.02req/s] [内存消耗：1,380.60kb] [文件加载：47]
[ info ] [ LANG ] D:\phpStudy\WWW\1\ecshoptp5\thinkphp\lang\zh-cn.php
[ info ] [ BIND ] 'index'
[ info ] [ ROUTE ] array (
  'type' => 'module',
  'module' => 
  array (
    0 => 'index',
    1 => 'index',
    2 => 'uploads',
  ),
)
[ info ] [ HEADER ] array (
  'accept-language' => 'zh-CN,zh;q=0.9',
  'accept-encoding' => 'gzip, deflate',
  'referer' => 'http://www.ecshoptp5.com/index.php/index/index.html',
  'accept' => 'image/webp,image/apng,image/*,*/*;q=0.8',
  'user-agent' => 'Mozilla/5.0 (Windows NT 10.0; WOW64) AppleWebKit/537.36 (KHTML, like Gecko) Chrome/71.0.3578.98 Safari/537.36',
  'connection' => 'close',
  'host' => 'www.ecshoptp5.com',
)
[ info ] [ PARAM ] array (
  'goodsLogo' => '20190118',
)
[ info ] [ LOG ] INIT File

---------------------------------------------------------------
[ 2019-02-11T20:21:35+08:00 ] 127.0.0.1 127.0.0.1 GET /index.php
[ log ] www.ecshoptp5.com/index.php [运行时间：0.126152s][吞吐率：7.93req/s] [内存消耗：2,376.10kb] [文件加载：57]
[ info ] [ LANG ] D:\phpStudy\WWW\1\ecshoptp5\thinkphp\lang\zh-cn.php
[ info ] [ BIND ] 'index'
[ info ] [ ROUTE ] array (
  'type' => 'module',
  'module' => 
  array (
    0 => 'index',
    1 => NULL,
    2 => NULL,
  ),
)
[ info ] [ HEADER ] array (
  'accept-language' => 'zh-CN,zh;q=0.9',
  'accept-encoding' => 'gzip, deflate',
  'accept' => 'text/html,application/xhtml+xml,application/xml;q=0.9,image/webp,image/apng,*/*;q=0.8',
  'user-agent' => 'Mozilla/5.0 (Windows NT 10.0; WOW64) AppleWebKit/537.36 (KHTML, like Gecko) Chrome/71.0.3578.98 Safari/537.36',
  'upgrade-insecure-requests' => '1',
  'connection' => 'close',
  'host' => 'www.ecshoptp5.com',
)
[ info ] [ PARAM ] array (
)
[ info ] [ RUN ] app\index\controller\Index->index[ D:\phpStudy\WWW\1\ecshoptp5\application\index\controller\Index.php ]
[ info ] [ DB ] INIT mysql
[ info ] [ VIEW ] D:\phpStudy\WWW\1\ecshoptp5\public/../application/index\view\index\index.html [ array (
  0 => 'controllerName',
  1 => 'getCateInfo',
  2 => 'Info',
  3 => 'foolInfo',
) ]
[ info ] [ LOG ] INIT File
[ sql ] [ DB ] CONNECT:[ UseTime:0.004312s ] mysql:dbname=shop;host=127.0.0.1;port=3306;charset=utf8
[ sql ] [ SQL ] SHOW COLUMNS FROM `shop_category` [ RunTime:0.030391s ]
[ sql ] [ SQL ] SELECT * FROM `shop_category` WHERE  `cate_navshow` = 1 [ RunTime:0.000859s ]
[ sql ] [ SQL ] SELECT * FROM `shop_category` WHERE  `cate_show` = 1 [ RunTime:0.000909s ]
[ sql ] [ SQL ] SELECT * FROM `shop_category` WHERE  `cate_id` = 1 LIMIT 1 [ RunTime:0.000709s ]
[ sql ] [ SQL ] SELECT * FROM `shop_category` [ RunTime:0.001140s ]
[ sql ] [ SQL ] SELECT * FROM `shop_category` WHERE  `pid` = 1 [ RunTime:0.000795s ]
[ sql ] [ SQL ] SHOW COLUMNS FROM `shop_goods` [ RunTime:0.023107s ]
[ sql ] [ SQL ] SELECT * FROM `shop_goods` WHERE  `cate_id` IN (5,6,7,8,9,10,11) [ RunTime:0.001040s ]

---------------------------------------------------------------
[ 2019-02-11T20:21:39+08:00 ] 127.0.0.1 127.0.0.1 POST /index.php/index/getfloorinfo.html
[ log ] www.ecshoptp5.com/index.php/index/getfloorinfo.html [运行时间：0.093236s][吞吐率：10.73req/s] [内存消耗：2,173.07kb] [文件加载：55]
[ info ] [ LANG ] D:\phpStudy\WWW\1\ecshoptp5\thinkphp\lang\zh-cn.php
[ info ] [ BIND ] 'index'
[ info ] [ ROUTE ] array (
  'type' => 'module',
  'module' => 
  array (
    0 => 'index',
    1 => 'index',
    2 => 'getfloorinfo',
  ),
)
[ info ] [ HEADER ] array (
  'accept-language' => 'zh-CN,zh;q=0.9',
  'accept-encoding' => 'gzip, deflate',
  'referer' => 'http://www.ecshoptp5.com/index.php',
  'content-type' => 'application/x-www-form-urlencoded; charset=UTF-8',
  'user-agent' => 'Mozilla/5.0 (Windows NT 10.0; WOW64) AppleWebKit/537.36 (KHTML, like Gecko) Chrome/71.0.3578.98 Safari/537.36',
  'x-requested-with' => 'XMLHttpRequest',
  'origin' => 'http://www.ecshoptp5.com',
  'accept' => '*/*',
  'content-length' => '21',
  'connection' => 'close',
  'host' => 'www.ecshoptp5.com',
)
[ info ] [ PARAM ] array (
  'cate_id' => '1',
  'floor_num' => '1',
)
[ info ] [ RUN ] app\index\controller\Index->getFloorInfo[ D:\phpStudy\WWW\1\ecshoptp5\application\index\controller\Index.php ]
[ info ] [ DB ] INIT mysql
[ info ] [ VIEW ] D:\phpStudy\WWW\1\ecshoptp5\public/../application/index\view\index\div.html [ array (
  0 => 'controllerName',
  1 => 'foolInfo',
  2 => 'floorNum',
) ]
[ info ] [ LOG ] INIT File
[ sql ] [ DB ] CONNECT:[ UseTime:0.003797s ] mysql:dbname=shop;host=127.0.0.1;port=3306;charset=utf8
[ sql ] [ SQL ] SHOW COLUMNS FROM `shop_category` [ RunTime:0.024870s ]
[ sql ] [ SQL ] SELECT `cate_id` FROM `shop_category` WHERE  `pid` = 0  AND `cate_id` > 1 ORDER BY `cate_id`  asc LIMIT 1 [ RunTime:0.000807s ]
[ sql ] [ SQL ] SELECT * FROM `shop_category` WHERE  `cate_id` = 2 LIMIT 1 [ RunTime:0.000845s ]
[ sql ] [ SQL ] SELECT * FROM `shop_category` [ RunTime:0.000985s ]
[ sql ] [ SQL ] SELECT * FROM `shop_category` WHERE  `pid` = 2 [ RunTime:0.000899s ]
[ sql ] [ SQL ] SHOW COLUMNS FROM `shop_goods` [ RunTime:0.019830s ]
[ sql ] [ SQL ] SELECT * FROM `shop_goods` WHERE  `cate_id` IN (12,13,36,29,31,32,33,30,34,35) [ RunTime:0.001140s ]

---------------------------------------------------------------
[ 2019-02-11T20:21:53+08:00 ] 127.0.0.1 127.0.0.1 GET /index.php/index/index.html
[ log ] www.ecshoptp5.com/index.php/index/index.html [运行时间：0.116042s][吞吐率：8.62req/s] [内存消耗：2,376.32kb] [文件加载：57]
[ info ] [ LANG ] D:\phpStudy\WWW\1\ecshoptp5\thinkphp\lang\zh-cn.php
[ info ] [ BIND ] 'index'
[ info ] [ ROUTE ] array (
  'type' => 'module',
  'module' => 
  array (
    0 => 'index',
    1 => 'index',
    2 => 'index',
  ),
)
[ info ] [ HEADER ] array (
  'accept-language' => 'zh-CN,zh;q=0.9',
  'accept-encoding' => 'gzip, deflate',
  'referer' => 'http://www.ecshoptp5.com/index.php',
  'accept' => 'text/html,application/xhtml+xml,application/xml;q=0.9,image/webp,image/apng,*/*;q=0.8',
  'user-agent' => 'Mozilla/5.0 (Windows NT 10.0; WOW64) AppleWebKit/537.36 (KHTML, like Gecko) Chrome/71.0.3578.98 Safari/537.36',
  'upgrade-insecure-requests' => '1',
  'connection' => 'close',
  'host' => 'www.ecshoptp5.com',
)
[ info ] [ PARAM ] array (
)
[ info ] [ RUN ] app\index\controller\Index->index[ D:\phpStudy\WWW\1\ecshoptp5\application\index\controller\Index.php ]
[ info ] [ DB ] INIT mysql
[ info ] [ VIEW ] D:\phpStudy\WWW\1\ecshoptp5\public/../application/index\view\index\index.html [ array (
  0 => 'controllerName',
  1 => 'getCateInfo',
  2 => 'Info',
  3 => 'foolInfo',
) ]
[ info ] [ LOG ] INIT File
[ sql ] [ DB ] CONNECT:[ UseTime:0.004310s ] mysql:dbname=shop;host=127.0.0.1;port=3306;charset=utf8
[ sql ] [ SQL ] SHOW COLUMNS FROM `shop_category` [ RunTime:0.025974s ]
[ sql ] [ SQL ] SELECT * FROM `shop_category` WHERE  `cate_navshow` = 1 [ RunTime:0.000714s ]
[ sql ] [ SQL ] SELECT * FROM `shop_category` WHERE  `cate_show` = 1 [ RunTime:0.000710s ]
[ sql ] [ SQL ] SELECT * FROM `shop_category` WHERE  `cate_id` = 1 LIMIT 1 [ RunTime:0.000639s ]
[ sql ] [ SQL ] SELECT * FROM `shop_category` [ RunTime:0.000712s ]
[ sql ] [ SQL ] SELECT * FROM `shop_category` WHERE  `pid` = 1 [ RunTime:0.000601s ]
[ sql ] [ SQL ] SHOW COLUMNS FROM `shop_goods` [ RunTime:0.020872s ]
[ sql ] [ SQL ] SELECT * FROM `shop_goods` WHERE  `cate_id` IN (5,6,7,8,9,10,11) [ RunTime:0.000796s ]

---------------------------------------------------------------
[ 2019-02-11T20:21:53+08:00 ] 127.0.0.1 127.0.0.1 GET /index.php/index/uploads/goodsLogo/20190121/b67d5d92a38bf0ef1e4de2a613bad35e.jpg
[ log ] www.ecshoptp5.com/index.php/index/uploads/goodsLogo/20190121/b67d5d92a38bf0ef1e4de2a613bad35e.jpg [运行时间：0.040891s][吞吐率：24.46req/s] [内存消耗：1,380.60kb] [文件加载：47]
[ info ] [ LANG ] D:\phpStudy\WWW\1\ecshoptp5\thinkphp\lang\zh-cn.php
[ info ] [ BIND ] 'index'
[ info ] [ ROUTE ] array (
  'type' => 'module',
  'module' => 
  array (
    0 => 'index',
    1 => 'index',
    2 => 'uploads',
  ),
)
[ info ] [ HEADER ] array (
  'accept-language' => 'zh-CN,zh;q=0.9',
  'accept-encoding' => 'gzip, deflate',
  'referer' => 'http://www.ecshoptp5.com/index.php/index/index.html',
  'accept' => 'image/webp,image/apng,image/*,*/*;q=0.8',
  'user-agent' => 'Mozilla/5.0 (Windows NT 10.0; WOW64) AppleWebKit/537.36 (KHTML, like Gecko) Chrome/71.0.3578.98 Safari/537.36',
  'connection' => 'close',
  'host' => 'www.ecshoptp5.com',
)
[ info ] [ PARAM ] array (
  'goodsLogo' => '20190121',
)
[ info ] [ LOG ] INIT File

---------------------------------------------------------------
[ 2019-02-11T20:22:07+08:00 ] 127.0.0.1 127.0.0.1 GET /index.php/index/index.html
[ log ] www.ecshoptp5.com/index.php/index/index.html [运行时间：0.120985s][吞吐率：8.27req/s] [内存消耗：2,376.47kb] [文件加载：57]
[ info ] [ LANG ] D:\phpStudy\WWW\1\ecshoptp5\thinkphp\lang\zh-cn.php
[ info ] [ BIND ] 'index'
[ info ] [ ROUTE ] array (
  'type' => 'module',
  'module' => 
  array (
    0 => 'index',
    1 => 'index',
    2 => 'index',
  ),
)
[ info ] [ HEADER ] array (
  'accept-language' => 'zh-CN,zh;q=0.9',
  'accept-encoding' => 'gzip, deflate',
  'referer' => 'http://www.ecshoptp5.com/index.php/index/index.html',
  'accept' => 'text/html,application/xhtml+xml,application/xml;q=0.9,image/webp,image/apng,*/*;q=0.8',
  'user-agent' => 'Mozilla/5.0 (Windows NT 10.0; WOW64) AppleWebKit/537.36 (KHTML, like Gecko) Chrome/71.0.3578.98 Safari/537.36',
  'upgrade-insecure-requests' => '1',
  'connection' => 'close',
  'host' => 'www.ecshoptp5.com',
)
[ info ] [ PARAM ] array (
)
[ info ] [ RUN ] app\index\controller\Index->index[ D:\phpStudy\WWW\1\ecshoptp5\application\index\controller\Index.php ]
[ info ] [ DB ] INIT mysql
[ info ] [ VIEW ] D:\phpStudy\WWW\1\ecshoptp5\public/../application/index\view\index\index.html [ array (
  0 => 'controllerName',
  1 => 'getCateInfo',
  2 => 'Info',
  3 => 'foolInfo',
) ]
[ info ] [ LOG ] INIT File
[ sql ] [ DB ] CONNECT:[ UseTime:0.004086s ] mysql:dbname=shop;host=127.0.0.1;port=3306;charset=utf8
[ sql ] [ SQL ] SHOW COLUMNS FROM `shop_category` [ RunTime:0.027214s ]
[ sql ] [ SQL ] SELECT * FROM `shop_category` WHERE  `cate_navshow` = 1 [ RunTime:0.000944s ]
[ sql ] [ SQL ] SELECT * FROM `shop_category` WHERE  `cate_show` = 1 [ RunTime:0.001205s ]
[ sql ] [ SQL ] SELECT * FROM `shop_category` WHERE  `cate_id` = 1 LIMIT 1 [ RunTime:0.000853s ]
[ sql ] [ SQL ] SELECT * FROM `shop_category` [ RunTime:0.001006s ]
[ sql ] [ SQL ] SELECT * FROM `shop_category` WHERE  `pid` = 1 [ RunTime:0.000827s ]
[ sql ] [ SQL ] SHOW COLUMNS FROM `shop_goods` [ RunTime:0.021532s ]
[ sql ] [ SQL ] SELECT * FROM `shop_goods` WHERE  `cate_id` IN (5,6,7,8,9,10,11) [ RunTime:0.001061s ]

---------------------------------------------------------------
[ 2019-02-11T20:22:07+08:00 ] 127.0.0.1 127.0.0.1 GET /index.php/index/uploads/goodsLogo/20190121/b67d5d92a38bf0ef1e4de2a613bad35e.jpg
[ log ] www.ecshoptp5.com/index.php/index/uploads/goodsLogo/20190121/b67d5d92a38bf0ef1e4de2a613bad35e.jpg [运行时间：0.040933s][吞吐率：24.43req/s] [内存消耗：1,380.60kb] [文件加载：47]
[ info ] [ LANG ] D:\phpStudy\WWW\1\ecshoptp5\thinkphp\lang\zh-cn.php
[ info ] [ BIND ] 'index'
[ info ] [ ROUTE ] array (
  'type' => 'module',
  'module' => 
  array (
    0 => 'index',
    1 => 'index',
    2 => 'uploads',
  ),
)
[ info ] [ HEADER ] array (
  'accept-language' => 'zh-CN,zh;q=0.9',
  'accept-encoding' => 'gzip, deflate',
  'referer' => 'http://www.ecshoptp5.com/index.php/index/index.html',
  'accept' => 'image/webp,image/apng,image/*,*/*;q=0.8',
  'user-agent' => 'Mozilla/5.0 (Windows NT 10.0; WOW64) AppleWebKit/537.36 (KHTML, like Gecko) Chrome/71.0.3578.98 Safari/537.36',
  'connection' => 'close',
  'host' => 'www.ecshoptp5.com',
)
[ info ] [ PARAM ] array (
  'goodsLogo' => '20190121',
)
[ info ] [ LOG ] INIT File

---------------------------------------------------------------
[ 2019-02-11T20:22:15+08:00 ] 127.0.0.1 127.0.0.1 GET /index.php
[ log ] www.ecshoptp5.com/index.php [运行时间：0.128281s][吞吐率：7.80req/s] [内存消耗：2,376.10kb] [文件加载：57]
[ info ] [ LANG ] D:\phpStudy\WWW\1\ecshoptp5\thinkphp\lang\zh-cn.php
[ info ] [ BIND ] 'index'
[ info ] [ ROUTE ] array (
  'type' => 'module',
  'module' => 
  array (
    0 => 'index',
    1 => NULL,
    2 => NULL,
  ),
)
[ info ] [ HEADER ] array (
  'accept-language' => 'zh-CN,zh;q=0.9',
  'accept-encoding' => 'gzip, deflate',
  'accept' => 'text/html,application/xhtml+xml,application/xml;q=0.9,image/webp,image/apng,*/*;q=0.8',
  'user-agent' => 'Mozilla/5.0 (Windows NT 10.0; WOW64) AppleWebKit/537.36 (KHTML, like Gecko) Chrome/71.0.3578.98 Safari/537.36',
  'upgrade-insecure-requests' => '1',
  'connection' => 'close',
  'host' => 'www.ecshoptp5.com',
)
[ info ] [ PARAM ] array (
)
[ info ] [ RUN ] app\index\controller\Index->index[ D:\phpStudy\WWW\1\ecshoptp5\application\index\controller\Index.php ]
[ info ] [ DB ] INIT mysql
[ info ] [ VIEW ] D:\phpStudy\WWW\1\ecshoptp5\public/../application/index\view\index\index.html [ array (
  0 => 'controllerName',
  1 => 'getCateInfo',
  2 => 'Info',
  3 => 'foolInfo',
) ]
[ info ] [ LOG ] INIT File
[ sql ] [ DB ] CONNECT:[ UseTime:0.003406s ] mysql:dbname=shop;host=127.0.0.1;port=3306;charset=utf8
[ sql ] [ SQL ] SHOW COLUMNS FROM `shop_category` [ RunTime:0.028283s ]
[ sql ] [ SQL ] SELECT * FROM `shop_category` WHERE  `cate_navshow` = 1 [ RunTime:0.000805s ]
[ sql ] [ SQL ] SELECT * FROM `shop_category` WHERE  `cate_show` = 1 [ RunTime:0.000835s ]
[ sql ] [ SQL ] SELECT * FROM `shop_category` WHERE  `cate_id` = 1 LIMIT 1 [ RunTime:0.000858s ]
[ sql ] [ SQL ] SELECT * FROM `shop_category` [ RunTime:0.001296s ]
[ sql ] [ SQL ] SELECT * FROM `shop_category` WHERE  `pid` = 1 [ RunTime:0.000938s ]
[ sql ] [ SQL ] SHOW COLUMNS FROM `shop_goods` [ RunTime:0.021718s ]
[ sql ] [ SQL ] SELECT * FROM `shop_goods` WHERE  `cate_id` IN (5,6,7,8,9,10,11) [ RunTime:0.001062s ]

---------------------------------------------------------------
[ 2019-02-11T20:22:19+08:00 ] 127.0.0.1 127.0.0.1 POST /index.php/index/getfloorinfo.html
[ log ] www.ecshoptp5.com/index.php/index/getfloorinfo.html [运行时间：0.089748s][吞吐率：11.14req/s] [内存消耗：2,173.07kb] [文件加载：55]
[ info ] [ LANG ] D:\phpStudy\WWW\1\ecshoptp5\thinkphp\lang\zh-cn.php
[ info ] [ BIND ] 'index'
[ info ] [ ROUTE ] array (
  'type' => 'module',
  'module' => 
  array (
    0 => 'index',
    1 => 'index',
    2 => 'getfloorinfo',
  ),
)
[ info ] [ HEADER ] array (
  'accept-language' => 'zh-CN,zh;q=0.9',
  'accept-encoding' => 'gzip, deflate',
  'referer' => 'http://www.ecshoptp5.com/index.php',
  'content-type' => 'application/x-www-form-urlencoded; charset=UTF-8',
  'user-agent' => 'Mozilla/5.0 (Windows NT 10.0; WOW64) AppleWebKit/537.36 (KHTML, like Gecko) Chrome/71.0.3578.98 Safari/537.36',
  'x-requested-with' => 'XMLHttpRequest',
  'origin' => 'http://www.ecshoptp5.com',
  'accept' => '*/*',
  'content-length' => '21',
  'connection' => 'close',
  'host' => 'www.ecshoptp5.com',
)
[ info ] [ PARAM ] array (
  'cate_id' => '1',
  'floor_num' => '1',
)
[ info ] [ RUN ] app\index\controller\Index->getFloorInfo[ D:\phpStudy\WWW\1\ecshoptp5\application\index\controller\Index.php ]
[ info ] [ DB ] INIT mysql
[ info ] [ VIEW ] D:\phpStudy\WWW\1\ecshoptp5\public/../application/index\view\index\div.html [ array (
  0 => 'controllerName',
  1 => 'foolInfo',
  2 => 'floorNum',
) ]
[ info ] [ LOG ] INIT File
[ sql ] [ DB ] CONNECT:[ UseTime:0.003237s ] mysql:dbname=shop;host=127.0.0.1;port=3306;charset=utf8
[ sql ] [ SQL ] SHOW COLUMNS FROM `shop_category` [ RunTime:0.024275s ]
[ sql ] [ SQL ] SELECT `cate_id` FROM `shop_category` WHERE  `pid` = 0  AND `cate_id` > 1 ORDER BY `cate_id`  asc LIMIT 1 [ RunTime:0.000759s ]
[ sql ] [ SQL ] SELECT * FROM `shop_category` WHERE  `cate_id` = 2 LIMIT 1 [ RunTime:0.000784s ]
[ sql ] [ SQL ] SELECT * FROM `shop_category` [ RunTime:0.000951s ]
[ sql ] [ SQL ] SELECT * FROM `shop_category` WHERE  `pid` = 2 [ RunTime:0.000791s ]
[ sql ] [ SQL ] SHOW COLUMNS FROM `shop_goods` [ RunTime:0.019938s ]
[ sql ] [ SQL ] SELECT * FROM `shop_goods` WHERE  `cate_id` IN (12,13,36,29,31,32,33,30,34,35) [ RunTime:0.001030s ]

---------------------------------------------------------------
[ 2019-02-11T20:22:58+08:00 ] 127.0.0.1 127.0.0.1 GET /
[ log ] www.ecshoptp5.com/ [运行时间：0.139180s][吞吐率：7.18req/s] [内存消耗：2,376.11kb] [文件加载：57]
[ info ] [ LANG ] D:\phpStudy\WWW\1\ecshoptp5\thinkphp\lang\zh-cn.php
[ info ] [ BIND ] 'index'
[ info ] [ ROUTE ] array (
  'type' => 'module',
  'module' => 
  array (
    0 => 'index',
    1 => NULL,
    2 => NULL,
  ),
)
[ info ] [ HEADER ] array (
  'accept-language' => 'zh-CN,zh;q=0.9',
  'accept-encoding' => 'gzip, deflate',
  'accept' => 'text/html,application/xhtml+xml,application/xml;q=0.9,image/webp,image/apng,*/*;q=0.8',
  'user-agent' => 'Mozilla/5.0 (Windows NT 10.0; WOW64) AppleWebKit/537.36 (KHTML, like Gecko) Chrome/71.0.3578.98 Safari/537.36',
  'upgrade-insecure-requests' => '1',
  'connection' => 'close',
  'host' => 'www.ecshoptp5.com',
)
[ info ] [ PARAM ] array (
)
[ info ] [ RUN ] app\index\controller\Index->index[ D:\phpStudy\WWW\1\ecshoptp5\application\index\controller\Index.php ]
[ info ] [ DB ] INIT mysql
[ info ] [ VIEW ] D:\phpStudy\WWW\1\ecshoptp5\public/../application/index\view\index\index.html [ array (
  0 => 'controllerName',
  1 => 'getCateInfo',
  2 => 'Info',
  3 => 'foolInfo',
) ]
[ info ] [ LOG ] INIT File
[ sql ] [ DB ] CONNECT:[ UseTime:0.004159s ] mysql:dbname=shop;host=127.0.0.1;port=3306;charset=utf8
[ sql ] [ SQL ] SHOW COLUMNS FROM `shop_category` [ RunTime:0.028975s ]
[ sql ] [ SQL ] SELECT * FROM `shop_category` WHERE  `cate_navshow` = 1 [ RunTime:0.000917s ]
[ sql ] [ SQL ] SELECT * FROM `shop_category` WHERE  `cate_show` = 1 [ RunTime:0.000839s ]
[ sql ] [ SQL ] SELECT * FROM `shop_category` WHERE  `cate_id` = 1 LIMIT 1 [ RunTime:0.000673s ]
[ sql ] [ SQL ] SELECT * FROM `shop_category` [ RunTime:0.000795s ]
[ sql ] [ SQL ] SELECT * FROM `shop_category` WHERE  `pid` = 1 [ RunTime:0.000673s ]
[ sql ] [ SQL ] SHOW COLUMNS FROM `shop_goods` [ RunTime:0.029040s ]
[ sql ] [ SQL ] SELECT * FROM `shop_goods` WHERE  `cate_id` IN (5,6,7,8,9,10,11) [ RunTime:0.000961s ]

---------------------------------------------------------------
[ 2019-02-11T20:23:09+08:00 ] 127.0.0.1 127.0.0.1 GET /index.php
[ log ] www.ecshoptp5.com/index.php [运行时间：0.174468s][吞吐率：5.73req/s] [内存消耗：2,376.10kb] [文件加载：57]
[ info ] [ LANG ] D:\phpStudy\WWW\1\ecshoptp5\thinkphp\lang\zh-cn.php
[ info ] [ BIND ] 'index'
[ info ] [ ROUTE ] array (
  'type' => 'module',
  'module' => 
  array (
    0 => 'index',
    1 => NULL,
    2 => NULL,
  ),
)
[ info ] [ HEADER ] array (
  'accept-language' => 'zh-CN,zh;q=0.9',
  'accept-encoding' => 'gzip, deflate',
  'accept' => 'text/html,application/xhtml+xml,application/xml;q=0.9,image/webp,image/apng,*/*;q=0.8',
  'user-agent' => 'Mozilla/5.0 (Windows NT 10.0; WOW64) AppleWebKit/537.36 (KHTML, like Gecko) Chrome/71.0.3578.98 Safari/537.36',
  'upgrade-insecure-requests' => '1',
  'connection' => 'close',
  'host' => 'www.ecshoptp5.com',
)
[ info ] [ PARAM ] array (
)
[ info ] [ RUN ] app\index\controller\Index->index[ D:\phpStudy\WWW\1\ecshoptp5\application\index\controller\Index.php ]
[ info ] [ DB ] INIT mysql
[ info ] [ VIEW ] D:\phpStudy\WWW\1\ecshoptp5\public/../application/index\view\index\index.html [ array (
  0 => 'controllerName',
  1 => 'getCateInfo',
  2 => 'Info',
  3 => 'foolInfo',
) ]
[ info ] [ LOG ] INIT File
[ sql ] [ DB ] CONNECT:[ UseTime:0.004083s ] mysql:dbname=shop;host=127.0.0.1;port=3306;charset=utf8
[ sql ] [ SQL ] SHOW COLUMNS FROM `shop_category` [ RunTime:0.036583s ]
[ sql ] [ SQL ] SELECT * FROM `shop_category` WHERE  `cate_navshow` = 1 [ RunTime:0.000797s ]
[ sql ] [ SQL ] SELECT * FROM `shop_category` WHERE  `cate_show` = 1 [ RunTime:0.001135s ]
[ sql ] [ SQL ] SELECT * FROM `shop_category` WHERE  `cate_id` = 1 LIMIT 1 [ RunTime:0.000955s ]
[ sql ] [ SQL ] SELECT * FROM `shop_category` [ RunTime:0.000818s ]
[ sql ] [ SQL ] SELECT * FROM `shop_category` WHERE  `pid` = 1 [ RunTime:0.000711s ]
[ sql ] [ SQL ] SHOW COLUMNS FROM `shop_goods` [ RunTime:0.027494s ]
[ sql ] [ SQL ] SELECT * FROM `shop_goods` WHERE  `cate_id` IN (5,6,7,8,9,10,11) [ RunTime:0.001155s ]

---------------------------------------------------------------
[ 2019-02-11T20:23:11+08:00 ] 127.0.0.1 127.0.0.1 GET /index.php/login/register.html
[ log ] www.ecshoptp5.com/index.php/login/register.html [运行时间：0.262000s][吞吐率：3.82req/s] [内存消耗：1,479.34kb] [文件加载：47]
[ info ] [ LANG ] D:\phpStudy\WWW\1\ecshoptp5\thinkphp\lang\zh-cn.php
[ info ] [ BIND ] 'index'
[ info ] [ ROUTE ] array (
  'type' => 'module',
  'module' => 
  array (
    0 => 'index',
    1 => 'login',
    2 => 'register',
  ),
)
[ info ] [ HEADER ] array (
  'accept-language' => 'zh-CN,zh;q=0.9',
  'accept-encoding' => 'gzip, deflate',
  'referer' => 'http://www.ecshoptp5.com/index.php',
  'accept' => 'text/html,application/xhtml+xml,application/xml;q=0.9,image/webp,image/apng,*/*;q=0.8',
  'user-agent' => 'Mozilla/5.0 (Windows NT 10.0; WOW64) AppleWebKit/537.36 (KHTML, like Gecko) Chrome/71.0.3578.98 Safari/537.36',
  'upgrade-insecure-requests' => '1',
  'connection' => 'close',
  'host' => 'www.ecshoptp5.com',
)
[ info ] [ PARAM ] array (
)
[ info ] [ RUN ] app\index\controller\Login->register[ D:\phpStudy\WWW\1\ecshoptp5\application\index\controller\Login.php ]
[ info ] [ VIEW ] D:\phpStudy\WWW\1\ecshoptp5\public/../application/index\view\login\register.html [ array (
) ]
[ info ] [ LOG ] INIT File

---------------------------------------------------------------
