[ 2019-05-21T00:47:23+08:00 ] 172.17.20.138 47.110.180.32 POST /
[ log ] ecshop.nichousha.xyz/ [运行时间：0.001831s][吞吐率：546.13req/s] [内存消耗：290.38kb] [文件加载：39]
[ info ] [ LANG ] /data/wwwroot/default/ecshoptp5/thinkphp/lang/zh-cn.php
[ info ] [ LOG ] INIT File
[ error ] [8]未定义数组索引: [/data/wwwroot/default/ecshoptp5/thinkphp/library/think/Route.php:839]

---------------------------------------------------------------
[ 2019-05-21T00:47:23+08:00 ] 172.17.20.138 47.110.180.32 POST /index.php?s=captcha
[ log ] ecshop.nichousha.xyz/index.php?s=captcha [运行时间：0.003685s][吞吐率：271.37req/s] [内存消耗：293.20kb] [文件加载：37]
[ info ] [ LANG ] /data/wwwroot/default/ecshoptp5/thinkphp/lang/zh-cn.php
[ info ] [ BIND ] 'index'
[ info ] [ ROUTE ] array (
  'type' => 'method',
  'method' => 
  array (
    0 => '\\think\\captcha\\CaptchaController',
    1 => 'index',
  ),
  'var' => 
  array (
  ),
)
[ info ] [ HEADER ] array (
)
[ info ] [ PARAM ] array (
  'id' => true,
)
[ info ] [ RUN ] think\captcha\CaptchaController->index[ /data/wwwroot/default/ecshoptp5/vendor/topthink/think-captcha/src/CaptchaController.php ]
[ info ] [ SESSION ] INIT array (
  'id' => '',
  'var_session_id' => '',
  'prefix' => 'think',
  'type' => '',
  'auto_start' => true,
)
[ info ] [ LOG ] INIT File

---------------------------------------------------------------
[ 2019-05-21T00:47:23+08:00 ] 172.17.20.138 47.110.180.32 POST /
[ log ] ecshop.nichousha.xyz/ [运行时间：0.001606s][吞吐率：622.67req/s] [内存消耗：290.40kb] [文件加载：39]
[ info ] [ LANG ] /data/wwwroot/default/ecshoptp5/thinkphp/lang/zh-cn.php
[ info ] [ LOG ] INIT File
[ error ] [8]未定义数组索引: filter[/data/wwwroot/default/ecshoptp5/thinkphp/library/think/Route.php:839]

---------------------------------------------------------------
[ 2019-05-21T00:47:28+08:00 ] 172.17.20.138 47.110.180.38 GET /index.php/?s=index/%5Cthink%5Capp/invokefunction&function=call_user_func&vars[0]=md5&vars[1]=3.14
[ log ] ecshop.nichousha.xyz/index.php/?s=index/%5Cthink%5Capp/invokefunction&function=call_user_func&vars[0]=md5&vars[1]=3.14 [运行时间：0.002821s][吞吐率：354.49req/s] [内存消耗：309.01kb] [文件加载：47]
[ info ] [ LANG ] /data/wwwroot/default/ecshoptp5/thinkphp/lang/zh-cn.php
[ info ] [ BIND ] 'index'
[ info ] [ ROUTE ] array (
  'type' => 'module',
  'module' => 
  array (
    0 => 'index',
    1 => 'index',
    2 => '\\think\\app',
  ),
)
[ info ] [ HEADER ] array (
  'accept-language' => 'zh-CN,zh;q=0.8',
  'connection' => 'keep-alive',
  'accept' => '*/*',
  'accept-encoding' => 'gzip, deflate',
  'user-agent' => 'Mozilla/5.0 (Windows NT 10.0; Win64; x64) AppleWebKit/537.36 (KHTML, like Gecko) Chrome/66.6.2333.33 Safari/537.36 AliyunTaiShiGanZhi https://www.aliyun.com/product/sas',
  'host' => 'ecshop.nichousha.xyz',
  'content-type' => '',
  'content-length' => '',
)
[ info ] [ PARAM ] array (
  'function' => 'call_user_func',
  'vars' => 
  array (
    0 => 'md5',
    1 => '3.14',
  ),
)
[ info ] [ LOG ] INIT File

---------------------------------------------------------------
[ 2019-05-21T00:47:28+08:00 ] 172.17.20.138 47.110.180.38 GET /index.php/?s=user/%5Cthink%5Capp/invokefunction&function=call_user_func&vars[0]=md5&vars[1]=3.14
[ log ] ecshop.nichousha.xyz/index.php/?s=user/%5Cthink%5Capp/invokefunction&function=call_user_func&vars[0]=md5&vars[1]=3.14 [运行时间：0.002542s][吞吐率：393.39req/s] [内存消耗：309.01kb] [文件加载：47]
[ info ] [ LANG ] /data/wwwroot/default/ecshoptp5/thinkphp/lang/zh-cn.php
[ info ] [ BIND ] 'index'
[ info ] [ ROUTE ] array (
  'type' => 'module',
  'module' => 
  array (
    0 => 'index',
    1 => 'user',
    2 => '\\think\\app',
  ),
)
[ info ] [ HEADER ] array (
  'accept-language' => 'zh-CN,zh;q=0.8',
  'connection' => 'keep-alive',
  'accept' => '*/*',
  'accept-encoding' => 'gzip, deflate',
  'user-agent' => 'Mozilla/5.0 (Windows NT 10.0; Win64; x64) AppleWebKit/537.36 (KHTML, like Gecko) Chrome/66.6.2333.33 Safari/537.36 AliyunTaiShiGanZhi https://www.aliyun.com/product/sas',
  'host' => 'ecshop.nichousha.xyz',
  'content-type' => '',
  'content-length' => '',
)
[ info ] [ PARAM ] array (
  'function' => 'call_user_func',
  'vars' => 
  array (
    0 => 'md5',
    1 => '3.14',
  ),
)
[ info ] [ LOG ] INIT File

---------------------------------------------------------------
[ 2019-05-21T00:47:28+08:00 ] 172.17.20.138 47.110.180.38 GET /index.php/?s=admin/%5Cthink%5Capp/invokefunction&function=call_user_func&vars[0]=md5&vars[1]=3.14
[ log ] ecshop.nichousha.xyz/index.php/?s=admin/%5Cthink%5Capp/invokefunction&function=call_user_func&vars[0]=md5&vars[1]=3.14 [运行时间：0.002302s][吞吐率：434.42req/s] [内存消耗：293.65kb] [文件加载：39]
[ info ] [ LANG ] /data/wwwroot/default/ecshoptp5/thinkphp/lang/zh-cn.php
[ info ] [ BIND ] 'index'
[ info ] [ ROUTE ] array (
  'type' => 'module',
  'module' => 
  array (
    0 => 'index',
    1 => 'admin',
    2 => '\\think\\app',
  ),
)
[ info ] [ HEADER ] array (
  'accept-language' => 'zh-CN,zh;q=0.8',
  'connection' => 'keep-alive',
  'accept' => '*/*',
  'accept-encoding' => 'gzip, deflate',
  'user-agent' => 'Mozilla/5.0 (Windows NT 10.0; Win64; x64) AppleWebKit/537.36 (KHTML, like Gecko) Chrome/66.6.2333.33 Safari/537.36 AliyunTaiShiGanZhi https://www.aliyun.com/product/sas',
  'host' => 'ecshop.nichousha.xyz',
  'content-type' => '',
  'content-length' => '',
)
[ info ] [ PARAM ] array (
  'function' => 'call_user_func',
  'vars' => 
  array (
    0 => 'md5',
    1 => '3.14',
  ),
)
[ info ] [ LOG ] INIT File

---------------------------------------------------------------
[ 2019-05-21T00:47:28+08:00 ] 172.17.20.138 47.110.180.38 GET /index.php/?s=install/%5Cthink%5Capp/invokefunction&function=call_user_func&vars[0]=md5&vars[1]=3.14
[ log ] ecshop.nichousha.xyz/index.php/?s=install/%5Cthink%5Capp/invokefunction&function=call_user_func&vars[0]=md5&vars[1]=3.14 [运行时间：0.002447s][吞吐率：408.64req/s] [内存消耗：293.65kb] [文件加载：39]
[ info ] [ LANG ] /data/wwwroot/default/ecshoptp5/thinkphp/lang/zh-cn.php
[ info ] [ BIND ] 'index'
[ info ] [ ROUTE ] array (
  'type' => 'module',
  'module' => 
  array (
    0 => 'index',
    1 => 'install',
    2 => '\\think\\app',
  ),
)
[ info ] [ HEADER ] array (
  'accept-language' => 'zh-CN,zh;q=0.8',
  'connection' => 'keep-alive',
  'accept' => '*/*',
  'accept-encoding' => 'gzip, deflate',
  'user-agent' => 'Mozilla/5.0 (Windows NT 10.0; Win64; x64) AppleWebKit/537.36 (KHTML, like Gecko) Chrome/66.6.2333.33 Safari/537.36 AliyunTaiShiGanZhi https://www.aliyun.com/product/sas',
  'host' => 'ecshop.nichousha.xyz',
  'content-type' => '',
  'content-length' => '',
)
[ info ] [ PARAM ] array (
  'function' => 'call_user_func',
  'vars' => 
  array (
    0 => 'md5',
    1 => '3.14',
  ),
)
[ info ] [ LOG ] INIT File

---------------------------------------------------------------
