[ 2019-05-27T14:57:20+08:00 ] 172.17.20.138 223.104.3.1 GET /
[ log ] ecshop.nichousha.xyz/ [运行时间：0.011351s][吞吐率：88.10req/s] [内存消耗：724.36kb] [文件加载：58]
[ info ] [ LANG ] /data/wwwroot/default/ecshoptp5/thinkphp/lang/zh-cn.php
[ info ] [ BIND ] 'index'
[ info ] [ ROUTE ] array (
  'type' => 'module',
  'module' => 
  array (
    0 => 'index',
    1 => NULL,
    2 => NULL,
  ),
)
[ info ] [ HEADER ] array (
  'accept-language' => 'zh-CN,zh;q=0.9',
  'accept-encoding' => 'gzip, deflate',
  'accept' => 'text/html,application/xhtml+xml,application/xml;q=0.9,image/webp,image/apng,*/*;q=0.8',
  'user-agent' => 'Mozilla/5.0 (Windows NT 10.0; Win64; x64) AppleWebKit/537.36 (KHTML, like Gecko) Chrome/71.0.3573.0 Safari/537.36',
  'upgrade-insecure-requests' => '1',
  'connection' => 'keep-alive',
  'host' => 'ecshop.nichousha.xyz',
  'content-type' => '',
  'content-length' => '',
)
[ info ] [ PARAM ] array (
)
[ info ] [ RUN ] app\index\controller\Index->index[ /data/wwwroot/default/ecshoptp5/application/index/controller/Index.php ]
[ info ] [ DB ] INIT mysql
[ info ] [ SESSION ] INIT array (
  'id' => '',
  'var_session_id' => '',
  'prefix' => 'think',
  'type' => '',
  'auto_start' => true,
)
[ info ] [ VIEW ] /data/wwwroot/default/ecshoptp5/public/../application/index/view/index/index.html [ array (
  0 => 'controllerName',
  1 => 'getCateInfo',
  2 => 'Info',
  3 => 'cartCount',
  4 => 'cartInfo',
  5 => 'priceNum',
  6 => 'foolInfo',
) ]
[ info ] [ LOG ] INIT File
[ sql ] [ DB ] CONNECT:[ UseTime:0.000361s ] mysql:dbname=shop;host=127.0.0.1;port=3306;charset=utf8
[ sql ] [ SQL ] SHOW COLUMNS FROM `shop_category` [ RunTime:0.000619s ]
[ sql ] [ SQL ] SELECT * FROM `shop_category` WHERE  `cate_navshow` = 1 [ RunTime:0.000195s ]
[ sql ] [ SQL ] SELECT * FROM `shop_category` WHERE  `cate_show` = 1 [ RunTime:0.000178s ]
[ sql ] [ SQL ] SELECT * FROM `shop_category` WHERE  `cate_id` = 1 LIMIT 1 [ RunTime:0.000181s ]
[ sql ] [ SQL ] SELECT * FROM `shop_category` [ RunTime:0.000128s ]
[ sql ] [ SQL ] SELECT * FROM `shop_category` WHERE  `pid` = 1 [ RunTime:0.000127s ]
[ sql ] [ SQL ] SHOW COLUMNS FROM `shop_goods` [ RunTime:0.000549s ]
[ sql ] [ SQL ] SELECT * FROM `shop_goods` WHERE  `cate_id` IN (5,13,14,6,15) [ RunTime:0.000173s ]

---------------------------------------------------------------
