[ 2019-05-28T20:59:08+08:00 ] 172.17.20.138 47.98.37.19 GET /
[ log ] ecshop.nichousha.xyz/ [运行时间：0.010072s][吞吐率：99.29req/s] [内存消耗：723.60kb] [文件加载：58]
[ info ] [ LANG ] /data/wwwroot/default/ecshoptp5/thinkphp/lang/zh-cn.php
[ info ] [ BIND ] 'index'
[ info ] [ ROUTE ] array (
  'type' => 'module',
  'module' => 
  array (
    0 => 'index',
    1 => NULL,
    2 => NULL,
  ),
)
[ info ] [ HEADER ] array (
  'connection' => 'keep-alive',
  'accept' => 'text/html, image/gif, image/jpeg, *; q=.2, */*; q=.2',
  'host' => 'ecshop.nichousha.xyz',
  'user-agent' => 'Mozilla/5.0 (Linux; Android 4.1.1; Nexus 7 Build/JRO03D))',
  'content-type' => '',
  'content-length' => '',
)
[ info ] [ PARAM ] array (
)
[ info ] [ RUN ] app\index\controller\Index->index[ /data/wwwroot/default/ecshoptp5/application/index/controller/Index.php ]
[ info ] [ DB ] INIT mysql
[ info ] [ SESSION ] INIT array (
  'id' => '',
  'var_session_id' => '',
  'prefix' => 'think',
  'type' => '',
  'auto_start' => true,
)
[ info ] [ VIEW ] /data/wwwroot/default/ecshoptp5/public/../application/index/view/index/index.html [ array (
  0 => 'controllerName',
  1 => 'getCateInfo',
  2 => 'Info',
  3 => 'cartCount',
  4 => 'cartInfo',
  5 => 'priceNum',
  6 => 'foolInfo',
) ]
[ info ] [ LOG ] INIT File
[ sql ] [ DB ] CONNECT:[ UseTime:0.000335s ] mysql:dbname=shop;host=127.0.0.1;port=3306;charset=utf8
[ sql ] [ SQL ] SHOW COLUMNS FROM `shop_category` [ RunTime:0.000614s ]
[ sql ] [ SQL ] SELECT * FROM `shop_category` WHERE  `cate_navshow` = 1 [ RunTime:0.000174s ]
[ sql ] [ SQL ] SELECT * FROM `shop_category` WHERE  `cate_show` = 1 [ RunTime:0.000147s ]
[ sql ] [ SQL ] SELECT * FROM `shop_category` WHERE  `cate_id` = 1 LIMIT 1 [ RunTime:0.000179s ]
[ sql ] [ SQL ] SELECT * FROM `shop_category` [ RunTime:0.000121s ]
[ sql ] [ SQL ] SELECT * FROM `shop_category` WHERE  `pid` = 1 [ RunTime:0.000125s ]
[ sql ] [ SQL ] SHOW COLUMNS FROM `shop_goods` [ RunTime:0.000722s ]
[ sql ] [ SQL ] SELECT * FROM `shop_goods` WHERE  `cate_id` IN (5,13,14,6,15) [ RunTime:0.000210s ]

---------------------------------------------------------------
