[ 2019-07-25T21:12:06+08:00 ] 172.17.20.138 114.242.249.207 GET /
[ log ] ecshop.nichousha.xyz/ [运行时间：0.011396s][吞吐率：87.75req/s] [内存消耗：724.36kb] [文件加载：58]
[ info ] [ LANG ] /data/wwwroot/default/ecshoptp5/thinkphp/lang/zh-cn.php
[ info ] [ BIND ] 'index'
[ info ] [ ROUTE ] array (
  'type' => 'module',
  'module' => 
  array (
    0 => 'index',
    1 => NULL,
    2 => NULL,
  ),
)
[ info ] [ HEADER ] array (
  'accept-language' => 'zh-CN,zh;q=0.9',
  'accept-encoding' => 'gzip, deflate',
  'accept' => 'text/html,application/xhtml+xml,application/xml;q=0.9,image/webp,image/apng,*/*;q=0.8,application/signed-exchange;v=b3',
  'user-agent' => 'Mozilla/5.0 (Windows NT 10.0; WOW64) AppleWebKit/537.36 (KHTML, like Gecko) Chrome/74.0.3729.131 Safari/537.36',
  'upgrade-insecure-requests' => '1',
  'connection' => 'keep-alive',
  'host' => 'ecshop.nichousha.xyz',
  'content-type' => '',
  'content-length' => '',
)
[ info ] [ PARAM ] array (
)
[ info ] [ RUN ] app\index\controller\Index->index[ /data/wwwroot/default/ecshoptp5/application/index/controller/Index.php ]
[ info ] [ DB ] INIT mysql
[ info ] [ SESSION ] INIT array (
  'id' => '',
  'var_session_id' => '',
  'prefix' => 'think',
  'type' => '',
  'auto_start' => true,
)
[ info ] [ VIEW ] /data/wwwroot/default/ecshoptp5/public/../application/index/view/index/index.html [ array (
  0 => 'controllerName',
  1 => 'getCateInfo',
  2 => 'Info',
  3 => 'cartCount',
  4 => 'cartInfo',
  5 => 'priceNum',
  6 => 'foolInfo',
) ]
[ info ] [ LOG ] INIT File
[ sql ] [ DB ] CONNECT:[ UseTime:0.000302s ] mysql:dbname=shop;host=127.0.0.1;port=3306;charset=utf8
[ sql ] [ SQL ] SHOW COLUMNS FROM `shop_category` [ RunTime:0.000581s ]
[ sql ] [ SQL ] SELECT * FROM `shop_category` WHERE  `cate_navshow` = 1 [ RunTime:0.000175s ]
[ sql ] [ SQL ] SELECT * FROM `shop_category` WHERE  `cate_show` = 1 [ RunTime:0.000166s ]
[ sql ] [ SQL ] SELECT * FROM `shop_category` WHERE  `cate_id` = 1 LIMIT 1 [ RunTime:0.000143s ]
[ sql ] [ SQL ] SELECT * FROM `shop_category` [ RunTime:0.000119s ]
[ sql ] [ SQL ] SELECT * FROM `shop_category` WHERE  `pid` = 1 [ RunTime:0.000117s ]
[ sql ] [ SQL ] SHOW COLUMNS FROM `shop_goods` [ RunTime:0.000448s ]
[ sql ] [ SQL ] SELECT * FROM `shop_goods` WHERE  `cate_id` IN (5,13,14,6,15) [ RunTime:0.000381s ]

---------------------------------------------------------------
[ 2019-07-25T21:12:21+08:00 ] 172.17.20.138 114.242.249.207 GET /index.php
[ log ] ecshop.nichousha.xyz/index.php [运行时间：0.011145s][吞吐率：89.73req/s] [内存消耗：724.63kb] [文件加载：58]
[ info ] [ LANG ] /data/wwwroot/default/ecshoptp5/thinkphp/lang/zh-cn.php
[ info ] [ BIND ] 'index'
[ info ] [ ROUTE ] array (
  'type' => 'module',
  'module' => 
  array (
    0 => 'index',
    1 => NULL,
    2 => NULL,
  ),
)
[ info ] [ HEADER ] array (
  'cookie' => 'PHPSESSID=phhdcatbdbejmnv25gdsapgjmf',
  'accept-language' => 'zh-CN,zh;q=0.9',
  'accept-encoding' => 'gzip, deflate',
  'accept' => 'text/html,application/xhtml+xml,application/xml;q=0.9,image/webp,image/apng,*/*;q=0.8,application/signed-exchange;v=b3',
  'user-agent' => 'Mozilla/5.0 (Windows NT 10.0; WOW64) AppleWebKit/537.36 (KHTML, like Gecko) Chrome/74.0.3729.131 Safari/537.36',
  'upgrade-insecure-requests' => '1',
  'connection' => 'keep-alive',
  'host' => 'ecshop.nichousha.xyz',
  'content-type' => '',
  'content-length' => '',
)
[ info ] [ PARAM ] array (
)
[ info ] [ RUN ] app\index\controller\Index->index[ /data/wwwroot/default/ecshoptp5/application/index/controller/Index.php ]
[ info ] [ DB ] INIT mysql
[ info ] [ SESSION ] INIT array (
  'id' => '',
  'var_session_id' => '',
  'prefix' => 'think',
  'type' => '',
  'auto_start' => true,
)
[ info ] [ VIEW ] /data/wwwroot/default/ecshoptp5/public/../application/index/view/index/index.html [ array (
  0 => 'controllerName',
  1 => 'getCateInfo',
  2 => 'Info',
  3 => 'cartCount',
  4 => 'cartInfo',
  5 => 'priceNum',
  6 => 'foolInfo',
) ]
[ info ] [ LOG ] INIT File
[ sql ] [ DB ] CONNECT:[ UseTime:0.000327s ] mysql:dbname=shop;host=127.0.0.1;port=3306;charset=utf8
[ sql ] [ SQL ] SHOW COLUMNS FROM `shop_category` [ RunTime:0.000602s ]
[ sql ] [ SQL ] SELECT * FROM `shop_category` WHERE  `cate_navshow` = 1 [ RunTime:0.000202s ]
[ sql ] [ SQL ] SELECT * FROM `shop_category` WHERE  `cate_show` = 1 [ RunTime:0.000149s ]
[ sql ] [ SQL ] SELECT * FROM `shop_category` WHERE  `cate_id` = 1 LIMIT 1 [ RunTime:0.000149s ]
[ sql ] [ SQL ] SELECT * FROM `shop_category` [ RunTime:0.000143s ]
[ sql ] [ SQL ] SELECT * FROM `shop_category` WHERE  `pid` = 1 [ RunTime:0.000120s ]
[ sql ] [ SQL ] SHOW COLUMNS FROM `shop_goods` [ RunTime:0.000538s ]
[ sql ] [ SQL ] SELECT * FROM `shop_goods` WHERE  `cate_id` IN (5,13,14,6,15) [ RunTime:0.000176s ]

---------------------------------------------------------------
[ 2019-07-25T21:12:23+08:00 ] 172.17.20.138 114.242.249.207 GET /index.php/goods/goodslist.html?cate_id=2
[ log ] ecshop.nichousha.xyz/index.php/goods/goodslist.html?cate_id=2 [运行时间：0.013915s][吞吐率：71.86req/s] [内存消耗：730.82kb] [文件加载：61]
[ info ] [ LANG ] /data/wwwroot/default/ecshoptp5/thinkphp/lang/zh-cn.php
[ info ] [ BIND ] 'index'
[ info ] [ ROUTE ] array (
  'type' => 'module',
  'module' => 
  array (
    0 => 'index',
    1 => 'goods',
    2 => 'goodslist',
  ),
)
[ info ] [ HEADER ] array (
  'cookie' => 'PHPSESSID=phhdcatbdbejmnv25gdsapgjmf',
  'accept-language' => 'zh-CN,zh;q=0.9',
  'accept-encoding' => 'gzip, deflate',
  'referer' => 'http://ecshop.nichousha.xyz/index.php',
  'accept' => 'text/html,application/xhtml+xml,application/xml;q=0.9,image/webp,image/apng,*/*;q=0.8,application/signed-exchange;v=b3',
  'user-agent' => 'Mozilla/5.0 (Windows NT 10.0; WOW64) AppleWebKit/537.36 (KHTML, like Gecko) Chrome/74.0.3729.131 Safari/537.36',
  'upgrade-insecure-requests' => '1',
  'connection' => 'keep-alive',
  'host' => 'ecshop.nichousha.xyz',
  'content-type' => '',
  'content-length' => '',
)
[ info ] [ PARAM ] array (
  'cate_id' => '2',
)
[ info ] [ RUN ] app\index\controller\Goods->goodsList[ /data/wwwroot/default/ecshoptp5/application/index/controller/Goods.php ]
[ info ] [ DB ] INIT mysql
[ info ] [ SESSION ] INIT array (
  'id' => '',
  'var_session_id' => '',
  'prefix' => 'think',
  'type' => '',
  'auto_start' => true,
)
[ info ] [ VIEW ] /data/wwwroot/default/ecshoptp5/public/../application/index/view/goods/goodslist.html [ array (
  0 => 'controllerName',
  1 => 'getCateInfo',
  2 => 'Info',
  3 => 'goods_id',
  4 => 'cartCount',
  5 => 'cartInfo',
  6 => 'priceNum',
  7 => 'cate_name',
  8 => 'son_name',
  9 => 'brandInfo',
  10 => 'priceInfo',
  11 => 'count',
  12 => 'goodsInfo',
  13 => 'str',
  14 => 'historyInfo',
) ]
[ info ] [ LOG ] INIT File
[ sql ] [ DB ] CONNECT:[ UseTime:0.000346s ] mysql:dbname=shop;host=127.0.0.1;port=3306;charset=utf8
[ sql ] [ SQL ] SHOW COLUMNS FROM `shop_category` [ RunTime:0.000609s ]
[ sql ] [ SQL ] SELECT * FROM `shop_category` WHERE  `cate_navshow` = 1 [ RunTime:0.000171s ]
[ sql ] [ SQL ] SELECT * FROM `shop_category` WHERE  `cate_show` = 1 [ RunTime:0.000161s ]
[ sql ] [ SQL ] SHOW COLUMNS FROM `shop_hide` [ RunTime:0.000516s ]
[ sql ] [ SQL ] SELECT `goods_id` FROM `shop_hide` WHERE  `user_id` = null [ RunTime:0.000198s ]
[ sql ] [ SQL ] SELECT `cate_name` FROM `shop_category` WHERE  `cate_id` = 2 LIMIT 1 [ RunTime:0.000109s ]
[ sql ] [ SQL ] SELECT `cate_name` FROM `shop_category` WHERE  `pid` = 2 LIMIT 1 [ RunTime:0.000117s ]
[ sql ] [ SQL ] SELECT * FROM `shop_category` [ RunTime:0.000137s ]
[ sql ] [ SQL ] SHOW COLUMNS FROM `shop_goods` [ RunTime:0.000518s ]
[ sql ] [ SQL ] SELECT `brand_id` FROM `shop_goods` WHERE  `cate_id` IN (7,16,60,8,17) [ RunTime:0.000281s ]
[ sql ] [ SQL ] SHOW COLUMNS FROM `shop_brand` [ RunTime:0.000625s ]
[ sql ] [ SQL ] SELECT * FROM `shop_brand` WHERE  `brand_id` IN (40,46,43,44,45,39,42) [ RunTime:0.000147s ]
[ sql ] [ SQL ] SELECT max(self_price) FROM `shop_goods` WHERE  `cate_id` IN (7,16,60,8,17) LIMIT 1 [ RunTime:0.000307s ]
[ sql ] [ SQL ] SELECT * FROM `shop_goods` WHERE  `cate_id` IN (7,16,60,8,17) ORDER BY `goods_num`  desc LIMIT 0,8 [ RunTime:0.000323s ]
[ sql ] [ SQL ] SELECT COUNT(*) AS tp_count FROM `shop_goods` WHERE  `cate_id` IN (7,16,60,8,17) LIMIT 1 [ RunTime:0.000238s ]

---------------------------------------------------------------
[ 2019-07-25T21:12:24+08:00 ] 172.17.20.138 114.242.249.207 GET /index.php/goods/goodslist.html?cate_id=2
[ log ] ecshop.nichousha.xyz/index.php/goods/goodslist.html?cate_id=2 [运行时间：0.013207s][吞吐率：75.72req/s] [内存消耗：730.95kb] [文件加载：61]
[ info ] [ LANG ] /data/wwwroot/default/ecshoptp5/thinkphp/lang/zh-cn.php
[ info ] [ BIND ] 'index'
[ info ] [ ROUTE ] array (
  'type' => 'module',
  'module' => 
  array (
    0 => 'index',
    1 => 'goods',
    2 => 'goodslist',
  ),
)
[ info ] [ HEADER ] array (
  'cookie' => 'PHPSESSID=phhdcatbdbejmnv25gdsapgjmf',
  'accept-language' => 'zh-CN,zh;q=0.9',
  'accept-encoding' => 'gzip, deflate',
  'referer' => 'http://ecshop.nichousha.xyz/index.php',
  'accept' => 'text/html,application/xhtml+xml,application/xml;q=0.9,image/webp,image/apng,*/*;q=0.8,application/signed-exchange;v=b3',
  'user-agent' => 'Mozilla/5.0 (Windows NT 10.0; WOW64) AppleWebKit/537.36 (KHTML, like Gecko) Chrome/74.0.3729.131 Safari/537.36',
  'upgrade-insecure-requests' => '1',
  'connection' => 'keep-alive',
  'host' => 'ecshop.nichousha.xyz',
  'content-type' => '',
  'content-length' => '',
)
[ info ] [ PARAM ] array (
  'cate_id' => '2',
)
[ info ] [ RUN ] app\index\controller\Goods->goodsList[ /data/wwwroot/default/ecshoptp5/application/index/controller/Goods.php ]
[ info ] [ DB ] INIT mysql
[ info ] [ SESSION ] INIT array (
  'id' => '',
  'var_session_id' => '',
  'prefix' => 'think',
  'type' => '',
  'auto_start' => true,
)
[ info ] [ VIEW ] /data/wwwroot/default/ecshoptp5/public/../application/index/view/goods/goodslist.html [ array (
  0 => 'controllerName',
  1 => 'getCateInfo',
  2 => 'Info',
  3 => 'goods_id',
  4 => 'cartCount',
  5 => 'cartInfo',
  6 => 'priceNum',
  7 => 'cate_name',
  8 => 'son_name',
  9 => 'brandInfo',
  10 => 'priceInfo',
  11 => 'count',
  12 => 'goodsInfo',
  13 => 'str',
  14 => 'historyInfo',
) ]
[ info ] [ LOG ] INIT File
[ sql ] [ DB ] CONNECT:[ UseTime:0.000336s ] mysql:dbname=shop;host=127.0.0.1;port=3306;charset=utf8
[ sql ] [ SQL ] SHOW COLUMNS FROM `shop_category` [ RunTime:0.000585s ]
[ sql ] [ SQL ] SELECT * FROM `shop_category` WHERE  `cate_navshow` = 1 [ RunTime:0.000186s ]
[ sql ] [ SQL ] SELECT * FROM `shop_category` WHERE  `cate_show` = 1 [ RunTime:0.000143s ]
[ sql ] [ SQL ] SHOW COLUMNS FROM `shop_hide` [ RunTime:0.000509s ]
[ sql ] [ SQL ] SELECT `goods_id` FROM `shop_hide` WHERE  `user_id` = null [ RunTime:0.000126s ]
[ sql ] [ SQL ] SELECT `cate_name` FROM `shop_category` WHERE  `cate_id` = 2 LIMIT 1 [ RunTime:0.000111s ]
[ sql ] [ SQL ] SELECT `cate_name` FROM `shop_category` WHERE  `pid` = 2 LIMIT 1 [ RunTime:0.000093s ]
[ sql ] [ SQL ] SELECT * FROM `shop_category` [ RunTime:0.000127s ]
[ sql ] [ SQL ] SHOW COLUMNS FROM `shop_goods` [ RunTime:0.000428s ]
[ sql ] [ SQL ] SELECT `brand_id` FROM `shop_goods` WHERE  `cate_id` IN (7,16,60,8,17) [ RunTime:0.000147s ]
[ sql ] [ SQL ] SHOW COLUMNS FROM `shop_brand` [ RunTime:0.000382s ]
[ sql ] [ SQL ] SELECT * FROM `shop_brand` WHERE  `brand_id` IN (40,46,43,44,45,39,42) [ RunTime:0.000134s ]
[ sql ] [ SQL ] SELECT max(self_price) FROM `shop_goods` WHERE  `cate_id` IN (7,16,60,8,17) LIMIT 1 [ RunTime:0.000143s ]
[ sql ] [ SQL ] SELECT * FROM `shop_goods` WHERE  `cate_id` IN (7,16,60,8,17) ORDER BY `goods_num`  desc LIMIT 0,8 [ RunTime:0.000149s ]
[ sql ] [ SQL ] SELECT COUNT(*) AS tp_count FROM `shop_goods` WHERE  `cate_id` IN (7,16,60,8,17) LIMIT 1 [ RunTime:0.000110s ]

---------------------------------------------------------------
