[ 2019-07-26T09:32:33+08:00 ] 172.17.20.138 47.100.53.146 GET /index.php
[ log ] ecshop.nichousha.xyz/index.php [运行时间：0.011085s][吞吐率：90.21req/s] [内存消耗：723.63kb] [文件加载：58]
[ info ] [ LANG ] /data/wwwroot/default/ecshoptp5/thinkphp/lang/zh-cn.php
[ info ] [ BIND ] 'index'
[ info ] [ ROUTE ] array (
  'type' => 'module',
  'module' => 
  array (
    0 => 'index',
    1 => NULL,
    2 => NULL,
  ),
)
[ info ] [ HEADER ] array (
  'accept-encoding' => 'gzip',
  'connection' => 'Keep-Alive',
  'host' => 'ecshop.nichousha.xyz',
  'user-agent' => 'Mozilla/5.0 (Linux; Android 4.1.1; Nexus 7 Build/JRO03D))',
  'content-type' => '',
  'content-length' => '',
)
[ info ] [ PARAM ] array (
)
[ info ] [ RUN ] app\index\controller\Index->index[ /data/wwwroot/default/ecshoptp5/application/index/controller/Index.php ]
[ info ] [ DB ] INIT mysql
[ info ] [ SESSION ] INIT array (
  'id' => '',
  'var_session_id' => '',
  'prefix' => 'think',
  'type' => '',
  'auto_start' => true,
)
[ info ] [ VIEW ] /data/wwwroot/default/ecshoptp5/public/../application/index/view/index/index.html [ array (
  0 => 'controllerName',
  1 => 'getCateInfo',
  2 => 'Info',
  3 => 'cartCount',
  4 => 'cartInfo',
  5 => 'priceNum',
  6 => 'foolInfo',
) ]
[ info ] [ LOG ] INIT File
[ sql ] [ DB ] CONNECT:[ UseTime:0.000324s ] mysql:dbname=shop;host=127.0.0.1;port=3306;charset=utf8
[ sql ] [ SQL ] SHOW COLUMNS FROM `shop_category` [ RunTime:0.000600s ]
[ sql ] [ SQL ] SELECT * FROM `shop_category` WHERE  `cate_navshow` = 1 [ RunTime:0.000185s ]
[ sql ] [ SQL ] SELECT * FROM `shop_category` WHERE  `cate_show` = 1 [ RunTime:0.000148s ]
[ sql ] [ SQL ] SELECT * FROM `shop_category` WHERE  `cate_id` = 1 LIMIT 1 [ RunTime:0.000189s ]
[ sql ] [ SQL ] SELECT * FROM `shop_category` [ RunTime:0.000132s ]
[ sql ] [ SQL ] SELECT * FROM `shop_category` WHERE  `pid` = 1 [ RunTime:0.000116s ]
[ sql ] [ SQL ] SHOW COLUMNS FROM `shop_goods` [ RunTime:0.000454s ]
[ sql ] [ SQL ] SELECT * FROM `shop_goods` WHERE  `cate_id` IN (5,13,14,6,15) [ RunTime:0.000169s ]

---------------------------------------------------------------
[ 2019-07-26T10:06:02+08:00 ] 172.17.20.138 101.132.102.45 GET /index.php/goods/goodslist.html?cate_id=2
[ log ] ecshop.nichousha.xyz/index.php/goods/goodslist.html?cate_id=2 [运行时间：0.013076s][吞吐率：76.48req/s] [内存消耗：729.98kb] [文件加载：61]
[ info ] [ LANG ] /data/wwwroot/default/ecshoptp5/thinkphp/lang/zh-cn.php
[ info ] [ BIND ] 'index'
[ info ] [ ROUTE ] array (
  'type' => 'module',
  'module' => 
  array (
    0 => 'index',
    1 => 'goods',
    2 => 'goodslist',
  ),
)
[ info ] [ HEADER ] array (
  'accept-encoding' => 'gzip',
  'connection' => 'Keep-Alive',
  'host' => 'ecshop.nichousha.xyz',
  'user-agent' => 'Mozilla/5.0 (Linux; Android 4.1.1; Nexus 7 Build/JRO03D))',
  'content-type' => '',
  'content-length' => '',
)
[ info ] [ PARAM ] array (
  'cate_id' => '2',
)
[ info ] [ RUN ] app\index\controller\Goods->goodsList[ /data/wwwroot/default/ecshoptp5/application/index/controller/Goods.php ]
[ info ] [ DB ] INIT mysql
[ info ] [ SESSION ] INIT array (
  'id' => '',
  'var_session_id' => '',
  'prefix' => 'think',
  'type' => '',
  'auto_start' => true,
)
[ info ] [ VIEW ] /data/wwwroot/default/ecshoptp5/public/../application/index/view/goods/goodslist.html [ array (
  0 => 'controllerName',
  1 => 'getCateInfo',
  2 => 'Info',
  3 => 'goods_id',
  4 => 'cartCount',
  5 => 'cartInfo',
  6 => 'priceNum',
  7 => 'cate_name',
  8 => 'son_name',
  9 => 'brandInfo',
  10 => 'priceInfo',
  11 => 'count',
  12 => 'goodsInfo',
  13 => 'str',
  14 => 'historyInfo',
) ]
[ info ] [ LOG ] INIT File
[ sql ] [ DB ] CONNECT:[ UseTime:0.000318s ] mysql:dbname=shop;host=127.0.0.1;port=3306;charset=utf8
[ sql ] [ SQL ] SHOW COLUMNS FROM `shop_category` [ RunTime:0.000635s ]
[ sql ] [ SQL ] SELECT * FROM `shop_category` WHERE  `cate_navshow` = 1 [ RunTime:0.000177s ]
[ sql ] [ SQL ] SELECT * FROM `shop_category` WHERE  `cate_show` = 1 [ RunTime:0.000163s ]
[ sql ] [ SQL ] SHOW COLUMNS FROM `shop_hide` [ RunTime:0.000513s ]
[ sql ] [ SQL ] SELECT `goods_id` FROM `shop_hide` WHERE  `user_id` = null [ RunTime:0.000124s ]
[ sql ] [ SQL ] SELECT `cate_name` FROM `shop_category` WHERE  `cate_id` = 2 LIMIT 1 [ RunTime:0.000111s ]
[ sql ] [ SQL ] SELECT `cate_name` FROM `shop_category` WHERE  `pid` = 2 LIMIT 1 [ RunTime:0.000094s ]
[ sql ] [ SQL ] SELECT * FROM `shop_category` [ RunTime:0.000251s ]
[ sql ] [ SQL ] SHOW COLUMNS FROM `shop_goods` [ RunTime:0.000456s ]
[ sql ] [ SQL ] SELECT `brand_id` FROM `shop_goods` WHERE  `cate_id` IN (7,16,60,8,17) [ RunTime:0.000130s ]
[ sql ] [ SQL ] SHOW COLUMNS FROM `shop_brand` [ RunTime:0.000371s ]
[ sql ] [ SQL ] SELECT * FROM `shop_brand` WHERE  `brand_id` IN (40,46,43,44,45,39,42) [ RunTime:0.000150s ]
[ sql ] [ SQL ] SELECT max(self_price) FROM `shop_goods` WHERE  `cate_id` IN (7,16,60,8,17) LIMIT 1 [ RunTime:0.000123s ]
[ sql ] [ SQL ] SELECT * FROM `shop_goods` WHERE  `cate_id` IN (7,16,60,8,17) ORDER BY `goods_num`  desc LIMIT 0,8 [ RunTime:0.000147s ]
[ sql ] [ SQL ] SELECT COUNT(*) AS tp_count FROM `shop_goods` WHERE  `cate_id` IN (7,16,60,8,17) LIMIT 1 [ RunTime:0.000111s ]

---------------------------------------------------------------
