[ 2019-03-20T12:07:56+08:00 ] 172.17.20.138 66.249.66.199 GET /ecshoptp5/public/
[ log ] www.btl58.com/ecshoptp5/public/ [运行时间：0.063539s][吞吐率：15.74req/s] [内存消耗：923.90kb] [文件加载：58]
[ info ] [ LANG ] /data/wwwroot/default/ecshoptp5/thinkphp/lang/zh-cn.php
[ info ] [ BIND ] 'index'
[ info ] [ ROUTE ] array (
  'type' => 'module',
  'module' => 
  array (
    0 => 'index',
    1 => NULL,
    2 => NULL,
  ),
)
[ info ] [ HEADER ] array (
  'accept-encoding' => 'gzip,deflate,br',
  'user-agent' => 'Mozilla/5.0 (Linux; Android 6.0.1; Nexus 5X Build/MMB29P) AppleWebKit/537.36 (KHTML, like Gecko) Chrome/41.0.2272.96 Mobile Safari/537.36 (compatible; Googlebot/2.1; +http://www.google.com/bot.html)',
  'from' => 'googlebot(at)googlebot.com',
  'accept' => 'text/html,application/xhtml+xml,application/xml;q=0.9,*/*;q=0.8,text/html,application/xhtml+xml,application/signed-exchange;v=b3,application/xml;q=0.9,*/*;q=0.8',
  'connection' => 'keep-alive',
  'amp-cache-transform' => 'google;v="1"',
  'host' => 'www.btl58.com',
  'content-type' => '',
  'content-length' => '',
)
[ info ] [ PARAM ] array (
)
[ info ] [ RUN ] app\index\controller\Index->index[ /data/wwwroot/default/ecshoptp5/application/index/controller/Index.php ]
[ info ] [ DB ] INIT mysql
[ info ] [ SESSION ] INIT array (
  'id' => '',
  'var_session_id' => '',
  'prefix' => 'think',
  'type' => '',
  'auto_start' => true,
)
[ info ] [ VIEW ] /data/wwwroot/default/ecshoptp5/public/../application/index/view/index/index.html [ array (
  0 => 'controllerName',
  1 => 'getCateInfo',
  2 => 'Info',
  3 => 'cartCount',
  4 => 'cartInfo',
  5 => 'priceNum',
  6 => 'foolInfo',
) ]
[ info ] [ LOG ] INIT File
[ sql ] [ DB ] CONNECT:[ UseTime:0.000360s ] mysql:dbname=shop;host=127.0.0.1;port=3306;charset=utf8
[ sql ] [ SQL ] SHOW COLUMNS FROM `shop_category` [ RunTime:0.000646s ]
[ sql ] [ SQL ] SELECT * FROM `shop_category` WHERE  `cate_navshow` = 1 [ RunTime:0.000204s ]
[ sql ] [ SQL ] SELECT * FROM `shop_category` WHERE  `cate_show` = 1 [ RunTime:0.000147s ]
[ sql ] [ SQL ] SELECT * FROM `shop_category` WHERE  `cate_id` = 1 LIMIT 1 [ RunTime:0.000208s ]
[ sql ] [ SQL ] SELECT * FROM `shop_category` [ RunTime:0.000131s ]
[ sql ] [ SQL ] SELECT * FROM `shop_category` WHERE  `pid` = 1 [ RunTime:0.000130s ]
[ sql ] [ SQL ] SHOW COLUMNS FROM `shop_goods` [ RunTime:0.000560s ]
[ sql ] [ SQL ] SELECT * FROM `shop_goods` WHERE  `cate_id` IN (5,13,14,6,15) [ RunTime:0.000174s ]

---------------------------------------------------------------
[ 2019-03-20T13:21:58+08:00 ] 172.17.20.138 47.92.4.72 GET /ecshoptp5/public/index.php/order/cartcount.html?goods_id=5
[ log ] 47.93.196.30/ecshoptp5/public/index.php/order/cartcount.html?goods_id=5 [运行时间：0.007431s][吞吐率：134.57req/s] [内存消耗：318.32kb] [文件加载：49]
[ info ] [ LANG ] /data/wwwroot/default/ecshoptp5/thinkphp/lang/zh-cn.php
[ info ] [ BIND ] 'index'
[ info ] [ ROUTE ] array (
  'type' => 'module',
  'module' => 
  array (
    0 => 'index',
    1 => 'order',
    2 => 'cartcount',
  ),
)
[ info ] [ HEADER ] array (
  'connection' => 'keep-alive',
  'accept' => 'text/html, image/gif, image/jpeg, *; q=.2, */*; q=.2',
  'host' => '47.93.196.30',
  'user-agent' => 'Mozilla/5.0 (X11; Ubuntu; Linux x86_64; rv:36.0) Gecko/20100101 Firefox/36.0',
  'content-type' => '',
  'content-length' => '',
)
[ info ] [ PARAM ] array (
  'goods_id' => '5',
)
[ info ] [ RUN ] app\index\controller\Order->cartCount[ /data/wwwroot/default/ecshoptp5/application/index/controller/Order.php ]
[ info ] [ SESSION ] INIT array (
  'id' => '',
  'var_session_id' => '',
  'prefix' => 'think',
  'type' => '',
  'auto_start' => true,
)
[ info ] [ VIEW ] /data/wwwroot/default/ecshoptp5/thinkphp/tpl/dispatch_jump.tpl [ array (
  0 => 'controllerName',
  1 => 'code',
  2 => 'msg',
  3 => 'data',
  4 => 'url',
  5 => 'wait',
) ]
[ info ] [ LOG ] INIT File

---------------------------------------------------------------
[ 2019-03-20T13:39:01+08:00 ] 172.17.20.138 47.100.1.70 GET /ecshoptp5/public/
[ log ] www.beatly.cn/ecshoptp5/public/ [运行时间：0.010123s][吞吐率：98.78req/s] [内存消耗：723.96kb] [文件加载：58]
[ info ] [ LANG ] /data/wwwroot/default/ecshoptp5/thinkphp/lang/zh-cn.php
[ info ] [ BIND ] 'index'
[ info ] [ ROUTE ] array (
  'type' => 'module',
  'module' => 
  array (
    0 => 'index',
    1 => NULL,
    2 => NULL,
  ),
)
[ info ] [ HEADER ] array (
  'connection' => 'keep-alive',
  'accept' => 'text/html, image/gif, image/jpeg, *; q=.2, */*; q=.2',
  'host' => 'www.beatly.cn',
  'user-agent' => 'Mozilla/5.0 (X11; Ubuntu; Linux x86_64; rv:36.0) Gecko/20100101 Firefox/36.0',
  'content-type' => '',
  'content-length' => '',
)
[ info ] [ PARAM ] array (
)
[ info ] [ RUN ] app\index\controller\Index->index[ /data/wwwroot/default/ecshoptp5/application/index/controller/Index.php ]
[ info ] [ DB ] INIT mysql
[ info ] [ SESSION ] INIT array (
  'id' => '',
  'var_session_id' => '',
  'prefix' => 'think',
  'type' => '',
  'auto_start' => true,
)
[ info ] [ VIEW ] /data/wwwroot/default/ecshoptp5/public/../application/index/view/index/index.html [ array (
  0 => 'controllerName',
  1 => 'getCateInfo',
  2 => 'Info',
  3 => 'cartCount',
  4 => 'cartInfo',
  5 => 'priceNum',
  6 => 'foolInfo',
) ]
[ info ] [ LOG ] INIT File
[ sql ] [ DB ] CONNECT:[ UseTime:0.000337s ] mysql:dbname=shop;host=127.0.0.1;port=3306;charset=utf8
[ sql ] [ SQL ] SHOW COLUMNS FROM `shop_category` [ RunTime:0.000632s ]
[ sql ] [ SQL ] SELECT * FROM `shop_category` WHERE  `cate_navshow` = 1 [ RunTime:0.000181s ]
[ sql ] [ SQL ] SELECT * FROM `shop_category` WHERE  `cate_show` = 1 [ RunTime:0.000174s ]
[ sql ] [ SQL ] SELECT * FROM `shop_category` WHERE  `cate_id` = 1 LIMIT 1 [ RunTime:0.000166s ]
[ sql ] [ SQL ] SELECT * FROM `shop_category` [ RunTime:0.000120s ]
[ sql ] [ SQL ] SELECT * FROM `shop_category` WHERE  `pid` = 1 [ RunTime:0.000121s ]
[ sql ] [ SQL ] SHOW COLUMNS FROM `shop_goods` [ RunTime:0.000546s ]
[ sql ] [ SQL ] SELECT * FROM `shop_goods` WHERE  `cate_id` IN (5,13,14,6,15) [ RunTime:0.000176s ]

---------------------------------------------------------------
[ 2019-03-20T13:50:08+08:00 ] 172.17.20.138 101.132.182.68 GET /ecshoptp5/public/index.php/goods/goodslist.html
[ log ] 47.93.196.30/ecshoptp5/public/index.php/goods/goodslist.html [运行时间：0.015201s][吞吐率：65.78req/s] [内存消耗：805.31kb] [文件加载：61]
[ info ] [ LANG ] /data/wwwroot/default/ecshoptp5/thinkphp/lang/zh-cn.php
[ info ] [ BIND ] 'index'
[ info ] [ ROUTE ] array (
  'type' => 'module',
  'module' => 
  array (
    0 => 'index',
    1 => 'goods',
    2 => 'goodslist',
  ),
)
[ info ] [ HEADER ] array (
  'connection' => 'keep-alive',
  'accept' => 'text/html, image/gif, image/jpeg, *; q=.2, */*; q=.2',
  'host' => '47.93.196.30',
  'user-agent' => 'Mozilla/5.0 (X11; Ubuntu; Linux x86_64; rv:36.0) Gecko/20100101 Firefox/36.0',
  'content-type' => '',
  'content-length' => '',
)
[ info ] [ PARAM ] array (
)
[ info ] [ RUN ] app\index\controller\Goods->goodsList[ /data/wwwroot/default/ecshoptp5/application/index/controller/Goods.php ]
[ info ] [ DB ] INIT mysql
[ info ] [ SESSION ] INIT array (
  'id' => '',
  'var_session_id' => '',
  'prefix' => 'think',
  'type' => '',
  'auto_start' => true,
)
[ info ] [ VIEW ] /data/wwwroot/default/ecshoptp5/public/../application/index/view/goods/goodslist.html [ array (
  0 => 'controllerName',
  1 => 'getCateInfo',
  2 => 'Info',
  3 => 'goods_id',
  4 => 'cartCount',
  5 => 'cartInfo',
  6 => 'priceNum',
  7 => 'cate_name',
  8 => 'son_name',
  9 => 'brandInfo',
  10 => 'priceInfo',
  11 => 'count',
  12 => 'goodsInfo',
  13 => 'str',
  14 => 'historyInfo',
) ]
[ info ] [ LOG ] INIT File
[ sql ] [ DB ] CONNECT:[ UseTime:0.000385s ] mysql:dbname=shop;host=127.0.0.1;port=3306;charset=utf8
[ sql ] [ SQL ] SHOW COLUMNS FROM `shop_category` [ RunTime:0.000664s ]
[ sql ] [ SQL ] SELECT * FROM `shop_category` WHERE  `cate_navshow` = 1 [ RunTime:0.000282s ]
[ sql ] [ SQL ] SELECT * FROM `shop_category` WHERE  `cate_show` = 1 [ RunTime:0.000162s ]
[ sql ] [ SQL ] SHOW COLUMNS FROM `shop_hide` [ RunTime:0.000563s ]
[ sql ] [ SQL ] SELECT `goods_id` FROM `shop_hide` WHERE  `user_id` = null [ RunTime:0.000143s ]
[ sql ] [ SQL ] SELECT `cate_name` FROM `shop_category` WHERE  `cate_id` IS NULL LIMIT 1 [ RunTime:0.000112s ]
[ sql ] [ SQL ] SELECT `cate_name` FROM `shop_category` WHERE  `pid` IS NULL LIMIT 1 [ RunTime:0.000088s ]
[ sql ] [ SQL ] SHOW COLUMNS FROM `shop_brand` [ RunTime:0.000492s ]
[ sql ] [ SQL ] SELECT * FROM `shop_brand` [ RunTime:0.000146s ]
[ sql ] [ SQL ] SHOW COLUMNS FROM `shop_goods` [ RunTime:0.000443s ]
[ sql ] [ SQL ] SELECT max(self_price) FROM `shop_goods` LIMIT 1 [ RunTime:0.000108s ]
[ sql ] [ SQL ] SELECT * FROM `shop_goods` ORDER BY `goods_num`  desc LIMIT 0,8 [ RunTime:0.000126s ]
[ sql ] [ SQL ] SELECT COUNT(*) AS tp_count FROM `shop_goods` LIMIT 1 [ RunTime:0.000087s ]

---------------------------------------------------------------
[ 2019-03-20T13:56:05+08:00 ] 172.17.20.138 101.132.106.40 GET /ecshoptp5/public/index.php/goods/goodslist.html?cate_id=1
[ log ] 47.93.196.30/ecshoptp5/public/index.php/goods/goodslist.html?cate_id=1 [运行时间：0.013486s][吞吐率：74.15req/s] [内存消耗：733.20kb] [文件加载：61]
[ info ] [ LANG ] /data/wwwroot/default/ecshoptp5/thinkphp/lang/zh-cn.php
[ info ] [ BIND ] 'index'
[ info ] [ ROUTE ] array (
  'type' => 'module',
  'module' => 
  array (
    0 => 'index',
    1 => 'goods',
    2 => 'goodslist',
  ),
)
[ info ] [ HEADER ] array (
  'connection' => 'keep-alive',
  'accept' => 'text/html, image/gif, image/jpeg, *; q=.2, */*; q=.2',
  'host' => '47.93.196.30',
  'user-agent' => 'Mozilla/5.0 (X11; Ubuntu; Linux x86_64; rv:36.0) Gecko/20100101 Firefox/36.0',
  'content-type' => '',
  'content-length' => '',
)
[ info ] [ PARAM ] array (
  'cate_id' => '1',
)
[ info ] [ RUN ] app\index\controller\Goods->goodsList[ /data/wwwroot/default/ecshoptp5/application/index/controller/Goods.php ]
[ info ] [ DB ] INIT mysql
[ info ] [ SESSION ] INIT array (
  'id' => '',
  'var_session_id' => '',
  'prefix' => 'think',
  'type' => '',
  'auto_start' => true,
)
[ info ] [ VIEW ] /data/wwwroot/default/ecshoptp5/public/../application/index/view/goods/goodslist.html [ array (
  0 => 'controllerName',
  1 => 'getCateInfo',
  2 => 'Info',
  3 => 'goods_id',
  4 => 'cartCount',
  5 => 'cartInfo',
  6 => 'priceNum',
  7 => 'cate_name',
  8 => 'son_name',
  9 => 'brandInfo',
  10 => 'priceInfo',
  11 => 'count',
  12 => 'goodsInfo',
  13 => 'str',
  14 => 'historyInfo',
) ]
[ info ] [ LOG ] INIT File
[ sql ] [ DB ] CONNECT:[ UseTime:0.000455s ] mysql:dbname=shop;host=127.0.0.1;port=3306;charset=utf8
[ sql ] [ SQL ] SHOW COLUMNS FROM `shop_category` [ RunTime:0.000664s ]
[ sql ] [ SQL ] SELECT * FROM `shop_category` WHERE  `cate_navshow` = 1 [ RunTime:0.000249s ]
[ sql ] [ SQL ] SELECT * FROM `shop_category` WHERE  `cate_show` = 1 [ RunTime:0.000165s ]
[ sql ] [ SQL ] SHOW COLUMNS FROM `shop_hide` [ RunTime:0.000520s ]
[ sql ] [ SQL ] SELECT `goods_id` FROM `shop_hide` WHERE  `user_id` = null [ RunTime:0.000111s ]
[ sql ] [ SQL ] SELECT `cate_name` FROM `shop_category` WHERE  `cate_id` = 1 LIMIT 1 [ RunTime:0.000141s ]
[ sql ] [ SQL ] SELECT `cate_name` FROM `shop_category` WHERE  `pid` = 1 LIMIT 1 [ RunTime:0.000100s ]
[ sql ] [ SQL ] SELECT * FROM `shop_category` [ RunTime:0.000128s ]
[ sql ] [ SQL ] SHOW COLUMNS FROM `shop_goods` [ RunTime:0.000476s ]
[ sql ] [ SQL ] SELECT `brand_id` FROM `shop_goods` WHERE  `cate_id` IN (5,13,14,6,15) [ RunTime:0.000126s ]
[ sql ] [ SQL ] SHOW COLUMNS FROM `shop_brand` [ RunTime:0.000391s ]
[ sql ] [ SQL ] SELECT * FROM `shop_brand` WHERE  `brand_id` IN (31,32,33,34,40,35,36,37,38) [ RunTime:0.000142s ]
[ sql ] [ SQL ] SELECT max(self_price) FROM `shop_goods` WHERE  `cate_id` IN (5,13,14,6,15) LIMIT 1 [ RunTime:0.000119s ]
[ sql ] [ SQL ] SELECT * FROM `shop_goods` WHERE  `cate_id` IN (5,13,14,6,15) ORDER BY `goods_num`  desc LIMIT 0,8 [ RunTime:0.000166s ]
[ sql ] [ SQL ] SELECT COUNT(*) AS tp_count FROM `shop_goods` WHERE  `cate_id` IN (5,13,14,6,15) LIMIT 1 [ RunTime:0.000113s ]

---------------------------------------------------------------
[ 2019-03-20T19:22:47+08:00 ] 172.17.20.138 66.249.66.28 GET /ecshoptp5/public/
[ log ] www.beatly.cn/ecshoptp5/public/ [运行时间：0.014197s][吞吐率：70.44req/s] [内存消耗：724.09kb] [文件加载：58]
[ info ] [ LANG ] /data/wwwroot/default/ecshoptp5/thinkphp/lang/zh-cn.php
[ info ] [ BIND ] 'index'
[ info ] [ ROUTE ] array (
  'type' => 'module',
  'module' => 
  array (
    0 => 'index',
    1 => NULL,
    2 => NULL,
  ),
)
[ info ] [ HEADER ] array (
  'accept-encoding' => 'gzip,deflate,br',
  'user-agent' => 'Mozilla/5.0 (compatible; Googlebot/2.1; +http://www.google.com/bot.html)',
  'from' => 'googlebot(at)googlebot.com',
  'accept' => 'text/html,application/xhtml+xml,application/xml;q=0.9,*/*;q=0.8',
  'connection' => 'keep-alive',
  'host' => 'www.beatly.cn',
  'content-type' => '',
  'content-length' => '',
)
[ info ] [ PARAM ] array (
)
[ info ] [ RUN ] app\index\controller\Index->index[ /data/wwwroot/default/ecshoptp5/application/index/controller/Index.php ]
[ info ] [ DB ] INIT mysql
[ info ] [ SESSION ] INIT array (
  'id' => '',
  'var_session_id' => '',
  'prefix' => 'think',
  'type' => '',
  'auto_start' => true,
)
[ info ] [ VIEW ] /data/wwwroot/default/ecshoptp5/public/../application/index/view/index/index.html [ array (
  0 => 'controllerName',
  1 => 'getCateInfo',
  2 => 'Info',
  3 => 'cartCount',
  4 => 'cartInfo',
  5 => 'priceNum',
  6 => 'foolInfo',
) ]
[ info ] [ LOG ] INIT File
[ sql ] [ DB ] CONNECT:[ UseTime:0.000439s ] mysql:dbname=shop;host=127.0.0.1;port=3306;charset=utf8
[ sql ] [ SQL ] SHOW COLUMNS FROM `shop_category` [ RunTime:0.000685s ]
[ sql ] [ SQL ] SELECT * FROM `shop_category` WHERE  `cate_navshow` = 1 [ RunTime:0.000219s ]
[ sql ] [ SQL ] SELECT * FROM `shop_category` WHERE  `cate_show` = 1 [ RunTime:0.000185s ]
[ sql ] [ SQL ] SELECT * FROM `shop_category` WHERE  `cate_id` = 1 LIMIT 1 [ RunTime:0.000415s ]
[ sql ] [ SQL ] SELECT * FROM `shop_category` [ RunTime:0.000141s ]
[ sql ] [ SQL ] SELECT * FROM `shop_category` WHERE  `pid` = 1 [ RunTime:0.000168s ]
[ sql ] [ SQL ] SHOW COLUMNS FROM `shop_goods` [ RunTime:0.000653s ]
[ sql ] [ SQL ] SELECT * FROM `shop_goods` WHERE  `cate_id` IN (5,13,14,6,15) [ RunTime:0.000212s ]

---------------------------------------------------------------
