[ 2019-08-21T06:59:48+08:00 ] 172.17.20.138 47.101.187.41 GET /
[ log ] ecshop.nichousha.xyz/ [运行时间：0.011065s][吞吐率：90.38req/s] [内存消耗：723.61kb] [文件加载：58]
[ info ] [ LANG ] /data/wwwroot/default/ecshoptp5/thinkphp/lang/zh-cn.php
[ info ] [ BIND ] 'index'
[ info ] [ ROUTE ] array (
  'type' => 'module',
  'module' => 
  array (
    0 => 'index',
    1 => NULL,
    2 => NULL,
  ),
)
[ info ] [ HEADER ] array (
  'accept-encoding' => 'gzip',
  'connection' => 'Keep-Alive',
  'host' => 'ecshop.nichousha.xyz',
  'user-agent' => 'Mozilla/5.0 (X11; Ubuntu; Linux x86_64; rv:36.0) Gecko/20100101 Firefox/36.0',
  'content-type' => '',
  'content-length' => '',
)
[ info ] [ PARAM ] array (
)
[ info ] [ RUN ] app\index\controller\Index->index[ /data/wwwroot/default/ecshoptp5/application/index/controller/Index.php ]
[ info ] [ DB ] INIT mysql
[ info ] [ SESSION ] INIT array (
  'id' => '',
  'var_session_id' => '',
  'prefix' => 'think',
  'type' => '',
  'auto_start' => true,
)
[ info ] [ VIEW ] /data/wwwroot/default/ecshoptp5/public/../application/index/view/index/index.html [ array (
  0 => 'controllerName',
  1 => 'getCateInfo',
  2 => 'Info',
  3 => 'cartCount',
  4 => 'cartInfo',
  5 => 'priceNum',
  6 => 'foolInfo',
) ]
[ info ] [ LOG ] INIT File
[ sql ] [ DB ] CONNECT:[ UseTime:0.000332s ] mysql:dbname=shop;host=127.0.0.1;port=3306;charset=utf8
[ sql ] [ SQL ] SHOW COLUMNS FROM `shop_category` [ RunTime:0.000570s ]
[ sql ] [ SQL ] SELECT * FROM `shop_category` WHERE  `cate_navshow` = 1 [ RunTime:0.000189s ]
[ sql ] [ SQL ] SELECT * FROM `shop_category` WHERE  `cate_show` = 1 [ RunTime:0.000166s ]
[ sql ] [ SQL ] SELECT * FROM `shop_category` WHERE  `cate_id` = 1 LIMIT 1 [ RunTime:0.000157s ]
[ sql ] [ SQL ] SELECT * FROM `shop_category` [ RunTime:0.000147s ]
[ sql ] [ SQL ] SELECT * FROM `shop_category` WHERE  `pid` = 1 [ RunTime:0.000130s ]
[ sql ] [ SQL ] SHOW COLUMNS FROM `shop_goods` [ RunTime:0.000484s ]
[ sql ] [ SQL ] SELECT * FROM `shop_goods` WHERE  `cate_id` IN (5,13,14,6,15) [ RunTime:0.000180s ]

---------------------------------------------------------------
[ 2019-08-21T06:59:49+08:00 ] 172.17.20.138 47.101.187.41 GET /cart/cartlist.html
[ log ] ecshop.nichousha.xyz/cart/cartlist.html [运行时间：0.062257s][吞吐率：16.06req/s] [内存消耗：597.15kb] [文件加载：57]
[ info ] [ LANG ] /data/wwwroot/default/ecshoptp5/thinkphp/lang/zh-cn.php
[ info ] [ BIND ] 'index'
[ info ] [ ROUTE ] array (
  'type' => 'module',
  'module' => 
  array (
    0 => 'index',
    1 => 'cart',
    2 => 'cartlist',
  ),
)
[ info ] [ HEADER ] array (
  'accept-encoding' => 'gzip',
  'connection' => 'Keep-Alive',
  'host' => 'ecshop.nichousha.xyz',
  'user-agent' => 'Mozilla/5.0 (X11; Ubuntu; Linux x86_64; rv:36.0) Gecko/20100101 Firefox/36.0',
  'content-type' => '',
  'content-length' => '',
)
[ info ] [ PARAM ] array (
)
[ info ] [ RUN ] app\index\controller\Cart->cartList[ /data/wwwroot/default/ecshoptp5/application/index/controller/Cart.php ]
[ info ] [ DB ] INIT mysql
[ info ] [ SESSION ] INIT array (
  'id' => '',
  'var_session_id' => '',
  'prefix' => 'think',
  'type' => '',
  'auto_start' => true,
)
[ info ] [ VIEW ] /data/wwwroot/default/ecshoptp5/public/../application/index/view/cart/cartlist.html [ array (
  0 => 'controllerName',
  1 => 'getCateInfo',
  2 => 'Info',
  3 => 'cartCount',
  4 => 'cartInfo',
  5 => 'priceNum',
) ]
[ info ] [ LOG ] INIT File
[ sql ] [ DB ] CONNECT:[ UseTime:0.011055s ] mysql:dbname=shop;host=127.0.0.1;port=3306;charset=utf8
[ sql ] [ SQL ] SHOW COLUMNS FROM `shop_category` [ RunTime:0.001635s ]
[ sql ] [ SQL ] SELECT * FROM `shop_category` WHERE  `cate_navshow` = 1 [ RunTime:0.011726s ]
[ sql ] [ SQL ] SELECT * FROM `shop_category` WHERE  `cate_show` = 1 [ RunTime:0.011947s ]

---------------------------------------------------------------
[ 2019-08-21T06:59:49+08:00 ] 172.17.20.138 47.101.187.41 GET /goods/goodsedital.html?goods_id=126
[ log ] ecshop.nichousha.xyz/goods/goodsedital.html?goods_id=126 [运行时间：0.058947s][吞吐率：16.96req/s] [内存消耗：678.63kb] [文件加载：58]
[ info ] [ LANG ] /data/wwwroot/default/ecshoptp5/thinkphp/lang/zh-cn.php
[ info ] [ BIND ] 'index'
[ info ] [ ROUTE ] array (
  'type' => 'module',
  'module' => 
  array (
    0 => 'index',
    1 => 'goods',
    2 => 'goodsedital',
  ),
)
[ info ] [ HEADER ] array (
  'accept-encoding' => 'gzip',
  'connection' => 'Keep-Alive',
  'host' => 'ecshop.nichousha.xyz',
  'user-agent' => 'Mozilla/5.0 (X11; Ubuntu; Linux x86_64; rv:36.0) Gecko/20100101 Firefox/36.0',
  'content-type' => '',
  'content-length' => '',
)
[ info ] [ PARAM ] array (
  'goods_id' => '126',
)
[ info ] [ RUN ] app\index\controller\Goods->goodsEdital[ /data/wwwroot/default/ecshoptp5/application/index/controller/Goods.php ]
[ info ] [ DB ] INIT mysql
[ info ] [ SESSION ] INIT array (
  'id' => '',
  'var_session_id' => '',
  'prefix' => 'think',
  'type' => '',
  'auto_start' => true,
)
[ info ] [ VIEW ] /data/wwwroot/default/ecshoptp5/public/../application/index/view/goods/goodsedital.html [ array (
  0 => 'controllerName',
  1 => 'getCateInfo',
  2 => 'Info',
  3 => 'cartCount',
  4 => 'cartInfo',
  5 => 'priceNum',
  6 => 'cate',
  7 => 'cateF',
  8 => 'data',
) ]
[ info ] [ LOG ] INIT File
[ sql ] [ DB ] CONNECT:[ UseTime:0.004743s ] mysql:dbname=shop;host=127.0.0.1;port=3306;charset=utf8
[ sql ] [ SQL ] SHOW COLUMNS FROM `shop_category` [ RunTime:0.001355s ]
[ sql ] [ SQL ] SELECT * FROM `shop_category` WHERE  `cate_navshow` = 1 [ RunTime:0.002305s ]
[ sql ] [ SQL ] SELECT * FROM `shop_category` WHERE  `cate_show` = 1 [ RunTime:0.015527s ]
[ sql ] [ SQL ] SHOW COLUMNS FROM `shop_goods` [ RunTime:0.014436s ]
[ sql ] [ SQL ] SELECT * FROM `shop_goods` `g` INNER JOIN `shop_brand` `b` ON `g`.`brand_id`=`b`.`brand_id` INNER JOIN `shop_category` `c` ON `g`.`cate_id`=`c`.`cate_id` WHERE  `goods_id` = 126 LIMIT 1 [ RunTime:0.002556s ]
[ sql ] [ SQL ] SELECT * FROM `shop_category` WHERE  `cate_id` = 5 LIMIT 1 [ RunTime:0.001517s ]
[ sql ] [ SQL ] SELECT * FROM `shop_category` WHERE  `cate_id` = 1 LIMIT 1 [ RunTime:0.004650s ]

---------------------------------------------------------------
[ 2019-08-21T06:59:49+08:00 ] 172.17.20.138 47.101.187.41 GET /goods/goodsedital.html?goods_id=18
[ log ] ecshop.nichousha.xyz/goods/goodsedital.html?goods_id=18 [运行时间：0.058254s][吞吐率：17.17req/s] [内存消耗：678.76kb] [文件加载：58]
[ info ] [ LANG ] /data/wwwroot/default/ecshoptp5/thinkphp/lang/zh-cn.php
[ info ] [ BIND ] 'index'
[ info ] [ ROUTE ] array (
  'type' => 'module',
  'module' => 
  array (
    0 => 'index',
    1 => 'goods',
    2 => 'goodsedital',
  ),
)
[ info ] [ HEADER ] array (
  'accept-encoding' => 'gzip',
  'connection' => 'Keep-Alive',
  'host' => 'ecshop.nichousha.xyz',
  'user-agent' => 'Mozilla/5.0 (X11; Ubuntu; Linux x86_64; rv:36.0) Gecko/20100101 Firefox/36.0',
  'content-type' => '',
  'content-length' => '',
)
[ info ] [ PARAM ] array (
  'goods_id' => '18',
)
[ info ] [ RUN ] app\index\controller\Goods->goodsEdital[ /data/wwwroot/default/ecshoptp5/application/index/controller/Goods.php ]
[ info ] [ DB ] INIT mysql
[ info ] [ SESSION ] INIT array (
  'id' => '',
  'var_session_id' => '',
  'prefix' => 'think',
  'type' => '',
  'auto_start' => true,
)
[ info ] [ VIEW ] /data/wwwroot/default/ecshoptp5/public/../application/index/view/goods/goodsedital.html [ array (
  0 => 'controllerName',
  1 => 'getCateInfo',
  2 => 'Info',
  3 => 'cartCount',
  4 => 'cartInfo',
  5 => 'priceNum',
  6 => 'cate',
  7 => 'cateF',
  8 => 'data',
) ]
[ info ] [ LOG ] INIT File
[ sql ] [ DB ] CONNECT:[ UseTime:0.001789s ] mysql:dbname=shop;host=127.0.0.1;port=3306;charset=utf8
[ sql ] [ SQL ] SHOW COLUMNS FROM `shop_category` [ RunTime:0.001506s ]
[ sql ] [ SQL ] SELECT * FROM `shop_category` WHERE  `cate_navshow` = 1 [ RunTime:0.002946s ]
[ sql ] [ SQL ] SELECT * FROM `shop_category` WHERE  `cate_show` = 1 [ RunTime:0.001697s ]
[ sql ] [ SQL ] SHOW COLUMNS FROM `shop_goods` [ RunTime:0.028588s ]
[ sql ] [ SQL ] SELECT * FROM `shop_goods` `g` INNER JOIN `shop_brand` `b` ON `g`.`brand_id`=`b`.`brand_id` INNER JOIN `shop_category` `c` ON `g`.`cate_id`=`c`.`cate_id` WHERE  `goods_id` = 18 LIMIT 1 [ RunTime:0.002689s ]
[ sql ] [ SQL ] SELECT * FROM `shop_category` WHERE  `cate_id` = 5 LIMIT 1 [ RunTime:0.001841s ]
[ sql ] [ SQL ] SELECT * FROM `shop_category` WHERE  `cate_id` = 1 LIMIT 1 [ RunTime:0.000896s ]

---------------------------------------------------------------
[ 2019-08-21T06:59:49+08:00 ] 172.17.20.138 47.101.187.41 GET /goods/goodsedital.html?goods_id=17
[ log ] ecshop.nichousha.xyz/goods/goodsedital.html?goods_id=17 [运行时间：0.062051s][吞吐率：16.12req/s] [内存消耗：678.79kb] [文件加载：58]
[ info ] [ LANG ] /data/wwwroot/default/ecshoptp5/thinkphp/lang/zh-cn.php
[ info ] [ BIND ] 'index'
[ info ] [ ROUTE ] array (
  'type' => 'module',
  'module' => 
  array (
    0 => 'index',
    1 => 'goods',
    2 => 'goodsedital',
  ),
)
[ info ] [ HEADER ] array (
  'accept-encoding' => 'gzip',
  'connection' => 'Keep-Alive',
  'host' => 'ecshop.nichousha.xyz',
  'user-agent' => 'Mozilla/5.0 (X11; Ubuntu; Linux x86_64; rv:36.0) Gecko/20100101 Firefox/36.0',
  'content-type' => '',
  'content-length' => '',
)
[ info ] [ PARAM ] array (
  'goods_id' => '17',
)
[ info ] [ RUN ] app\index\controller\Goods->goodsEdital[ /data/wwwroot/default/ecshoptp5/application/index/controller/Goods.php ]
[ info ] [ DB ] INIT mysql
[ info ] [ SESSION ] INIT array (
  'id' => '',
  'var_session_id' => '',
  'prefix' => 'think',
  'type' => '',
  'auto_start' => true,
)
[ info ] [ VIEW ] /data/wwwroot/default/ecshoptp5/public/../application/index/view/goods/goodsedital.html [ array (
  0 => 'controllerName',
  1 => 'getCateInfo',
  2 => 'Info',
  3 => 'cartCount',
  4 => 'cartInfo',
  5 => 'priceNum',
  6 => 'cate',
  7 => 'cateF',
  8 => 'data',
) ]
[ info ] [ LOG ] INIT File
[ sql ] [ DB ] CONNECT:[ UseTime:0.006313s ] mysql:dbname=shop;host=127.0.0.1;port=3306;charset=utf8
[ sql ] [ SQL ] SHOW COLUMNS FROM `shop_category` [ RunTime:0.001636s ]
[ sql ] [ SQL ] SELECT * FROM `shop_category` WHERE  `cate_navshow` = 1 [ RunTime:0.002471s ]
[ sql ] [ SQL ] SELECT * FROM `shop_category` WHERE  `cate_show` = 1 [ RunTime:0.012367s ]
[ sql ] [ SQL ] SHOW COLUMNS FROM `shop_goods` [ RunTime:0.018316s ]
[ sql ] [ SQL ] SELECT * FROM `shop_goods` `g` INNER JOIN `shop_brand` `b` ON `g`.`brand_id`=`b`.`brand_id` INNER JOIN `shop_category` `c` ON `g`.`cate_id`=`c`.`cate_id` WHERE  `goods_id` = 17 LIMIT 1 [ RunTime:0.002522s ]
[ sql ] [ SQL ] SELECT * FROM `shop_category` WHERE  `cate_id` = 5 LIMIT 1 [ RunTime:0.001179s ]
[ sql ] [ SQL ] SELECT * FROM `shop_category` WHERE  `cate_id` = 1 LIMIT 1 [ RunTime:0.002902s ]

---------------------------------------------------------------
[ 2019-08-21T06:59:49+08:00 ] 172.17.20.138 47.101.187.41 GET /goods/goodsedital.html?goods_id=21
[ log ] ecshop.nichousha.xyz/goods/goodsedital.html?goods_id=21 [运行时间：0.060649s][吞吐率：16.49req/s] [内存消耗：678.55kb] [文件加载：58]
[ info ] [ LANG ] /data/wwwroot/default/ecshoptp5/thinkphp/lang/zh-cn.php
[ info ] [ BIND ] 'index'
[ info ] [ ROUTE ] array (
  'type' => 'module',
  'module' => 
  array (
    0 => 'index',
    1 => 'goods',
    2 => 'goodsedital',
  ),
)
[ info ] [ HEADER ] array (
  'accept-encoding' => 'gzip',
  'connection' => 'Keep-Alive',
  'host' => 'ecshop.nichousha.xyz',
  'user-agent' => 'Mozilla/5.0 (X11; Ubuntu; Linux x86_64; rv:36.0) Gecko/20100101 Firefox/36.0',
  'content-type' => '',
  'content-length' => '',
)
[ info ] [ PARAM ] array (
  'goods_id' => '21',
)
[ info ] [ RUN ] app\index\controller\Goods->goodsEdital[ /data/wwwroot/default/ecshoptp5/application/index/controller/Goods.php ]
[ info ] [ DB ] INIT mysql
[ info ] [ SESSION ] INIT array (
  'id' => '',
  'var_session_id' => '',
  'prefix' => 'think',
  'type' => '',
  'auto_start' => true,
)
[ info ] [ VIEW ] /data/wwwroot/default/ecshoptp5/public/../application/index/view/goods/goodsedital.html [ array (
  0 => 'controllerName',
  1 => 'getCateInfo',
  2 => 'Info',
  3 => 'cartCount',
  4 => 'cartInfo',
  5 => 'priceNum',
  6 => 'cate',
  7 => 'cateF',
  8 => 'data',
) ]
[ info ] [ LOG ] INIT File
[ sql ] [ DB ] CONNECT:[ UseTime:0.000429s ] mysql:dbname=shop;host=127.0.0.1;port=3306;charset=utf8
[ sql ] [ SQL ] SHOW COLUMNS FROM `shop_category` [ RunTime:0.001250s ]
[ sql ] [ SQL ] SELECT * FROM `shop_category` WHERE  `cate_navshow` = 1 [ RunTime:0.003382s ]
[ sql ] [ SQL ] SELECT * FROM `shop_category` WHERE  `cate_show` = 1 [ RunTime:0.005478s ]
[ sql ] [ SQL ] SHOW COLUMNS FROM `shop_goods` [ RunTime:0.027151s ]
[ sql ] [ SQL ] SELECT * FROM `shop_goods` `g` INNER JOIN `shop_brand` `b` ON `g`.`brand_id`=`b`.`brand_id` INNER JOIN `shop_category` `c` ON `g`.`cate_id`=`c`.`cate_id` WHERE  `goods_id` = 21 LIMIT 1 [ RunTime:0.002020s ]
[ sql ] [ SQL ] SELECT * FROM `shop_category` WHERE  `cate_id` = 5 LIMIT 1 [ RunTime:0.007258s ]
[ sql ] [ SQL ] SELECT * FROM `shop_category` WHERE  `cate_id` = 1 LIMIT 1 [ RunTime:0.002210s ]

---------------------------------------------------------------
[ 2019-08-21T06:59:49+08:00 ] 172.17.20.138 47.101.187.41 GET /goods/goodsedital.html?goods_id=19
[ log ] ecshop.nichousha.xyz/goods/goodsedital.html?goods_id=19 [运行时间：0.066323s][吞吐率：15.08req/s] [内存消耗：678.76kb] [文件加载：58]
[ info ] [ LANG ] /data/wwwroot/default/ecshoptp5/thinkphp/lang/zh-cn.php
[ info ] [ BIND ] 'index'
[ info ] [ ROUTE ] array (
  'type' => 'module',
  'module' => 
  array (
    0 => 'index',
    1 => 'goods',
    2 => 'goodsedital',
  ),
)
[ info ] [ HEADER ] array (
  'accept-encoding' => 'gzip',
  'connection' => 'Keep-Alive',
  'host' => 'ecshop.nichousha.xyz',
  'user-agent' => 'Mozilla/5.0 (X11; Ubuntu; Linux x86_64; rv:36.0) Gecko/20100101 Firefox/36.0',
  'content-type' => '',
  'content-length' => '',
)
[ info ] [ PARAM ] array (
  'goods_id' => '19',
)
[ info ] [ RUN ] app\index\controller\Goods->goodsEdital[ /data/wwwroot/default/ecshoptp5/application/index/controller/Goods.php ]
[ info ] [ DB ] INIT mysql
[ info ] [ SESSION ] INIT array (
  'id' => '',
  'var_session_id' => '',
  'prefix' => 'think',
  'type' => '',
  'auto_start' => true,
)
[ info ] [ VIEW ] /data/wwwroot/default/ecshoptp5/public/../application/index/view/goods/goodsedital.html [ array (
  0 => 'controllerName',
  1 => 'getCateInfo',
  2 => 'Info',
  3 => 'cartCount',
  4 => 'cartInfo',
  5 => 'priceNum',
  6 => 'cate',
  7 => 'cateF',
  8 => 'data',
) ]
[ info ] [ LOG ] INIT File
[ sql ] [ DB ] CONNECT:[ UseTime:0.006810s ] mysql:dbname=shop;host=127.0.0.1;port=3306;charset=utf8
[ sql ] [ SQL ] SHOW COLUMNS FROM `shop_category` [ RunTime:0.001896s ]
[ sql ] [ SQL ] SELECT * FROM `shop_category` WHERE  `cate_navshow` = 1 [ RunTime:0.002258s ]
[ sql ] [ SQL ] SELECT * FROM `shop_category` WHERE  `cate_show` = 1 [ RunTime:0.008700s ]
[ sql ] [ SQL ] SHOW COLUMNS FROM `shop_goods` [ RunTime:0.022859s ]
[ sql ] [ SQL ] SELECT * FROM `shop_goods` `g` INNER JOIN `shop_brand` `b` ON `g`.`brand_id`=`b`.`brand_id` INNER JOIN `shop_category` `c` ON `g`.`cate_id`=`c`.`cate_id` WHERE  `goods_id` = 19 LIMIT 1 [ RunTime:0.002341s ]
[ sql ] [ SQL ] SELECT * FROM `shop_category` WHERE  `cate_id` = 5 LIMIT 1 [ RunTime:0.003535s ]
[ sql ] [ SQL ] SELECT * FROM `shop_category` WHERE  `cate_id` = 1 LIMIT 1 [ RunTime:0.004140s ]

---------------------------------------------------------------
[ 2019-08-21T06:59:49+08:00 ] 172.17.20.138 47.101.187.41 GET /goods/goodsedital.html?goods_id=20
[ log ] ecshop.nichousha.xyz/goods/goodsedital.html?goods_id=20 [运行时间：0.064627s][吞吐率：15.47req/s] [内存消耗：678.55kb] [文件加载：58]
[ info ] [ LANG ] /data/wwwroot/default/ecshoptp5/thinkphp/lang/zh-cn.php
[ info ] [ BIND ] 'index'
[ info ] [ ROUTE ] array (
  'type' => 'module',
  'module' => 
  array (
    0 => 'index',
    1 => 'goods',
    2 => 'goodsedital',
  ),
)
[ info ] [ HEADER ] array (
  'accept-encoding' => 'gzip',
  'connection' => 'Keep-Alive',
  'host' => 'ecshop.nichousha.xyz',
  'user-agent' => 'Mozilla/5.0 (X11; Ubuntu; Linux x86_64; rv:36.0) Gecko/20100101 Firefox/36.0',
  'content-type' => '',
  'content-length' => '',
)
[ info ] [ PARAM ] array (
  'goods_id' => '20',
)
[ info ] [ RUN ] app\index\controller\Goods->goodsEdital[ /data/wwwroot/default/ecshoptp5/application/index/controller/Goods.php ]
[ info ] [ DB ] INIT mysql
[ info ] [ SESSION ] INIT array (
  'id' => '',
  'var_session_id' => '',
  'prefix' => 'think',
  'type' => '',
  'auto_start' => true,
)
[ info ] [ VIEW ] /data/wwwroot/default/ecshoptp5/public/../application/index/view/goods/goodsedital.html [ array (
  0 => 'controllerName',
  1 => 'getCateInfo',
  2 => 'Info',
  3 => 'cartCount',
  4 => 'cartInfo',
  5 => 'priceNum',
  6 => 'cate',
  7 => 'cateF',
  8 => 'data',
) ]
[ info ] [ LOG ] INIT File
[ sql ] [ DB ] CONNECT:[ UseTime:0.007068s ] mysql:dbname=shop;host=127.0.0.1;port=3306;charset=utf8
[ sql ] [ SQL ] SHOW COLUMNS FROM `shop_category` [ RunTime:0.001146s ]
[ sql ] [ SQL ] SELECT * FROM `shop_category` WHERE  `cate_navshow` = 1 [ RunTime:0.001873s ]
[ sql ] [ SQL ] SELECT * FROM `shop_category` WHERE  `cate_show` = 1 [ RunTime:0.018889s ]
[ sql ] [ SQL ] SHOW COLUMNS FROM `shop_goods` [ RunTime:0.013003s ]
[ sql ] [ SQL ] SELECT * FROM `shop_goods` `g` INNER JOIN `shop_brand` `b` ON `g`.`brand_id`=`b`.`brand_id` INNER JOIN `shop_category` `c` ON `g`.`cate_id`=`c`.`cate_id` WHERE  `goods_id` = 20 LIMIT 1 [ RunTime:0.001404s ]
[ sql ] [ SQL ] SELECT * FROM `shop_category` WHERE  `cate_id` = 5 LIMIT 1 [ RunTime:0.006869s ]
[ sql ] [ SQL ] SELECT * FROM `shop_category` WHERE  `cate_id` = 1 LIMIT 1 [ RunTime:0.003135s ]

---------------------------------------------------------------
[ 2019-08-21T06:59:49+08:00 ] 172.17.20.138 47.101.187.41 GET /goods/goodsedital.html?goods_id=22
[ log ] ecshop.nichousha.xyz/goods/goodsedital.html?goods_id=22 [运行时间：0.069787s][吞吐率：14.33req/s] [内存消耗：678.57kb] [文件加载：58]
[ info ] [ LANG ] /data/wwwroot/default/ecshoptp5/thinkphp/lang/zh-cn.php
[ info ] [ BIND ] 'index'
[ info ] [ ROUTE ] array (
  'type' => 'module',
  'module' => 
  array (
    0 => 'index',
    1 => 'goods',
    2 => 'goodsedital',
  ),
)
[ info ] [ HEADER ] array (
  'accept-encoding' => 'gzip',
  'connection' => 'Keep-Alive',
  'host' => 'ecshop.nichousha.xyz',
  'user-agent' => 'Mozilla/5.0 (X11; Ubuntu; Linux x86_64; rv:36.0) Gecko/20100101 Firefox/36.0',
  'content-type' => '',
  'content-length' => '',
)
[ info ] [ PARAM ] array (
  'goods_id' => '22',
)
[ info ] [ RUN ] app\index\controller\Goods->goodsEdital[ /data/wwwroot/default/ecshoptp5/application/index/controller/Goods.php ]
[ info ] [ DB ] INIT mysql
[ info ] [ SESSION ] INIT array (
  'id' => '',
  'var_session_id' => '',
  'prefix' => 'think',
  'type' => '',
  'auto_start' => true,
)
[ info ] [ VIEW ] /data/wwwroot/default/ecshoptp5/public/../application/index/view/goods/goodsedital.html [ array (
  0 => 'controllerName',
  1 => 'getCateInfo',
  2 => 'Info',
  3 => 'cartCount',
  4 => 'cartInfo',
  5 => 'priceNum',
  6 => 'cate',
  7 => 'cateF',
  8 => 'data',
) ]
[ info ] [ LOG ] INIT File
[ sql ] [ DB ] CONNECT:[ UseTime:0.037357s ] mysql:dbname=shop;host=127.0.0.1;port=3306;charset=utf8
[ sql ] [ SQL ] SHOW COLUMNS FROM `shop_category` [ RunTime:0.000478s ]
[ sql ] [ SQL ] SELECT * FROM `shop_category` WHERE  `cate_navshow` = 1 [ RunTime:0.005006s ]
[ sql ] [ SQL ] SELECT * FROM `shop_category` WHERE  `cate_show` = 1 [ RunTime:0.000159s ]
[ sql ] [ SQL ] SHOW COLUMNS FROM `shop_goods` [ RunTime:0.006111s ]
[ sql ] [ SQL ] SELECT * FROM `shop_goods` `g` INNER JOIN `shop_brand` `b` ON `g`.`brand_id`=`b`.`brand_id` INNER JOIN `shop_category` `c` ON `g`.`cate_id`=`c`.`cate_id` WHERE  `goods_id` = 22 LIMIT 1 [ RunTime:0.008139s ]
[ sql ] [ SQL ] SELECT * FROM `shop_category` WHERE  `cate_id` = 5 LIMIT 1 [ RunTime:0.002128s ]
[ sql ] [ SQL ] SELECT * FROM `shop_category` WHERE  `cate_id` = 1 LIMIT 1 [ RunTime:0.000042s ]

---------------------------------------------------------------
