[ 2019-08-22T10:17:33+08:00 ] 172.17.20.138 47.101.202.31 GET /
[ log ] ecshop.nichousha.xyz/ [运行时间：0.010403s][吞吐率：96.12req/s] [内存消耗：723.61kb] [文件加载：58]
[ info ] [ LANG ] /data/wwwroot/default/ecshoptp5/thinkphp/lang/zh-cn.php
[ info ] [ BIND ] 'index'
[ info ] [ ROUTE ] array (
  'type' => 'module',
  'module' => 
  array (
    0 => 'index',
    1 => NULL,
    2 => NULL,
  ),
)
[ info ] [ HEADER ] array (
  'accept-encoding' => 'gzip',
  'connection' => 'Keep-Alive',
  'host' => 'ecshop.nichousha.xyz',
  'user-agent' => 'Mozilla/5.0 (X11; Ubuntu; Linux x86_64; rv:36.0) Gecko/20100101 Firefox/36.0',
  'content-type' => '',
  'content-length' => '',
)
[ info ] [ PARAM ] array (
)
[ info ] [ RUN ] app\index\controller\Index->index[ /data/wwwroot/default/ecshoptp5/application/index/controller/Index.php ]
[ info ] [ DB ] INIT mysql
[ info ] [ SESSION ] INIT array (
  'id' => '',
  'var_session_id' => '',
  'prefix' => 'think',
  'type' => '',
  'auto_start' => true,
)
[ info ] [ VIEW ] /data/wwwroot/default/ecshoptp5/public/../application/index/view/index/index.html [ array (
  0 => 'controllerName',
  1 => 'getCateInfo',
  2 => 'Info',
  3 => 'cartCount',
  4 => 'cartInfo',
  5 => 'priceNum',
  6 => 'foolInfo',
) ]
[ info ] [ LOG ] INIT File
[ sql ] [ DB ] CONNECT:[ UseTime:0.000297s ] mysql:dbname=shop;host=127.0.0.1;port=3306;charset=utf8
[ sql ] [ SQL ] SHOW COLUMNS FROM `shop_category` [ RunTime:0.000616s ]
[ sql ] [ SQL ] SELECT * FROM `shop_category` WHERE  `cate_navshow` = 1 [ RunTime:0.000162s ]
[ sql ] [ SQL ] SELECT * FROM `shop_category` WHERE  `cate_show` = 1 [ RunTime:0.000157s ]
[ sql ] [ SQL ] SELECT * FROM `shop_category` WHERE  `cate_id` = 1 LIMIT 1 [ RunTime:0.000148s ]
[ sql ] [ SQL ] SELECT * FROM `shop_category` [ RunTime:0.000118s ]
[ sql ] [ SQL ] SELECT * FROM `shop_category` WHERE  `pid` = 1 [ RunTime:0.000114s ]
[ sql ] [ SQL ] SHOW COLUMNS FROM `shop_goods` [ RunTime:0.000439s ]
[ sql ] [ SQL ] SELECT * FROM `shop_goods` WHERE  `cate_id` IN (5,13,14,6,15) [ RunTime:0.000188s ]

---------------------------------------------------------------
[ 2019-08-22T10:17:34+08:00 ] 172.17.20.138 47.101.202.31 GET /goods/goodsedital.html?goods_id=17
[ log ] ecshop.nichousha.xyz/goods/goodsedital.html?goods_id=17 [运行时间：0.009185s][吞吐率：108.87req/s] [内存消耗：678.79kb] [文件加载：58]
[ info ] [ LANG ] /data/wwwroot/default/ecshoptp5/thinkphp/lang/zh-cn.php
[ info ] [ BIND ] 'index'
[ info ] [ ROUTE ] array (
  'type' => 'module',
  'module' => 
  array (
    0 => 'index',
    1 => 'goods',
    2 => 'goodsedital',
  ),
)
[ info ] [ HEADER ] array (
  'accept-encoding' => 'gzip',
  'connection' => 'Keep-Alive',
  'host' => 'ecshop.nichousha.xyz',
  'user-agent' => 'Mozilla/5.0 (X11; Ubuntu; Linux x86_64; rv:36.0) Gecko/20100101 Firefox/36.0',
  'content-type' => '',
  'content-length' => '',
)
[ info ] [ PARAM ] array (
  'goods_id' => '17',
)
[ info ] [ RUN ] app\index\controller\Goods->goodsEdital[ /data/wwwroot/default/ecshoptp5/application/index/controller/Goods.php ]
[ info ] [ DB ] INIT mysql
[ info ] [ SESSION ] INIT array (
  'id' => '',
  'var_session_id' => '',
  'prefix' => 'think',
  'type' => '',
  'auto_start' => true,
)
[ info ] [ VIEW ] /data/wwwroot/default/ecshoptp5/public/../application/index/view/goods/goodsedital.html [ array (
  0 => 'controllerName',
  1 => 'getCateInfo',
  2 => 'Info',
  3 => 'cartCount',
  4 => 'cartInfo',
  5 => 'priceNum',
  6 => 'cate',
  7 => 'cateF',
  8 => 'data',
) ]
[ info ] [ LOG ] INIT File
[ sql ] [ DB ] CONNECT:[ UseTime:0.000318s ] mysql:dbname=shop;host=127.0.0.1;port=3306;charset=utf8
[ sql ] [ SQL ] SHOW COLUMNS FROM `shop_category` [ RunTime:0.000552s ]
[ sql ] [ SQL ] SELECT * FROM `shop_category` WHERE  `cate_navshow` = 1 [ RunTime:0.000182s ]
[ sql ] [ SQL ] SELECT * FROM `shop_category` WHERE  `cate_show` = 1 [ RunTime:0.000139s ]
[ sql ] [ SQL ] SHOW COLUMNS FROM `shop_goods` [ RunTime:0.000588s ]
[ sql ] [ SQL ] SELECT * FROM `shop_goods` `g` INNER JOIN `shop_brand` `b` ON `g`.`brand_id`=`b`.`brand_id` INNER JOIN `shop_category` `c` ON `g`.`cate_id`=`c`.`cate_id` WHERE  `goods_id` = 17 LIMIT 1 [ RunTime:0.000226s ]
[ sql ] [ SQL ] SELECT * FROM `shop_category` WHERE  `cate_id` = 5 LIMIT 1 [ RunTime:0.000110s ]
[ sql ] [ SQL ] SELECT * FROM `shop_category` WHERE  `cate_id` = 1 LIMIT 1 [ RunTime:0.000042s ]

---------------------------------------------------------------
[ 2019-08-22T10:17:35+08:00 ] 172.17.20.138 47.101.202.31 GET /cart/cartlist.html
[ log ] ecshop.nichousha.xyz/cart/cartlist.html [运行时间：0.048573s][吞吐率：20.59req/s] [内存消耗：597.15kb] [文件加载：57]
[ info ] [ LANG ] /data/wwwroot/default/ecshoptp5/thinkphp/lang/zh-cn.php
[ info ] [ BIND ] 'index'
[ info ] [ ROUTE ] array (
  'type' => 'module',
  'module' => 
  array (
    0 => 'index',
    1 => 'cart',
    2 => 'cartlist',
  ),
)
[ info ] [ HEADER ] array (
  'accept-encoding' => 'gzip',
  'connection' => 'Keep-Alive',
  'host' => 'ecshop.nichousha.xyz',
  'user-agent' => 'Mozilla/5.0 (X11; Ubuntu; Linux x86_64; rv:36.0) Gecko/20100101 Firefox/36.0',
  'content-type' => '',
  'content-length' => '',
)
[ info ] [ PARAM ] array (
)
[ info ] [ RUN ] app\index\controller\Cart->cartList[ /data/wwwroot/default/ecshoptp5/application/index/controller/Cart.php ]
[ info ] [ DB ] INIT mysql
[ info ] [ SESSION ] INIT array (
  'id' => '',
  'var_session_id' => '',
  'prefix' => 'think',
  'type' => '',
  'auto_start' => true,
)
[ info ] [ VIEW ] /data/wwwroot/default/ecshoptp5/public/../application/index/view/cart/cartlist.html [ array (
  0 => 'controllerName',
  1 => 'getCateInfo',
  2 => 'Info',
  3 => 'cartCount',
  4 => 'cartInfo',
  5 => 'priceNum',
) ]
[ info ] [ LOG ] INIT File
[ sql ] [ DB ] CONNECT:[ UseTime:0.002809s ] mysql:dbname=shop;host=127.0.0.1;port=3306;charset=utf8
[ sql ] [ SQL ] SHOW COLUMNS FROM `shop_category` [ RunTime:0.002052s ]
[ sql ] [ SQL ] SELECT * FROM `shop_category` WHERE  `cate_navshow` = 1 [ RunTime:0.001180s ]
[ sql ] [ SQL ] SELECT * FROM `shop_category` WHERE  `cate_show` = 1 [ RunTime:0.001883s ]

---------------------------------------------------------------
[ 2019-08-22T10:17:35+08:00 ] 172.17.20.138 47.101.202.31 GET /goods/goodsedital.html?goods_id=22
[ log ] ecshop.nichousha.xyz/goods/goodsedital.html?goods_id=22 [运行时间：0.050103s][吞吐率：19.96req/s] [内存消耗：678.57kb] [文件加载：58]
[ info ] [ LANG ] /data/wwwroot/default/ecshoptp5/thinkphp/lang/zh-cn.php
[ info ] [ BIND ] 'index'
[ info ] [ ROUTE ] array (
  'type' => 'module',
  'module' => 
  array (
    0 => 'index',
    1 => 'goods',
    2 => 'goodsedital',
  ),
)
[ info ] [ HEADER ] array (
  'accept-encoding' => 'gzip',
  'connection' => 'Keep-Alive',
  'host' => 'ecshop.nichousha.xyz',
  'user-agent' => 'Mozilla/5.0 (X11; Ubuntu; Linux x86_64; rv:36.0) Gecko/20100101 Firefox/36.0',
  'content-type' => '',
  'content-length' => '',
)
[ info ] [ PARAM ] array (
  'goods_id' => '22',
)
[ info ] [ RUN ] app\index\controller\Goods->goodsEdital[ /data/wwwroot/default/ecshoptp5/application/index/controller/Goods.php ]
[ info ] [ DB ] INIT mysql
[ info ] [ SESSION ] INIT array (
  'id' => '',
  'var_session_id' => '',
  'prefix' => 'think',
  'type' => '',
  'auto_start' => true,
)
[ info ] [ VIEW ] /data/wwwroot/default/ecshoptp5/public/../application/index/view/goods/goodsedital.html [ array (
  0 => 'controllerName',
  1 => 'getCateInfo',
  2 => 'Info',
  3 => 'cartCount',
  4 => 'cartInfo',
  5 => 'priceNum',
  6 => 'cate',
  7 => 'cateF',
  8 => 'data',
) ]
[ info ] [ LOG ] INIT File
[ sql ] [ DB ] CONNECT:[ UseTime:0.001530s ] mysql:dbname=shop;host=127.0.0.1;port=3306;charset=utf8
[ sql ] [ SQL ] SHOW COLUMNS FROM `shop_category` [ RunTime:0.001818s ]
[ sql ] [ SQL ] SELECT * FROM `shop_category` WHERE  `cate_navshow` = 1 [ RunTime:0.002088s ]
[ sql ] [ SQL ] SELECT * FROM `shop_category` WHERE  `cate_show` = 1 [ RunTime:0.013285s ]
[ sql ] [ SQL ] SHOW COLUMNS FROM `shop_goods` [ RunTime:0.013095s ]
[ sql ] [ SQL ] SELECT * FROM `shop_goods` `g` INNER JOIN `shop_brand` `b` ON `g`.`brand_id`=`b`.`brand_id` INNER JOIN `shop_category` `c` ON `g`.`cate_id`=`c`.`cate_id` WHERE  `goods_id` = 22 LIMIT 1 [ RunTime:0.001457s ]
[ sql ] [ SQL ] SELECT * FROM `shop_category` WHERE  `cate_id` = 5 LIMIT 1 [ RunTime:0.001710s ]
[ sql ] [ SQL ] SELECT * FROM `shop_category` WHERE  `cate_id` = 1 LIMIT 1 [ RunTime:0.004289s ]

---------------------------------------------------------------
[ 2019-08-22T10:17:35+08:00 ] 172.17.20.138 47.101.202.31 GET /goods/goodsedital.html?goods_id=20
[ log ] ecshop.nichousha.xyz/goods/goodsedital.html?goods_id=20 [运行时间：0.054240s][吞吐率：18.44req/s] [内存消耗：678.55kb] [文件加载：58]
[ info ] [ LANG ] /data/wwwroot/default/ecshoptp5/thinkphp/lang/zh-cn.php
[ info ] [ BIND ] 'index'
[ info ] [ ROUTE ] array (
  'type' => 'module',
  'module' => 
  array (
    0 => 'index',
    1 => 'goods',
    2 => 'goodsedital',
  ),
)
[ info ] [ HEADER ] array (
  'accept-encoding' => 'gzip',
  'connection' => 'Keep-Alive',
  'host' => 'ecshop.nichousha.xyz',
  'user-agent' => 'Mozilla/5.0 (X11; Ubuntu; Linux x86_64; rv:36.0) Gecko/20100101 Firefox/36.0',
  'content-type' => '',
  'content-length' => '',
)
[ info ] [ PARAM ] array (
  'goods_id' => '20',
)
[ info ] [ RUN ] app\index\controller\Goods->goodsEdital[ /data/wwwroot/default/ecshoptp5/application/index/controller/Goods.php ]
[ info ] [ DB ] INIT mysql
[ info ] [ SESSION ] INIT array (
  'id' => '',
  'var_session_id' => '',
  'prefix' => 'think',
  'type' => '',
  'auto_start' => true,
)
[ info ] [ VIEW ] /data/wwwroot/default/ecshoptp5/public/../application/index/view/goods/goodsedital.html [ array (
  0 => 'controllerName',
  1 => 'getCateInfo',
  2 => 'Info',
  3 => 'cartCount',
  4 => 'cartInfo',
  5 => 'priceNum',
  6 => 'cate',
  7 => 'cateF',
  8 => 'data',
) ]
[ info ] [ LOG ] INIT File
[ sql ] [ DB ] CONNECT:[ UseTime:0.004113s ] mysql:dbname=shop;host=127.0.0.1;port=3306;charset=utf8
[ sql ] [ SQL ] SHOW COLUMNS FROM `shop_category` [ RunTime:0.001862s ]
[ sql ] [ SQL ] SELECT * FROM `shop_category` WHERE  `cate_navshow` = 1 [ RunTime:0.000612s ]
[ sql ] [ SQL ] SELECT * FROM `shop_category` WHERE  `cate_show` = 1 [ RunTime:0.010506s ]
[ sql ] [ SQL ] SHOW COLUMNS FROM `shop_goods` [ RunTime:0.016090s ]
[ sql ] [ SQL ] SELECT * FROM `shop_goods` `g` INNER JOIN `shop_brand` `b` ON `g`.`brand_id`=`b`.`brand_id` INNER JOIN `shop_category` `c` ON `g`.`cate_id`=`c`.`cate_id` WHERE  `goods_id` = 20 LIMIT 1 [ RunTime:0.001685s ]
[ sql ] [ SQL ] SELECT * FROM `shop_category` WHERE  `cate_id` = 5 LIMIT 1 [ RunTime:0.001701s ]
[ sql ] [ SQL ] SELECT * FROM `shop_category` WHERE  `cate_id` = 1 LIMIT 1 [ RunTime:0.002460s ]

---------------------------------------------------------------
[ 2019-08-22T10:17:35+08:00 ] 172.17.20.138 47.101.202.31 GET /goods/goodsedital.html?goods_id=126
[ log ] ecshop.nichousha.xyz/goods/goodsedital.html?goods_id=126 [运行时间：0.055551s][吞吐率：18.00req/s] [内存消耗：678.63kb] [文件加载：58]
[ info ] [ LANG ] /data/wwwroot/default/ecshoptp5/thinkphp/lang/zh-cn.php
[ info ] [ BIND ] 'index'
[ info ] [ ROUTE ] array (
  'type' => 'module',
  'module' => 
  array (
    0 => 'index',
    1 => 'goods',
    2 => 'goodsedital',
  ),
)
[ info ] [ HEADER ] array (
  'accept-encoding' => 'gzip',
  'connection' => 'Keep-Alive',
  'host' => 'ecshop.nichousha.xyz',
  'user-agent' => 'Mozilla/5.0 (X11; Ubuntu; Linux x86_64; rv:36.0) Gecko/20100101 Firefox/36.0',
  'content-type' => '',
  'content-length' => '',
)
[ info ] [ PARAM ] array (
  'goods_id' => '126',
)
[ info ] [ RUN ] app\index\controller\Goods->goodsEdital[ /data/wwwroot/default/ecshoptp5/application/index/controller/Goods.php ]
[ info ] [ DB ] INIT mysql
[ info ] [ SESSION ] INIT array (
  'id' => '',
  'var_session_id' => '',
  'prefix' => 'think',
  'type' => '',
  'auto_start' => true,
)
[ info ] [ VIEW ] /data/wwwroot/default/ecshoptp5/public/../application/index/view/goods/goodsedital.html [ array (
  0 => 'controllerName',
  1 => 'getCateInfo',
  2 => 'Info',
  3 => 'cartCount',
  4 => 'cartInfo',
  5 => 'priceNum',
  6 => 'cate',
  7 => 'cateF',
  8 => 'data',
) ]
[ info ] [ LOG ] INIT File
[ sql ] [ DB ] CONNECT:[ UseTime:0.006576s ] mysql:dbname=shop;host=127.0.0.1;port=3306;charset=utf8
[ sql ] [ SQL ] SHOW COLUMNS FROM `shop_category` [ RunTime:0.000756s ]
[ sql ] [ SQL ] SELECT * FROM `shop_category` WHERE  `cate_navshow` = 1 [ RunTime:0.001434s ]
[ sql ] [ SQL ] SELECT * FROM `shop_category` WHERE  `cate_show` = 1 [ RunTime:0.016248s ]
[ sql ] [ SQL ] SHOW COLUMNS FROM `shop_goods` [ RunTime:0.010158s ]
[ sql ] [ SQL ] SELECT * FROM `shop_goods` `g` INNER JOIN `shop_brand` `b` ON `g`.`brand_id`=`b`.`brand_id` INNER JOIN `shop_category` `c` ON `g`.`cate_id`=`c`.`cate_id` WHERE  `goods_id` = 126 LIMIT 1 [ RunTime:0.001160s ]
[ sql ] [ SQL ] SELECT * FROM `shop_category` WHERE  `cate_id` = 5 LIMIT 1 [ RunTime:0.001651s ]
[ sql ] [ SQL ] SELECT * FROM `shop_category` WHERE  `cate_id` = 1 LIMIT 1 [ RunTime:0.005823s ]

---------------------------------------------------------------
[ 2019-08-22T10:17:35+08:00 ] 172.17.20.138 47.101.202.31 GET /goods/goodsedital.html?goods_id=19
[ log ] ecshop.nichousha.xyz/goods/goodsedital.html?goods_id=19 [运行时间：0.051706s][吞吐率：19.34req/s] [内存消耗：678.76kb] [文件加载：58]
[ info ] [ LANG ] /data/wwwroot/default/ecshoptp5/thinkphp/lang/zh-cn.php
[ info ] [ BIND ] 'index'
[ info ] [ ROUTE ] array (
  'type' => 'module',
  'module' => 
  array (
    0 => 'index',
    1 => 'goods',
    2 => 'goodsedital',
  ),
)
[ info ] [ HEADER ] array (
  'accept-encoding' => 'gzip',
  'connection' => 'Keep-Alive',
  'host' => 'ecshop.nichousha.xyz',
  'user-agent' => 'Mozilla/5.0 (X11; Ubuntu; Linux x86_64; rv:36.0) Gecko/20100101 Firefox/36.0',
  'content-type' => '',
  'content-length' => '',
)
[ info ] [ PARAM ] array (
  'goods_id' => '19',
)
[ info ] [ RUN ] app\index\controller\Goods->goodsEdital[ /data/wwwroot/default/ecshoptp5/application/index/controller/Goods.php ]
[ info ] [ DB ] INIT mysql
[ info ] [ SESSION ] INIT array (
  'id' => '',
  'var_session_id' => '',
  'prefix' => 'think',
  'type' => '',
  'auto_start' => true,
)
[ info ] [ VIEW ] /data/wwwroot/default/ecshoptp5/public/../application/index/view/goods/goodsedital.html [ array (
  0 => 'controllerName',
  1 => 'getCateInfo',
  2 => 'Info',
  3 => 'cartCount',
  4 => 'cartInfo',
  5 => 'priceNum',
  6 => 'cate',
  7 => 'cateF',
  8 => 'data',
) ]
[ info ] [ LOG ] INIT File
[ sql ] [ DB ] CONNECT:[ UseTime:0.000881s ] mysql:dbname=shop;host=127.0.0.1;port=3306;charset=utf8
[ sql ] [ SQL ] SHOW COLUMNS FROM `shop_category` [ RunTime:0.001485s ]
[ sql ] [ SQL ] SELECT * FROM `shop_category` WHERE  `cate_navshow` = 1 [ RunTime:0.001377s ]
[ sql ] [ SQL ] SELECT * FROM `shop_category` WHERE  `cate_show` = 1 [ RunTime:0.006885s ]
[ sql ] [ SQL ] SHOW COLUMNS FROM `shop_goods` [ RunTime:0.018956s ]
[ sql ] [ SQL ] SELECT * FROM `shop_goods` `g` INNER JOIN `shop_brand` `b` ON `g`.`brand_id`=`b`.`brand_id` INNER JOIN `shop_category` `c` ON `g`.`cate_id`=`c`.`cate_id` WHERE  `goods_id` = 19 LIMIT 1 [ RunTime:0.001933s ]
[ sql ] [ SQL ] SELECT * FROM `shop_category` WHERE  `cate_id` = 5 LIMIT 1 [ RunTime:0.002147s ]
[ sql ] [ SQL ] SELECT * FROM `shop_category` WHERE  `cate_id` = 1 LIMIT 1 [ RunTime:0.000411s ]

---------------------------------------------------------------
[ 2019-08-22T10:17:35+08:00 ] 172.17.20.138 47.101.202.31 GET /goods/goodsedital.html?goods_id=18
[ log ] ecshop.nichousha.xyz/goods/goodsedital.html?goods_id=18 [运行时间：0.057489s][吞吐率：17.39req/s] [内存消耗：678.76kb] [文件加载：58]
[ info ] [ LANG ] /data/wwwroot/default/ecshoptp5/thinkphp/lang/zh-cn.php
[ info ] [ BIND ] 'index'
[ info ] [ ROUTE ] array (
  'type' => 'module',
  'module' => 
  array (
    0 => 'index',
    1 => 'goods',
    2 => 'goodsedital',
  ),
)
[ info ] [ HEADER ] array (
  'accept-encoding' => 'gzip',
  'connection' => 'Keep-Alive',
  'host' => 'ecshop.nichousha.xyz',
  'user-agent' => 'Mozilla/5.0 (X11; Ubuntu; Linux x86_64; rv:36.0) Gecko/20100101 Firefox/36.0',
  'content-type' => '',
  'content-length' => '',
)
[ info ] [ PARAM ] array (
  'goods_id' => '18',
)
[ info ] [ RUN ] app\index\controller\Goods->goodsEdital[ /data/wwwroot/default/ecshoptp5/application/index/controller/Goods.php ]
[ info ] [ DB ] INIT mysql
[ info ] [ SESSION ] INIT array (
  'id' => '',
  'var_session_id' => '',
  'prefix' => 'think',
  'type' => '',
  'auto_start' => true,
)
[ info ] [ VIEW ] /data/wwwroot/default/ecshoptp5/public/../application/index/view/goods/goodsedital.html [ array (
  0 => 'controllerName',
  1 => 'getCateInfo',
  2 => 'Info',
  3 => 'cartCount',
  4 => 'cartInfo',
  5 => 'priceNum',
  6 => 'cate',
  7 => 'cateF',
  8 => 'data',
) ]
[ info ] [ LOG ] INIT File
[ sql ] [ DB ] CONNECT:[ UseTime:0.009855s ] mysql:dbname=shop;host=127.0.0.1;port=3306;charset=utf8
[ sql ] [ SQL ] SHOW COLUMNS FROM `shop_category` [ RunTime:0.000877s ]
[ sql ] [ SQL ] SELECT * FROM `shop_category` WHERE  `cate_navshow` = 1 [ RunTime:0.019221s ]
[ sql ] [ SQL ] SELECT * FROM `shop_category` WHERE  `cate_show` = 1 [ RunTime:0.000446s ]
[ sql ] [ SQL ] SHOW COLUMNS FROM `shop_goods` [ RunTime:0.007535s ]
[ sql ] [ SQL ] SELECT * FROM `shop_goods` `g` INNER JOIN `shop_brand` `b` ON `g`.`brand_id`=`b`.`brand_id` INNER JOIN `shop_category` `c` ON `g`.`cate_id`=`c`.`cate_id` WHERE  `goods_id` = 18 LIMIT 1 [ RunTime:0.005148s ]
[ sql ] [ SQL ] SELECT * FROM `shop_category` WHERE  `cate_id` = 5 LIMIT 1 [ RunTime:0.004257s ]
[ sql ] [ SQL ] SELECT * FROM `shop_category` WHERE  `cate_id` = 1 LIMIT 1 [ RunTime:0.000239s ]

---------------------------------------------------------------
[ 2019-08-22T10:17:35+08:00 ] 172.17.20.138 47.101.202.31 GET /goods/goodsedital.html?goods_id=21
[ log ] ecshop.nichousha.xyz/goods/goodsedital.html?goods_id=21 [运行时间：0.059530s][吞吐率：16.80req/s] [内存消耗：678.55kb] [文件加载：58]
[ info ] [ LANG ] /data/wwwroot/default/ecshoptp5/thinkphp/lang/zh-cn.php
[ info ] [ BIND ] 'index'
[ info ] [ ROUTE ] array (
  'type' => 'module',
  'module' => 
  array (
    0 => 'index',
    1 => 'goods',
    2 => 'goodsedital',
  ),
)
[ info ] [ HEADER ] array (
  'accept-encoding' => 'gzip',
  'connection' => 'Keep-Alive',
  'host' => 'ecshop.nichousha.xyz',
  'user-agent' => 'Mozilla/5.0 (X11; Ubuntu; Linux x86_64; rv:36.0) Gecko/20100101 Firefox/36.0',
  'content-type' => '',
  'content-length' => '',
)
[ info ] [ PARAM ] array (
  'goods_id' => '21',
)
[ info ] [ RUN ] app\index\controller\Goods->goodsEdital[ /data/wwwroot/default/ecshoptp5/application/index/controller/Goods.php ]
[ info ] [ DB ] INIT mysql
[ info ] [ SESSION ] INIT array (
  'id' => '',
  'var_session_id' => '',
  'prefix' => 'think',
  'type' => '',
  'auto_start' => true,
)
[ info ] [ VIEW ] /data/wwwroot/default/ecshoptp5/public/../application/index/view/goods/goodsedital.html [ array (
  0 => 'controllerName',
  1 => 'getCateInfo',
  2 => 'Info',
  3 => 'cartCount',
  4 => 'cartInfo',
  5 => 'priceNum',
  6 => 'cate',
  7 => 'cateF',
  8 => 'data',
) ]
[ info ] [ LOG ] INIT File
[ sql ] [ DB ] CONNECT:[ UseTime:0.000300s ] mysql:dbname=shop;host=127.0.0.1;port=3306;charset=utf8
[ sql ] [ SQL ] SHOW COLUMNS FROM `shop_category` [ RunTime:0.012529s ]
[ sql ] [ SQL ] SELECT * FROM `shop_category` WHERE  `cate_navshow` = 1 [ RunTime:0.019175s ]
[ sql ] [ SQL ] SELECT * FROM `shop_category` WHERE  `cate_show` = 1 [ RunTime:0.003975s ]
[ sql ] [ SQL ] SHOW COLUMNS FROM `shop_goods` [ RunTime:0.004518s ]
[ sql ] [ SQL ] SELECT * FROM `shop_goods` `g` INNER JOIN `shop_brand` `b` ON `g`.`brand_id`=`b`.`brand_id` INNER JOIN `shop_category` `c` ON `g`.`cate_id`=`c`.`cate_id` WHERE  `goods_id` = 21 LIMIT 1 [ RunTime:0.008243s ]
[ sql ] [ SQL ] SELECT * FROM `shop_category` WHERE  `cate_id` = 5 LIMIT 1 [ RunTime:0.000763s ]
[ sql ] [ SQL ] SELECT * FROM `shop_category` WHERE  `cate_id` = 1 LIMIT 1 [ RunTime:0.000896s ]

---------------------------------------------------------------
